number,value,params_l2_regularization,params_learning_rate,params_max_bins,params_max_iter,params_max_leaf_nodes,params_min_samples_leaf,state,duration,user_attrs_robust_objective,user_attrs_season_2021_brier,user_attrs_season_2021_fit_seconds,user_attrs_season_2021_normalized_brier,user_attrs_season_2022_brier,user_attrs_season_2022_fit_seconds,user_attrs_season_2022_normalized_brier,user_attrs_season_2023_brier,user_attrs_season_2023_fit_seconds,user_attrs_season_2023_normalized_brier,user_attrs_weighted_mean_normalized_brier,user_attrs_weighted_std_normalized_brier
0,1.0036016319125765,5.0,0.04,255,300,31,200,COMPLETE,0 days 00:00:28.253899,1.0036016319125765,0.24611768409923285,6.666769708001084,0.9887155807196213,0.2435943462359823,9.22126224999738,0.9776481735986935,0.25355371880714217,12.245522958000947,1.0142148826481114,0.9994199746440126,0.016726629074255536
1,1.0052469039183496,5.675206026988748,0.029345405892355497,255,500,63,364,COMPLETE,0 days 00:01:00.909423,1.0052469039183496,0.24655062929612936,14.34021012499943,0.9904548286055909,0.24379969899663634,20.1424077499978,0.9784723419527586,0.25402237011528445,26.280110957999568,1.0160894878943942,1.000959145218583,0.0171510347990661
2,1.0039566862550184,0.22158645374549912,0.06665880762764659,255,200,31,374,COMPLETE,0 days 00:00:19.958702,1.0039566862550184,0.24615568167051793,4.926767209002719,0.9888682263569983,0.24369380999670986,6.545470958000806,0.9780473641608601,0.253648631864622,8.352885416999925,1.014594534880808,0.9997714373862522,0.016740995475064656
3,1.004485791825265,22.413234378101137,0.033961173423533136,127,450,47,94,COMPLETE,0 days 00:00:51.139257,1.004485791825265,0.246171707703857,12.76103004199831,0.9889326068947782,0.2435796630186888,16.667621665998013,0.9775892435751057,0.2538770879482363,21.560134667000966,1.0155083592219505,1.0001462616788213,0.01735812058577479
4,1.0038158890886733,4.376712630340954,0.02588968965098415,255,150,63,153,COMPLETE,0 days 00:00:29.151723,1.0038158890886733,0.24596227522411387,7.778662833999988,0.9880912648490466,0.24351515076974428,9.970367499998247,0.9773303283608165,0.2536865964360022,11.230518249998568,1.0147463931674399,0.9995233044776939,0.01717033844391721
5,1.0021912080203976,0.3058252321378967,0.03994979421119116,255,200,7,99,COMPLETE,0 days 00:00:18.582560,1.0021912080203976,0.24564896945651268,4.340301041997009,0.9868326381270769,0.24364019353680152,6.131342666998535,0.9778321784025937,0.2531024234343567,7.948983666999993,1.0124097011437636,0.9981998848689096,0.015965292605952003
6,1.0022888535259133,27.838036931305016,0.030098231484990676,127,250,7,96,COMPLETE,0 days 00:00:26.030603,1.0022888535259133,0.2457040795545236,6.121115458001441,0.9870540290147647,0.2435816174574681,8.152268917001493,0.9775970875728525,0.25314639830713526,11.576243084000453,1.0125856006361647,0.998259310973961,0.016118170207809212
7,1.0031348084549645,3.499331111708852,0.015149151241893618,127,450,23,707,COMPLETE,0 days 00:00:56.641144,1.0031348084549645,0.2458296396362823,12.692055542000162,0.9875584349033768,0.24346995075095298,19.239748542000598,0.9771489213762096,0.2534716691236471,24.539643542000704,1.0138866839117302,0.998916117799821,0.01687476262057414
8,1.0031741693312917,2.4566974547738343,0.02618680664579013,127,250,23,546,COMPLETE,0 days 00:00:33.847648,1.0031741693312917,0.245787743791403,7.355452208001225,0.9873901289372647,0.24346619788376378,11.63327924999976,0.9771338595169753,0.25349525257461997,14.675268250000954,1.0139810177163118,0.9989382369396538,0.016943729566551602
9,1.004118923895399,0.41450242860409475,0.03826982390429748,255,300,31,792,COMPLETE,0 days 00:00:34.971308,1.004118923895399,0.2461089585192544,8.68236812500254,0.988680527907764,0.24368426139563168,11.51356179099821,0.978009041545624,0.2537206538916905,14.563148790999549,1.0148826229911896,0.9998902342950061,0.016914758401570754
10,1.0022123066451485,0.5769283059996485,0.04090091232014049,255,200,7,101,COMPLETE,0 days 00:00:19.659419,1.0022123066451485,0.2456669823120415,4.32884712500163,0.986905000220763,0.24364408032554616,6.026180625001871,0.9778477777462405,0.253105764598272,9.141514667000592,1.0124230657995226,0.9982227695467241,0.015958148393697334
11,1.0020951612388875,0.32615348383891873,0.0395560048507667,255,150,7,106,COMPLETE,0 days 00:00:17.087465,1.0020951612388875,0.2456565217681279,4.4660727080008655,0.9868629776298711,0.24365611789816277,5.808500291997916,0.9778960896675353,0.2530604656156348,6.589399541000603,1.012241869867648,0.9981313019719478,0.015855437067759198
12,1.005102093239488,0.15231848363112407,0.06660845948644586,255,200,63,144,COMPLETE,0 days 00:00:28.928609,1.005102093239488,0.2465451585547904,8.494973417000438,0.9904328512851894,0.2438352905771552,9.03495720799765,0.9786151861699066,0.25395875210433877,11.229436792000342,1.01583501584875,1.0008587422605628,0.016973403915700975
13,1.0021655076705143,0.13092144909631676,0.01926582399623248,255,150,7,160,COMPLETE,0 days 00:00:16.435390,1.0021655076705143,0.24581213044748645,3.6774149170014425,0.9874880961634704,0.24384267595893508,5.403599458000826,0.9786448268619834,0.2530010739623635,7.119742917002441,1.012004303252825,0.9983190292721694,0.015385913593379564
14,1.0022341822592695,0.22312386485332703,0.016543371300865965,127,150,7,90,COMPLETE,0 days 00:00:16.981096,1.0022341822592695,0.24589474062572003,3.8242477089988824,0.9878199616718125,0.24393282451193488,6.0759342499986815,0.9790066315161334,0.25298389626189793,6.891249124997557,1.01193559245046,0.9984395595533649,0.015178490823618036
15,1.00293115322755,0.14253276243198962,0.01732851995769131,255,150,23,237,COMPLETE,0 days 00:00:23.997130,1.00293115322755,0.24587225196197499,5.828467125000316,0.9877296191500402,0.24360887055294425,8.255660000002536,0.9777064658873695,0.2533457945634971,9.72439970800042,1.0133831856674467,0.9988321347558126,0.01639607388695007
16,1.0030086427468483,0.16134353943034774,0.023469342009584317,255,200,31,104,COMPLETE,0 days 00:00:30.101234,1.0030086427468483,0.2458564883203219,7.05926341599843,0.9876662927045297,0.24351594731859544,10.341942208000546,0.9773335252516373,0.25340576501013024,12.521342500000173,1.013623067455734,0.9988426885818245,0.016663816660095438
17,1.002184059730987,0.26206018607719467,0.020099101328154022,255,300,7,221,COMPLETE,0 days 00:00:29.235866,1.002184059730987,0.24566530645410328,6.971382874999108,0.9868982678851299,0.24363707791171427,9.629311458000302,0.9778196740681407,0.25309770462023906,12.448119166998367,1.012390825887155,0.998195596641147,0.01595385235936042
18,1.002024281900652,0.10103797296516422,0.02267386982506261,255,150,7,151,COMPLETE,0 days 00:00:15.613243,1.002024281900652,0.24575519268131335,3.6505662909985404,0.9872593630809504,0.24376496500597755,5.132670750001125,0.9783329396100767,0.2529827416963034,6.660493415998644,1.0119309741880482,0.9981508221485922,0.015493839008238877
19,1.0054263024508736,0.8794329830869061,0.0632508595102458,127,300,47,123,COMPLETE,0 days 00:00:35.597887,1.0054263024508736,0.24664567443729568,8.972714333001932,0.9908366484341284,0.2437156655218784,11.629580374999932,0.9781350797199206,0.2540963610810076,14.81637554199915,1.016385451759452,1.001078019648794,0.017393131208318285
