number,value,params_catboost_fraction_of_remainder,params_official_weight,user_attrs_catboost_weight,user_attrs_residual_weight,state
202,1.0032308896074675,0.982075442495878,0.5010308353455463,0.49002536316982126,0.00894380148463249,COMPLETE
203,1.0032380400607583,0.9783053910347084,0.5028605933925501,0.4863541615798642,0.010785245027585745,COMPLETE
204,1.0033273677418841,0.8899650798214678,0.5015772793030782,0.4435788164098692,0.05484390428705266,COMPLETE
205,1.003314927651516,0.9955806107432459,0.5471855919192209,0.4508132449504034,0.0020011631303756684,COMPLETE
206,1.0033500986799622,0.8719769677176158,0.50247290398769,0.4338321685381652,0.06369492747414483,COMPLETE
207,1.0045207520064872,0.9556085175155251,0.986973879508497,0.012447871691863765,0.000578248799639214,COMPLETE
208,1.0034015990616019,0.960672852353025,0.5737519282701451,0.4094849508786965,0.016763120851158386,COMPLETE
209,1.0032155152560613,0.9983248465744282,0.5006573041300374,0.4985062202424418,0.0008364756275208178,COMPLETE
210,1.0033716738707754,0.9872224933852096,0.5701607386362219,0.42434698735840587,0.005492274005372286,COMPLETE
211,1.003231664075377,0.9896695619135695,0.5048364416413924,0.4900483018763274,0.005115256482280226,COMPLETE
212,1.0032396000129655,0.9977108280272106,0.5121979160751767,0.4866854210660343,0.001116662858788987,COMPLETE
213,1.0032329161500353,0.9975398599173252,0.5088667698033342,0.4899249736511254,0.0012082565455403722,COMPLETE
214,1.0034426487008186,0.8605728469045877,0.5457139187979718,0.39094626620915807,0.0633398149928701,COMPLETE
215,1.0033828555407431,0.8421091379564556,0.5001071937651034,0.4209643001291023,0.07892850610579434,COMPLETE
216,1.003248997040369,0.9619967951932973,0.5005868003970415,0.48043389749527654,0.018979302107681936,COMPLETE
217,1.0033194550021756,0.9997378659715492,0.5508670447715944,0.44901522219754153,0.0001177330308640198,COMPLETE
218,1.00347772592155,0.8656441055878196,0.5669259195906295,0.37488802498923696,0.05818605542013351,COMPLETE
219,1.0033326016040134,0.8840561753613394,0.5006900293577982,0.4414180629657276,0.05789190767647422,COMPLETE
220,1.0033706275833156,0.99991899791813,0.5742537110165095,0.42571180264773445,3.4486335756092554e-05,COMPLETE
221,1.0032499654269411,0.9908081628487211,0.5143081398014,0.48122745971395275,0.004464400484647256,COMPLETE
222,1.0032150090554355,0.9996841248217773,0.5009961299055189,0.4988462471580812,0.0001576229363999289,COMPLETE
223,1.0032541074606434,0.9790892071691973,0.5111870688233023,0.47859146523984436,0.010221465936853323,COMPLETE
224,1.0033548756619781,0.998294854803805,0.5665630260048322,0.4326979010211066,0.0007390729740611678,COMPLETE
225,1.0033356411390475,0.9984723696104594,0.5578504570027653,0.4414741019186307,0.0006754410786040746,COMPLETE
226,1.0032617223377716,0.9913927207981124,0.5202616099212025,0.4756091478115252,0.004129242267272294,COMPLETE
227,1.0032165706372753,0.9973857629941534,0.5007701026131002,0.49792479211472596,0.0013051052721738444,COMPLETE
228,1.0032381476299737,0.9878225124636703,0.507217405453097,0.48678174064368784,0.0060008539032151455,COMPLETE
229,1.0034042707491713,0.8319489023217576,0.5050369935720795,0.4117839298875855,0.08317907654033502,COMPLETE
230,1.0044855736209222,0.21240150099108568,0.6269970362565884,0.07922638937322413,0.29377657437018745,COMPLETE
231,1.0032636837047455,0.946796560828659,0.5003948185454289,0.4730244675733661,0.02658071388120504,COMPLETE
232,1.003218951804784,0.999003613104475,0.5026451180155069,0.4968593240976584,0.0004955578868347058,COMPLETE
233,1.0043831813845918,0.4940196079175678,0.9111799794610599,0.043878831721877516,0.0449411888170626,COMPLETE
234,1.0032288545894164,0.9913541280189263,0.5041931984374367,0.4915201194289078,0.004286682133655531,COMPLETE
235,1.0032276813634404,0.991358519978745,0.5036158393112043,0.492094666881336,0.004289493807459648,COMPLETE
236,1.0033327492369832,0.8836338618274631,0.5004996522824786,0.44137542123779405,0.05812492647972734,COMPLETE
237,1.0034442706630216,0.8888325222462674,0.5620635406553159,0.3892521677429355,0.04868429160174858,COMPLETE
238,1.0033662724860535,0.8593006757379704,0.5029415493165478,0.42712266255355913,0.06993578812989308,COMPLETE
239,1.003305099365165,0.9104343665144305,0.5019904073639859,0.45340504798967907,0.04460454464633498,COMPLETE
240,1.003359970368976,0.9941412747229253,0.5673723429549703,0.4300930104551384,0.0025346465898912983,COMPLETE
241,1.0033374629306449,0.9998710435443963,0.5592000771642747,0.44074307884004604,5.6843995679294944e-05,COMPLETE
242,1.0032599187618458,0.9859923728989917,0.5170816698865138,0.4761537902250148,0.006764539888471359,COMPLETE
243,1.0032242276841514,0.9921053039068424,0.5022384628901032,0.49383186104755117,0.003929676062345637,COMPLETE
244,1.0032755713295987,0.9402628862735987,0.5030915862244413,0.4672245393502425,0.029683874425316243,COMPLETE
245,1.003231710596071,0.9967745000956711,0.5079504919023339,0.49046240245637207,0.0015871056412940822,COMPLETE
246,1.0038081860889285,0.5843444950133914,0.5177473561637231,0.2818016776313821,0.20045096620489478,COMPLETE
247,1.003230194493042,0.9944546853635867,0.506207901012579,0.49105386643356086,0.0027382325538601805,COMPLETE
248,1.003226251134705,0.9850174602114654,0.5000634300982232,0.49244625035147993,0.0074903195502968745,COMPLETE
249,1.0034938841365373,0.8543319644094026,0.5691141419840949,0.3681195615149591,0.06276629650094595,COMPLETE
250,1.0032446619370174,0.9663914662028422,0.5005414681605298,0.48267246289186455,0.01678606894760564,COMPLETE
251,1.003227707996618,0.9949457665692355,0.5051986459077681,0.4923005125467914,0.0025008415454405007,COMPLETE
252,1.0033953543029968,0.8343552049286815,0.5016017806791121,0.4158411484175694,0.08255707090331851,COMPLETE
253,1.0034287216094089,0.9990079089929719,0.5996551950531843,0.39994762646611753,0.0003971784806981661,COMPLETE
254,1.0032487667239556,0.9636840918292444,0.5012974581445154,0.4805917061409384,0.01811083571454617,COMPLETE
255,1.0032320998516733,0.9953347943418774,0.5075231425573196,0.4901793516208444,0.002297505821836011,COMPLETE
256,1.0033504542375866,0.9979759357747731,0.5644378149862882,0.43468057917716385,0.0008816058365479318,COMPLETE
257,1.0034938439115468,0.8554776858604038,0.5697245756567324,0.36809102429978185,0.06218440004348576,COMPLETE
258,1.003462302157112,0.8971855317019166,0.5751139264226869,0.38120163783520133,0.04368443574211178,COMPLETE
259,1.0041707796738593,0.4364228103622999,0.7277922040457755,0.11879769131287014,0.15341010464135435,COMPLETE
260,1.003260750645492,0.9534244472292737,0.5022847987705997,0.4745338406097477,0.02318136061965261,COMPLETE
261,1.003482690426912,0.8708512559349734,0.5722112812446931,0.3725403430028721,0.05524837575243479,COMPLETE
262,1.0032358232325267,0.9818087309392793,0.5033657392207069,0.4875998533166849,0.009034407462608232,COMPLETE
263,1.0032419212942498,0.9747550548426985,0.5031476767387814,0.48430931360921137,0.012543009652007286,COMPLETE
264,1.0032388107128138,0.9939103553262298,0.5101957547379012,0.4868215114487484,0.002982733813350351,COMPLETE
265,1.0033177517691627,0.9979256472999105,0.5493940570197036,0.4496712273257989,0.0009347156544975478,COMPLETE
266,1.0034598650528566,0.8607727523002073,0.5549407919796276,0.38309483942424644,0.06196436859612593,COMPLETE
267,1.0034191723596226,0.9943142764243452,0.5939186547256676,0.4037724789958725,0.0023088662784598794,COMPLETE
268,1.0033659656593128,0.9892616919505718,0.5683131118118889,0.4270513014018481,0.004635586786263011,COMPLETE
269,1.0033945110576896,0.8373964476635067,0.503407805618853,0.41584453951219813,0.08074765486894887,COMPLETE
270,1.0034622356442164,0.8590719699381955,0.555214590496914,0.38210267794158304,0.06268273156150295,COMPLETE
271,1.0032291800754427,0.992058779250515,0.5046636163643367,0.49140280806796094,0.003933575567702392,COMPLETE
272,1.0033626587605236,0.9879430159533558,0.5663156206973502,0.42845545366011895,0.005228925642530856,COMPLETE
273,1.003375170896153,0.8496413769097141,0.5011805498844698,0.4238176444255055,0.07500180569002468,COMPLETE
274,1.0032361279812072,0.9917107020491982,0.5079300725013695,0.487991013256965,0.004078914241665588,COMPLETE
275,1.0033277688676752,0.8934396798916373,0.5039531024445074,0.4431879813632191,0.05285891619227349,COMPLETE
276,1.0032355381299507,0.9978542701576721,0.5102802010956731,0.4886689925174391,0.0010508063868878124,COMPLETE
277,1.0043219610577534,0.759887255473805,0.9106919721549499,0.06786403217095327,0.021443995674096824,COMPLETE
278,1.0052415628154703,0.014916006378173752,0.5164760769423237,0.0072122459203278946,0.47631167713734845,COMPLETE
279,1.0032431535086894,0.9993870283420117,0.5146252922666635,0.4850771867939916,0.0002975209393449132,COMPLETE
280,1.0034117177730877,0.8199435683841532,0.5000732204134677,0.40991174758497934,0.09001503200155299,COMPLETE
281,1.0032260945653326,0.9998218217951899,0.5065014723921754,0.493410596926099,8.793068172561055e-05,COMPLETE
282,1.0033631107991319,0.8704665747993886,0.508701630435849,0.4276588089590307,0.06363956060512029,COMPLETE
283,1.0033176715181964,0.8962989337604355,0.5002506481438597,0.44792481121612726,0.05182454064001306,COMPLETE
284,1.0032452418699476,0.9982844201304701,0.515177234016983,0.48399101380540677,0.0008317521776102499,COMPLETE
285,1.0033665062532033,0.9985643463320403,0.5719211133673123,0.42746431360891735,0.000614573023770333,COMPLETE
286,1.003464895026179,0.8797778916711426,0.5678184300827382,0.38022379040093307,0.05195777951632869,COMPLETE
287,1.0032477857467903,0.9673245737952092,0.5025662346885976,0.48117990502119845,0.01625386029020396,COMPLETE
288,1.003353984106712,0.9861502235049674,0.5616629233909468,0.43226620606853183,0.0060708705405213715,COMPLETE
289,1.0033225075859133,0.9931237910403917,0.5497676740403273,0.4471364344060035,0.003095891553669175,COMPLETE
290,1.0033749302708035,0.8531802913568243,0.5035769911949128,0.4235383272885556,0.07288468151653156,COMPLETE
291,1.003306812608475,0.9995897547137425,0.5449429910406667,0.4548703239664293,0.0001866849929040257,COMPLETE
292,1.0032298977783984,0.9813180834394806,0.5001873649149199,0.49047517714052735,0.009337457944552815,COMPLETE
293,1.0033098235007916,0.9037449386888031,0.5005513815352746,0.45137416107261075,0.04807445739211473,COMPLETE
294,1.0033258819501432,0.9960041393622693,0.5524316423239898,0.44577993689287887,0.001788420783131353,COMPLETE
295,1.0032282021535424,0.9848423449565946,0.500955539028048,0.491480117181217,0.007564343790735029,COMPLETE
296,1.0033192488755878,0.895797085247494,0.5007952905465236,0.4471861236702463,0.05201858578323012,COMPLETE
297,1.0032351188581687,0.9817268720746679,0.5029779953997867,0.48793985792844863,0.009082146671764693,COMPLETE
298,1.0032302223044143,0.9893934964058887,0.5040018868882733,0.4907373073423347,0.005260805769391955,COMPLETE
299,1.0035471982940214,0.8484065504390677,0.5933630407515267,0.34499345987702895,0.061643499371444345,COMPLETE
300,1.0032305489868252,0.9989303711358455,0.5083012046504296,0.49117286012559447,0.0005259352239759043,COMPLETE
301,1.003231493202381,0.9865534287875914,0.5033633722750206,0.48995856794358505,0.006678059781394372,COMPLETE
302,1.0032252896221057,0.9932992725930794,0.5032887924062731,0.49338288119167895,0.003328326402047926,COMPLETE
303,1.0035068951624666,0.8373520645580865,0.5662851797326955,0.36317200018026685,0.07054282008703765,COMPLETE
304,1.0035063123687242,0.8401753572944263,0.5676274804458291,0.36326873610071686,0.06910378345345405,COMPLETE
305,1.0033958556797897,0.9864344406228283,0.5808133839021742,0.41350011516703505,0.005686500930790752,COMPLETE
306,1.0044045968513269,0.2013578488184165,0.7769705055455082,0.04490873922641543,0.1781207552280764,COMPLETE
307,1.0032241261680104,0.9995586531620638,0.5054250789889402,0.49435664193354906,0.0002182790775107643,COMPLETE
308,1.003359360277463,0.864252255142776,0.5024486873901287,0.4300098439723296,0.0675414686375417,COMPLETE
309,1.003388151474825,0.8396789334006749,0.501390203168731,0.4186721423864072,0.07993765444486184,COMPLETE
310,1.0032255828221943,0.9954914714557187,0.5043899400908329,0.4933755878072336,0.0022344721019334443,COMPLETE
311,1.0034024608684255,0.9847352508298279,0.5831732745307194,0.41046397005756785,0.00636275541171274,COMPLETE
312,1.0032136039827975,0.9994839802184551,0.5002163100792569,0.49952579165025046,0.0002578982704926152,COMPLETE
313,1.0034799465868214,0.8793728264719379,0.5751705691311454,0.3735834573916095,0.05124597347724518,COMPLETE
314,1.0032393888218676,0.9707947777922973,0.5000038154841272,0.4853936848440832,0.014602499671789594,COMPLETE
315,1.0033821346844913,0.9882173062709398,0.575269341893908,0.41972618684428575,0.005004471261806243,COMPLETE
316,1.0034525803727312,0.8842860810004813,0.563921988759572,0.3856177155702819,0.05046029567014607,COMPLETE
317,1.0036371414777254,0.9759264565077513,0.6803066079541709,0.3119972392682294,0.0076961527775997705,COMPLETE
318,1.0033499511265314,0.9914189263338721,0.5617934912354619,0.43444622643185293,0.003760282332685234,COMPLETE
319,1.003376283231973,0.9995619336508591,0.5766661738353956,0.4231483778609086,0.00018544830369577562,COMPLETE
320,1.0032355580924737,0.9846118881714361,0.5045049401078109,0.4878703265000671,0.007624733392121984,COMPLETE
321,1.0037935271133913,0.6386561692975361,0.5916015643167247,0.26082618048058676,0.14757225520268852,COMPLETE
322,1.0044635141232106,0.29719723135420173,0.9362388707153158,0.018949631091425473,0.044811498193258775,COMPLETE
323,1.0032207003614213,0.9976664619958947,0.5029287385691915,0.4959113267515112,0.0011599346792973506,COMPLETE
324,1.003247788231873,0.9977440154320566,0.516184639130163,0.4827238808819807,0.0010914799878563208,COMPLETE
325,1.003467329176605,0.8605327544784499,0.5587196806383956,0.3797361687173715,0.061544150644232916,COMPLETE
326,1.0032448796166655,0.9933065803944132,0.5128994745614129,0.4838401572317248,0.0032603682068622613,COMPLETE
327,1.0034762728447473,0.8528012187126273,0.5590133131416317,0.3760739839888602,0.06491270286950808,COMPLETE
328,1.0034409311627146,0.8379056332607111,0.5304414854038048,0.3934457245256838,0.07611279007051142,COMPLETE
329,1.003225527594354,0.9987351822448234,0.5057603611644328,0.4936145157650559,0.0006251230705113042,COMPLETE
330,1.0033906672198443,0.9921422449129407,0.5805107980197394,0.4161929585694338,0.00329624341082685,COMPLETE
331,1.0033550710184138,0.9964275319308997,0.5659760494572591,0.4324734138382022,0.0015505367045386994,COMPLETE
332,1.0034537576280536,0.8826530272257019,0.5636755232094155,0.38512312029187995,0.05120135649870457,COMPLETE
333,1.003235211684751,0.9921095763611356,0.5076537555107647,0.4884614240432113,0.0038848204460239662,COMPLETE
334,1.0033788429658335,0.8580743676493073,0.5091999484086187,0.4211429439115219,0.06965710767985937,COMPLETE
335,1.00342527781679,0.8101122320484047,0.5002798452917762,0.4048294099302533,0.09489074477797053,COMPLETE
336,1.003216557924789,0.996004737865575,0.5001603774123148,0.49784263227027536,0.0019969903174098746,COMPLETE
337,1.0032393448307209,0.9775714126836299,0.5031718028963241,0.48568504250370137,0.011143154599974527,COMPLETE
338,1.003216361353543,0.9982942555120402,0.5010616771757871,0.49808726153022365,0.0008510612939893049,COMPLETE
339,1.003361788075915,0.8654757516689575,0.5046451125857377,0.42871764352775044,0.06663724388651181,COMPLETE
340,1.0033403454013052,0.8805602609852491,0.5026984424352328,0.4379039893176023,0.059397568247164925,COMPLETE
341,1.0033452425355796,0.9958400274153648,0.5612774499057651,0.43689747631358167,0.001825073780653254,COMPLETE
342,1.003297479043815,0.9959749236942727,0.5391724258656536,0.45897270798467243,0.0018548661496739709,COMPLETE
343,1.0032410098122273,0.9878527194129779,0.5086397112277942,0.4853915974751697,0.00596869129703618,COMPLETE
344,1.00321571650818,0.9968926331432756,0.5001328094681181,0.49831391979125916,0.0015532707406227175,COMPLETE
345,1.0033406630634942,0.8855913438468026,0.5060737321612269,0.4374168272965749,0.05650944054219828,COMPLETE
346,1.004080940432796,0.6627388112213571,0.7875134070947303,0.1408231119825149,0.0716634809227548,COMPLETE
347,1.0033724947256533,0.9959218584452171,0.5736823533282698,0.424579062961301,0.001738583710429246,COMPLETE
348,1.0033207684822079,0.8938640039502089,0.5004226808009933,0.4465541828219357,0.05302313637707099,COMPLETE
349,1.003344781913919,0.8737865738698815,0.5007149611114008,0.43626856351495963,0.06301647537363958,COMPLETE
350,1.0032407625795985,0.9935450341380258,0.5109927875699007,0.4858506875676038,0.0031565248624954804,COMPLETE
351,1.0032464756688506,0.9687161773075924,0.502574540606621,0.48186408951902715,0.015561369874351862,COMPLETE
352,1.0033993203277225,0.9923251291504553,0.5844424917741572,0.4123681580196509,0.003189350206191935,COMPLETE
353,1.0034599262982549,0.8748556198299684,0.5627273993998055,0.3825503920327453,0.054722208567449124,COMPLETE
354,1.0032218578904957,0.9987275224181215,0.5039556860166367,0.4954131087142012,0.0006312052691621492,COMPLETE
355,1.0033353697811713,0.9975189740531568,0.5573727089459257,0.44152912126018823,0.0010981697938860686,COMPLETE
356,1.0032345686950108,0.9871293755532177,0.5051433735992221,0.4884875126073718,0.006369113793406082,COMPLETE
357,1.003241077497785,0.9717499299902849,0.5013083723495059,0.4846035542561089,0.01408807339438525,COMPLETE
358,1.003323687514537,0.891177833121667,0.5003331148921275,0.44529205195308674,0.05437483315478575,COMPLETE
359,1.0033811452474335,0.992402515733209,0.5763262474078757,0.4204548979225533,0.0032188546695709522,COMPLETE
360,1.003221509860538,0.9958284819810086,0.5025297069568189,0.4953950867518386,0.0020752062913425647,COMPLETE
361,1.0032334657405446,0.9852434371518187,0.5037522134313629,0.4889248749178662,0.007322911650770941,COMPLETE
362,1.003490762430487,0.8425842930151777,0.5607448041458556,0.3701095286520077,0.06914566720213673,COMPLETE
363,1.0033667145684144,0.995919732533368,0.5710725000729837,0.4271773610035203,0.00175013892349602,COMPLETE
364,1.003243889809847,0.9838427195166541,0.508279627343661,0.48377550867595526,0.00794486398038382,COMPLETE
365,1.0033124510980669,0.9030213049301947,0.5015263468096142,0.4501323287773036,0.0483413244130823,COMPLETE
366,1.0032234453453304,0.996418562603374,0.5037399545117172,0.4944827212029198,0.0017773242853630436,COMPLETE
367,1.003480759792434,0.8432418100090284,0.5557686356256654,0.37459445975779415,0.06963690461654047,COMPLETE
368,1.003584436826719,0.7045570092837452,0.5017246931077125,0.35106336002397037,0.1472119468683171,COMPLETE
369,1.0034421779501435,0.8757083189580216,0.5540727256212215,0.39050222382377264,0.055425050555005934,COMPLETE
370,1.0044933696222618,0.0703986096599909,0.9179930555093627,0.005773174874604914,0.07623376961603237,COMPLETE
371,1.0033584735406258,0.8640099279892705,0.501782701858057,0.4304646918906291,0.06775260625131395,COMPLETE
372,1.0032432157280238,0.9782945904101493,0.505433045497195,0.48383217618571656,0.010734778317088427,COMPLETE
373,1.0034854146550938,0.8758672048287477,0.5761487073360053,0.37123744696866456,0.052613845695330175,COMPLETE
374,1.0033504869278098,0.9954313700695404,0.5635238228183096,0.43448207905468555,0.0019940981270048534,COMPLETE
375,1.0033974662590421,0.9996329776851374,0.5861269901814324,0.4137211091884448,0.0001519006301227749,COMPLETE
376,1.003387895235024,0.8406817570613525,0.5019899618332969,0.4186679539201752,0.07934208424652792,COMPLETE
377,1.0032768606106095,0.9998724071345334,0.5309761880157933,0.46896396789206357,5.9844092143131367e-05,COMPLETE
378,1.0034006182670556,0.8304412760699122,0.5017138836810506,0.413797358283829,0.08448875803512033,COMPLETE
379,1.003239899405474,0.9741738134937807,0.5018631808084332,0.4852718447935106,0.012864974398056228,COMPLETE
380,1.0032255313828347,0.9951025410770634,0.5041956326452167,0.49337618583185067,0.00242818152293261,COMPLETE
381,1.0033400819953264,0.9975512687400988,0.5595461042246241,0.4393753425522454,0.001078553223130425,COMPLETE
382,1.0034689930621687,0.8732541315266259,0.5665059063723505,0.3785505082527349,0.054943585374914575,COMPLETE
383,1.003454452784993,0.8677975717541567,0.5560708574028796,0.38524063197668584,0.05868851062043453,COMPLETE
384,1.0032318256276325,0.9956106112395867,0.5075074419475574,0.49033081675354007,0.0021617412989025776,COMPLETE
385,1.0032777666181627,0.9999245831819321,0.5314263525414918,0.4685383091249864,3.5338333521784076e-05,COMPLETE
386,1.003345702153652,0.9993161928097494,0.5627602589610372,0.436940753360177,0.00029898767878576595,COMPLETE
387,1.0032147278860049,0.9997672454556196,0.5008933642521183,0.498990466410281,0.0001161693376007481,COMPLETE
388,1.0042034938899977,0.9614788430791759,0.8853405485042732,0.11024263677220425,0.004416814723522514,COMPLETE
389,1.0032217068852218,0.9919664568664899,0.5009290233678702,0.4950616684146726,0.0040093082174572385,COMPLETE
390,1.0032275790060667,0.9885475836195794,0.5023165972724439,0.49198372517389555,0.005699677553660527,COMPLETE
391,1.0034792602077311,0.88156399688252,0.5759186064905147,0.3738548882657306,0.050226505243754674,COMPLETE
392,1.0032265557408537,0.9905239764604769,0.5026901025041751,0.4925973772007166,0.00471252029510828,COMPLETE
393,1.003225703913576,0.9869940972545055,0.500687518017444,0.49281847240227933,0.006494009580276604,COMPLETE
394,1.00333519091566,0.8840484369897738,0.5021067466457872,0.4401617524155452,0.05773150093866754,COMPLETE
395,1.003379563285403,0.8512316917142526,0.5048456228396752,0.4214910981299004,0.07366327903042444,COMPLETE
396,1.0033984191114216,0.8320217846139917,0.5016275703822334,0.41465671829298517,0.08371571132478148,COMPLETE
397,1.0045403147782097,0.4566412242046417,0.9891223359233459,0.0049671898404501985,0.005910474236203938,COMPLETE
398,1.0033724142427003,0.8537629603426926,0.5025509127695535,0.42470360533363627,0.07274548189681015,COMPLETE
399,1.0036346943403947,0.8857211367935953,0.651352271907714,0.30880466206640383,0.03984306602588212,COMPLETE
