number,value,params_catboost_fraction_of_remainder,params_official_weight,user_attrs_catboost_weight,user_attrs_residual_weight,state
0,1.0045631841711506,0.5,1.0,0.0,0.0,COMPLETE
1,1.004239037192629,1.0,0.9,0.09999999999999998,0.0,COMPLETE
2,1.003803505464151,1.0,0.75,0.25,0.0,COMPLETE
3,1.0032127135022033,1.0,0.5,0.5,0.0,COMPLETE
4,1.0045088682151926,0.0,0.9,0.0,0.09999999999999998,COMPLETE
5,1.004627419727961,0.0,0.75,0.0,0.25,COMPLETE
6,1.0053581476407667,0.0,0.5,0.0,0.5,COMPLETE
7,1.0039680436024916,0.5,0.5,0.25,0.25,COMPLETE
8,1.0036707710966926,0.9507143064099162,0.6872700594236812,0.2973168285486292,0.015413112027689573,COMPLETE
9,1.0042654632990722,0.5986584841970366,0.8659969709057025,0.08022205027540354,0.05378097881889397,COMPLETE
10,1.0032445631650566,0.985676403766266,0.5094268514788296,0.48354637681864154,0.007026771702528879,COMPLETE
11,1.003318062844533,0.9017537279995327,0.5037736596581466,0.4474739523348312,0.048752388007022196,COMPLETE
12,1.003851284582704,0.6604645759080574,0.6532582453045166,0.22901064596456813,0.11773110873091529,COMPLETE
13,1.0032268860958766,0.9968837041320564,0.5056324186898118,0.49282698565930605,0.00154059565088221,COMPLETE
14,1.003672104507668,0.7109789973233609,0.573616532096749,0.30314969048511087,0.12323377741814018,COMPLETE
15,1.003439601628416,0.9693926889588357,0.5943214798192379,0.39326179153087026,0.012416728649891842,COMPLETE
16,1.0035628697327326,0.7384055447250207,0.52442412411221,0.35116786369300246,0.12440801219478759,COMPLETE
17,1.0044240555549508,0.2550647701144628,0.6104536254742164,0.09935955646734142,0.29018681805844215,COMPLETE
18,1.0033666739799116,0.9749338929690045,0.5632005357416416,0.42585060213617687,0.010948862122181525,COMPLETE
19,1.0040054938284415,0.7077835596407838,0.7634953366825072,0.16739411247450012,0.06911055084299264,COMPLETE
20,1.003718443121385,0.7589510368862273,0.6356612648622485,0.27651526081061306,0.08782347432713845,COMPLETE
21,1.0033257354208611,0.8916082945836675,0.5017168363089086,0.44427340179836844,0.05400976189272295,COMPLETE
22,1.0033070553101986,0.972703446395876,0.534158339511564,0.4531257886318793,0.012715871856556715,COMPLETE
23,1.0033639727213617,0.8937016806178524,0.5234151742797306,0.42592465970317106,0.050660166017098364,COMPLETE
24,1.0032703035053765,0.9994821580233383,0.5277044108773123,0.47205101464124777,0.0002445744814399017,COMPLETE
25,1.0035663353513897,0.9888777553933893,0.6549046603870969,0.34125710483312693,0.003838234779776102,COMPLETE
26,1.0032616838601631,0.9917421360091251,0.5203900408338975,0.47564940535463973,0.003960553811462745,COMPLETE
27,1.0041952479202934,0.39662607592391924,0.7004498960654817,0.11880938226615016,0.18074072166836813,COMPLETE
28,1.0035814562405636,0.752606384616138,0.5500089558594378,0.33866613284026953,0.1113249113002927,COMPLETE
29,1.003555478978186,0.7254038820981387,0.504932978690822,0.3591235391564397,0.13594348215273835,COMPLETE
30,1.0032672130553033,0.948764495677179,0.5032143079220865,0.47133262660393993,0.02545306547397355,COMPLETE
31,1.0032730620599772,0.9891362664389755,0.5247822670965295,0.47005509406973306,0.005162638833737431,COMPLETE
32,1.0045026107934434,0.3531655287582119,0.9662652299192918,0.011913957913090033,0.021820812167618213,COMPLETE
33,1.0032420551516221,0.9945429677653884,0.5120503852224043,0.48528685800088806,0.002662756776707643,COMPLETE
34,1.0032288701091494,0.9914290205053411,0.5042338456174246,0.4915169528392165,0.004249201543358954,COMPLETE
35,1.0032529474616936,0.9879274847639632,0.5145206237130211,0.4796184191199727,0.005860957167006199,COMPLETE
36,1.0034741294656013,0.9737757355713221,0.6111309014103011,0.378671292520141,0.010197806069557867,COMPLETE
37,1.0044136007630593,0.8657594300199405,0.9501945220447685,0.043119562206391925,0.006685915748839564,COMPLETE
38,1.003253253166288,0.9681890207784317,0.5057231967768441,0.4785533741061209,0.015723429117035007,COMPLETE
39,1.0034433616773335,0.9766849915129379,0.5985766479309748,0.392064163208631,0.009359188860394258,COMPLETE
40,1.003219817878073,0.995081411110787,0.5013677490829677,0.49617968386786854,0.002452567049163803,COMPLETE
41,1.0032421980408266,0.9905113128480109,0.5103854562958328,0.4849687444738945,0.0046457992302727565,COMPLETE
42,1.003333910354176,0.8838497956711645,0.501276646823569,0.4407965338014266,0.05792681937500445,COMPLETE
43,1.0032508621591119,0.9929898077433711,0.5156751834013089,0.4809296065196777,0.003395210079013362,COMPLETE
44,1.0032612557235367,0.9525158585713465,0.5020831055605948,0.47427373820412855,0.02364315623527667,COMPLETE
45,1.0033720481706765,0.9911741192590399,0.5717757781151329,0.4244447659721208,0.003779455912746288,COMPLETE
46,1.0032609299556587,0.958483307982382,0.5048945756855895,0.47455028489689705,0.02055513941751345,COMPLETE
47,1.0034969230053694,0.7657056321819563,0.5063035893240629,0.37802612224258114,0.11567028843335596,COMPLETE
48,1.0045105962472984,0.6259979248264682,0.9788076132939201,0.013266390100126065,0.00792599660595386,COMPLETE
49,1.0034699707543957,0.9986474814628948,0.6173447081824383,0.3821377434420571,0.0005175483755046379,COMPLETE
50,1.0043659484057814,0.3097007797167163,0.853645061612394,0.045326238534033565,0.10102869985357249,COMPLETE
51,1.0032294018487198,0.9936890990832993,0.5054855870589052,0.49139358147914314,0.0031208314619516754,COMPLETE
52,1.0032888459068996,0.9245954319441665,0.501498167882893,0.4609125167912749,0.03758931532583208,COMPLETE
53,1.0032633189885234,0.9503544510283278,0.5020376567440428,0.473240729357795,0.024721613898162253,COMPLETE
54,1.0032539894984749,0.9909261623178999,0.5163166015282453,0.47929453382449544,0.0043888646472592585,COMPLETE
55,1.0035132926486656,0.8694631139242079,0.5868915145922435,0.3591825901111412,0.05392589529661531,COMPLETE
56,1.0035995412994627,0.8125789815608484,0.6014140606243208,0.3238825566823635,0.07470338269331574,COMPLETE
57,1.0045605732750211,0.015581801646813609,0.9976268906122142,3.6977319766669424e-05,0.0023361320680191184,COMPLETE
58,1.003250283243026,0.9770793617481303,0.5083846811747128,0.4803471819434152,0.011268136881872016,COMPLETE
59,1.0033366279514087,0.997945395056757,0.5581082973970036,0.4409837897264502,0.0009079128765462061,COMPLETE
60,1.0034261923985237,0.8130044020278357,0.5032469520514204,0.40386241470293976,0.09289063324563981,COMPLETE
61,1.0048795965976227,0.01115502898402937,0.627191378551509,0.00415869097775395,0.3686499304707371,COMPLETE
62,1.0032553772742896,0.9635484977059355,0.5045655615230284,0.47737510890626966,0.018059329570701867,COMPLETE
63,1.0032986321404487,0.9945875534951206,0.5391683609107775,0.45833741249489623,0.0024942265943262965,COMPLETE
64,1.003246034205544,0.9981624858870424,0.515510091765521,0.4835996511905126,0.0008902570439664013,COMPLETE
65,1.0032353561701806,0.9867837909631682,0.5053785229892159,0.48808445617650303,0.006537020834281041,COMPLETE
66,1.0034322136965457,0.811569808743603,0.5057589569971349,0.4011111087430741,0.09312993425979103,COMPLETE
67,1.0035294311398704,0.8461294826359704,0.5830704715205138,0.35277636622800673,0.06415316225147943,COMPLETE
68,1.0033710705758003,0.9931807569413733,0.5720584330629662,0.4250233293772006,0.0029182375598331965,COMPLETE
69,1.0040300532079733,0.4783212216419971,0.5794707929324167,0.20114804406070683,0.21938116300687652,COMPLETE
70,1.0032536599827344,0.9660666256557419,0.5049148967979437,0.4782851950628353,0.01679990813922105,COMPLETE
71,1.0032509513409227,0.9858628821441502,0.5126452268897715,0.48046498124515824,0.006889791865070246,COMPLETE
72,1.0032674943911013,0.9593196663982534,0.5086095771398749,0.4714004965294719,0.019989926330653225,COMPLETE
73,1.0034089141263625,0.9877702918817528,0.5871317839766064,0.4078189582501261,0.005049257773267534,COMPLETE
74,1.0032576567878035,0.9740764067874607,0.5106629461913371,0.47665167908190464,0.012685374726758252,COMPLETE
75,1.0032337244637504,0.9992225753737589,0.5099745476031236,0.4896444945426982,0.00038095785417826053,COMPLETE
76,1.0035176142880247,0.8130155290639702,0.5569527935137835,0.3602042589817054,0.08284294750451114,COMPLETE
77,1.0034524856860552,0.7956707553929778,0.5049439296345555,0.3939016374695524,0.1011544328958921,COMPLETE
78,1.0034182749585363,0.9913522521512272,0.592521569919687,0.4039546593631647,0.0035237707171483276,COMPLETE
79,1.0033623584720333,0.8650618814162314,0.5046850688161598,0.428478066263444,0.0668368649203962,COMPLETE
80,1.0033025730334344,0.9950327919428117,0.5411961324789567,0.4565248932536236,0.0022789742674196845,COMPLETE
81,1.0032688487883628,0.9575525809998634,0.5084308512117771,0.4707033071620687,0.020865841626154187,COMPLETE
82,1.0033238114619727,0.990575390136716,0.549389540976387,0.4463636312470001,0.004246827776612861,COMPLETE
83,1.0032585786963242,0.9613113985587948,0.5050920053599833,0.47576069648532293,0.019147298154693737,COMPLETE
84,1.0033183222727875,0.9958841689288461,0.5488812090954762,0.4492620621681376,0.001856728736386207,COMPLETE
85,1.0035745144109591,0.8192464670250665,0.5918742174520468,0.3343556054542512,0.07377017709370198,COMPLETE
86,1.003243834188524,0.9869815913218754,0.5096446341187792,0.4839717193306677,0.006383646550553072,COMPLETE
87,1.0032511215082482,0.9845783449510288,0.5121640154262789,0.48031274629914994,0.00752323827457116,COMPLETE
88,1.0034473380812687,0.8104571029636863,0.5140672990626992,0.3938276090369642,0.0921050919003366,COMPLETE
89,1.0041209933364748,0.7876282128749099,0.8340419382464217,0.13071325159115482,0.035244810162423486,COMPLETE
90,1.003242525237108,0.9938050653755196,0.5119645787143414,0.4850120737563632,0.0030233475292954035,COMPLETE
91,1.0033400214068973,0.8946289183610143,0.5112591418949199,0.43724170524538175,0.051499152859698305,COMPLETE
92,1.0032479969050838,0.9786095511164471,0.507949758546868,0.48152506591518895,0.010525175537943085,COMPLETE
93,1.004203638287734,0.5176290111124257,0.8092352337617253,0.09874537730301115,0.0920193889352635,COMPLETE
94,1.0032531982817254,0.9937770601464845,0.517141313930112,0.4798538855087276,0.003004800561160445,COMPLETE
95,1.0034374945795157,0.9907628171039093,0.600776920205011,0.3955353831905821,0.0036876966044069085,COMPLETE
96,1.0045007576518221,0.12818117555813402,0.7326279276830805,0.03427206654099717,0.23310000577592235,COMPLETE
97,1.0032642447607523,0.9614197786379687,0.5079936754614804,0.47302461162630405,0.018981712912215506,COMPLETE
98,1.0034918725988504,0.8349464397003246,0.5567255522943372,0.37011042192197086,0.07316402578369195,COMPLETE
99,1.003255752465166,0.9609899743566976,0.5035094635737795,0.4771224278685767,0.019368108557643808,COMPLETE
100,1.003468633163731,0.9854804351869203,0.6126048913914836,0.38177030022080505,0.005624808387711404,COMPLETE
101,1.0032413517279257,0.9902266574113933,0.5098469608729282,0.4853626055548361,0.004790433572235635,COMPLETE
102,1.0032472428412689,0.9754619675723983,0.5061309335674602,0.4817504912654288,0.012118575167111022,COMPLETE
103,1.0032783871629667,0.9931638101276358,0.5290000002058342,0.4677801543656894,0.0032198454284764304,COMPLETE
104,1.003509713791157,0.8518521334791437,0.5759686499114687,0.3612120102349571,0.06281933985357424,COMPLETE
105,1.003411755268027,0.8256390110587919,0.504623638757132,0.4090020489984644,0.08637431224440362,COMPLETE
106,1.0032428641276891,0.9786726311489253,0.5054317016475228,0.4840204578314656,0.010547840521011626,COMPLETE
107,1.003251187044963,0.9622568411672405,0.5018228817154471,0.47937434018229264,0.018802778102260283,COMPLETE
108,1.0032318272724026,0.992851816781402,0.506313851505437,0.49015718945264,0.0035289590419231177,COMPLETE
109,1.0035245058435993,0.8604567807740928,0.5880160651394238,0.3544943703207749,0.057489564539801245,COMPLETE
110,1.003413088526718,0.995215251392414,0.5915401220703748,0.4065055000974467,0.0019543778321785394,COMPLETE
111,1.0043908787624545,0.31004297231203226,0.5267248934140808,0.14673562076719227,0.32653948581872694,COMPLETE
112,1.003363505876692,0.9977913591464869,0.570291521450206,0.42875940684896796,0.0009490717008260468,COMPLETE
113,1.003385308593465,0.844912858133915,0.5036052443698302,0.419410311742173,0.07698444388799672,COMPLETE
114,1.003310384175184,0.9093618162076901,0.504170510051695,0.4508884055087232,0.04494108443958175,COMPLETE
115,1.0032398674102072,0.9995730747535174,0.5131095556923133,0.4866825784847406,0.00020786582294607156,COMPLETE
116,1.0033870207637852,0.9938947592530826,0.5794934846911919,0.41793922179720056,0.002567293511607593,COMPLETE
117,1.0044761561455753,0.08391303816203255,0.8531045457284099,0.012326443860121048,0.13456901041146907,COMPLETE
118,1.0032401318307151,0.9834881437526279,0.5062638845405735,0.48558361569682457,0.008152499762601944,COMPLETE
119,1.0034297336000062,0.8067761184843373,0.500226237731098,0.40320553604361875,0.09656822622528333,COMPLETE
120,1.0033221836215565,0.9908928775541335,0.5487541587546938,0.4471362901158972,0.004109551129409054,COMPLETE
121,1.0032473335871688,0.9953977821077936,0.5149804904720733,0.48278734406310814,0.002232165464818589,COMPLETE
122,1.0032144527583542,0.9980720868272368,0.5000225311691356,0.4990135556826205,0.0009639131482438236,COMPLETE
123,1.0032247344372731,0.9993120285113922,0.5056179976947217,0.49404188158321144,0.0003401207220668547,COMPLETE
124,1.0032385415166643,0.9768728439634816,0.5024464502753172,0.48604655114367645,0.011506998581006346,COMPLETE
125,1.0032355925772591,0.9836673164126897,0.5040956170263339,0.4878049335969969,0.008099449376669251,COMPLETE
126,1.0032215174830321,0.9923536302420053,0.5010068090651808,0.4951777044902099,0.003815486444609281,COMPLETE
127,1.00325330559456,0.9992593605476702,0.5194750212257834,0.4801690830171065,0.00035589575711013783,COMPLETE
128,1.003455600203708,0.8052704417734904,0.5149335094081507,0.3906097071684151,0.09445678342343419,COMPLETE
129,1.0032431148903642,0.9843679019513815,0.5081318437489257,0.48417922500556426,0.0076889312455100155,COMPLETE
130,1.0032436576177564,0.9686352750179211,0.5011180540855074,0.4832346508823603,0.015647295032132413,COMPLETE
131,1.0033288734197103,0.888669868145916,0.5015837662764988,0.4429274887048479,0.055488745018653356,COMPLETE
132,1.0033724909875057,0.9987851391918536,0.5746928049042643,0.4247905060529912,0.0005166890427444702,COMPLETE
133,1.0032878157486154,0.928442459941181,0.5030853159751482,0.4613566916169281,0.03555799240792371,COMPLETE
134,1.0033685301219062,0.8546908864598994,0.5009867102061197,0.4265021110092022,0.07251117878467805,COMPLETE
135,1.0032198314619694,0.9995082384588632,0.5032949278044182,0.4964608117437884,0.0002442604517933832,COMPLETE
136,1.00324899043486,0.9973785730473718,0.5166139326201517,0.48211890611429387,0.0012671612655545032,COMPLETE
137,1.0032311314832716,0.9837521202910975,0.5019175518573962,0.48998966444006714,0.008092783702536702,COMPLETE
138,1.003503327950769,0.8748262027690866,0.5845692864662494,0.3634296736343832,0.05200103989936736,COMPLETE
139,1.0035156402810532,0.8316540209413713,0.5675980614020257,0.35960881089784924,0.07279312770012503,COMPLETE
140,1.0032250226914279,0.9997760695287548,0.5059571298329477,0.4939322389143205,0.00011063125273186307,COMPLETE
141,1.0032336563233542,0.9854197872584863,0.503926089871629,0.4888410469831848,0.00723286314518618,COMPLETE
142,1.0032284037122514,0.9923999539531417,0.5044305207479334,0.49180312839033336,0.003766350861733279,COMPLETE
143,1.003237677412776,0.9764556009472205,0.5018200376620238,0.48645061450459226,0.011729347833383972,COMPLETE
144,1.0033877545510057,0.9914513500551361,0.5789601130994214,0.41744056429464044,0.003599322605938146,COMPLETE
145,1.0032324401168762,0.9951614717607671,0.5076152893585311,0.49000229331446365,0.0023824173270052774,COMPLETE
146,1.003317205296651,0.9992488697546471,0.5496416278138595,0.4500200943915436,0.0003382777945969054,COMPLETE
147,1.0034114529445384,0.8306957859514538,0.5083234623891558,0.40843362784452975,0.08324290976631446,COMPLETE
148,1.003250317284513,0.9916874282139405,0.5148558690208606,0.48111133556378993,0.004032795415349543,COMPLETE
149,1.003363417946428,0.8620977673529399,0.5032596269469712,0.4282387665630825,0.06850160648994622,COMPLETE
150,1.0035187190505954,0.8531888346758214,0.5813222220718663,0.3572112054551667,0.06146657247296696,COMPLETE
151,1.003238557502112,0.9882202513783248,0.5075949359644742,0.4866046561611474,0.005800407874378368,COMPLETE
152,1.003238008946832,0.9905274345622603,0.508337788317194,0.4870049092093768,0.004657302473429192,COMPLETE
153,1.0034173735444938,0.9797487461216634,0.5880793869209342,0.4035787041658816,0.00834190891318422,COMPLETE
154,1.003234294991955,0.9953174963193852,0.5085909555980339,0.48910801974286644,0.002301024659099631,COMPLETE
155,1.0033606242111928,0.8641780847324558,0.5031098081881658,0.4294016142822935,0.06748857752954072,COMPLETE
156,1.0033421186496978,0.9922287899364429,0.5584987542690476,0.4380702468070551,0.0034309989238973638,COMPLETE
157,1.0033629817393959,0.8666482552020691,0.5061018141065121,0.42803600105205847,0.06586218484142942,COMPLETE
158,1.003231868009302,0.9808851760549088,0.5009716485995143,0.4894895123198564,0.009538839080629408,COMPLETE
159,1.0033800622718867,0.845115220879661,0.5007081158959346,0.42195917091802937,0.0773327131860361,COMPLETE
160,1.0032382985273562,0.9785609108271753,0.5031075618848578,0.48623951682508937,0.010652921290052795,COMPLETE
161,1.0032377744559433,0.9772213739288858,0.5022253132608023,0.48643606328229944,0.011338623456898216,COMPLETE
162,1.0032814512717378,0.9905645551375762,0.5293979795679922,0.4661616810160764,0.004440339415931429,COMPLETE
163,1.0032311440778912,0.9880122381467061,0.5038432587995115,0.4902089323450707,0.005947808855417813,COMPLETE
164,1.0039182676036251,0.6291973312070054,0.676189084245082,0.20374096400869088,0.12006995174622716,COMPLETE
165,1.0032487793550007,0.9722129680227973,0.5053841447603311,0.48087194865369276,0.013743906585976125,COMPLETE
166,1.0035437162422678,0.8630544554677898,0.598878844718595,0.34618940024800376,0.05493175503340125,COMPLETE
167,1.003248478614961,0.9805831677340778,0.5090820931036615,0.48138583624179476,0.009532070654543803,COMPLETE
168,1.0032370360592668,0.9746509107448612,0.5006523771163234,0.4866896154218569,0.012658007461819705,COMPLETE
169,1.0038206901756743,0.8336662222806746,0.7169664081022935,0.2359555453358911,0.047078046561815384,COMPLETE
170,1.003539065013586,0.8311371273015026,0.5798141997417546,0.34923201895952105,0.07095378129872437,COMPLETE
171,1.0034432510518756,0.9884857335321263,0.6025399026718867,0.3928836358571304,0.004576461470982903,COMPLETE
172,1.0032506895597848,0.9994917190304572,0.5183104107386298,0.4814447556099217,0.0002448336514484457,COMPLETE
173,1.0032363588710689,0.997949074054638,0.5107204350238862,0.4882760888217688,0.0010034761543449677,COMPLETE
174,1.0032426613653294,0.9815832920790991,0.5066566291087493,0.48425761012483387,0.009085760766416841,COMPLETE
175,1.0032337142234835,0.9996393501314397,0.5101452835055751,0.48967805045530755,0.00017666603911736982,COMPLETE
176,1.003410292031519,0.9913497611039089,0.5889856352231801,0.40745899233177524,0.0035553724450446095,COMPLETE
177,1.0032320127082877,0.9923107741984064,0.5061690544523487,0.4900337678995209,0.00379717764813036,COMPLETE
178,1.0032190807077712,0.9955635484552486,0.5012146094245219,0.4965725533589601,0.002212837216517992,COMPLETE
179,1.0033759216670983,0.998694876423613,0.5762012426825373,0.4232456475676442,0.0005531097498185387,COMPLETE
180,1.0034694142542653,0.8683965900412125,0.5641350620109676,0.37850362586820024,0.05736131212083212,COMPLETE
181,1.0034165339178271,0.8212816949091086,0.5040627830281723,0.40730415812312903,0.08863305884869871,COMPLETE
182,1.0032358986877377,0.9962664215519417,0.5097811818419785,0.4883885477437141,0.0018302704143074134,COMPLETE
183,1.003394419153805,0.8343645195613241,0.5010556620074321,0.4163014528570118,0.0826428851355561,COMPLETE
184,1.0032299038248444,0.9944836711224262,0.5060776515803046,0.49119771030582876,0.0027246381138666368,COMPLETE
185,1.00337111071699,0.9986977262915461,0.5740416098195784,0.4254036757679943,0.0005547144124273225,COMPLETE
186,1.003250138463178,0.9741856763297524,0.5069810449150597,0.4802920042028104,0.012726950882129917,COMPLETE
187,1.0032329206555959,0.9881606825735197,0.5047879693540946,0.4893490582216766,0.005862972424228742,COMPLETE
188,1.003231676630647,0.9935262078804042,0.5065332153239437,0.49027218329413824,0.0031946013819181096,COMPLETE
189,1.0038817543547325,0.9958134615414795,0.7778735979733926,0.2211964613018702,0.0009299407247371691,COMPLETE
190,1.0032263768628604,0.9917080332887854,0.5031255764359811,0.49275435738417217,0.004120066179846774,COMPLETE
191,1.0033476257882774,0.87083346439744,0.5003259445995941,0.4351328887338538,0.06454116666655205,COMPLETE
192,1.0032368817965576,0.9992462019202222,0.5115219148613831,0.4881098712960259,0.0003682138425910375,COMPLETE
193,1.0032374729271827,0.9771318797460736,0.5020329988818205,0.4865794318541219,0.011387569264057616,COMPLETE
194,1.003457823258776,0.8500553323125508,0.5475362435457637,0.3846192288520909,0.0678445276021454,COMPLETE
195,1.0032402512682772,0.9995840571936638,0.5133004183311479,0.4864971424790101,0.00020243918984198082,COMPLETE
196,1.0034801847108807,0.8854027864852048,0.578259716312958,0.3734100223495677,0.04833026133747426,COMPLETE
197,1.0035042685416,0.8461417857697139,0.5699671214395681,0.36386878780481435,0.06616409075561755,COMPLETE
198,1.0034085916609796,0.8239897197989625,0.5014276437726085,0.41081849610731686,0.08775386012007465,COMPLETE
199,1.0032463284616695,0.97581298008318,0.5058381509419602,0.4822095465727404,0.011952302485299429,COMPLETE
200,1.0032272420618316,0.9984736746772145,0.5064888469879244,0.49275789444215623,0.0007532585699194084,COMPLETE
201,1.0033838636031553,0.9993208688016985,0.5799722214785648,0.4197425245528881,0.0002852539685471967,COMPLETE
