number,value,params_catboost_fraction_of_remainder,params_official_weight,user_attrs_catboost_weight,user_attrs_residual_weight,state
798,1.0033981548429654,0.9990664986477175,0.586239992293751,0.4133737621795348,0.00038624552671421756,COMPLETE
799,1.0033705703529585,0.9995762985680416,0.5741077123546585,0.42571183647320615,0.00018045117213535145,COMPLETE
800,1.0032263608317826,0.9949699811992425,0.5045463452102671,0.4929615135912365,0.0024921411984963654,COMPLETE
801,1.0034159587925424,0.9001985625054475,0.5536225978990295,0.4018282957062098,0.04454910639476074,COMPLETE
802,1.003420109085394,0.9062041541574822,0.5586799895270949,0.3999260268033702,0.04139398366953494,COMPLETE
803,1.0033225198528402,0.9967440883644503,0.5511557312182339,0.44738287150448974,0.00146139727727636,COMPLETE
804,1.0034820139288652,0.7715858386401295,0.5020044287337645,0.3842463304945287,0.1137492407717068,COMPLETE
805,1.0032867909814005,0.9937919778049203,0.533254410910787,0.4638480221126917,0.002897566976521363,COMPLETE
806,1.0032307673716092,0.9844322914230212,0.502045571075685,0.4902024194902054,0.007752009434109617,COMPLETE
807,1.0035820011139185,0.8990867652052923,0.6324321014241966,0.33047543292382603,0.03709246565197736,COMPLETE
808,1.0033718614552651,0.8513249171488608,0.5004888944698603,0.425246250530382,0.07426485499975764,COMPLETE
809,1.0032340904162953,0.9929333512281275,0.5074612845082836,0.48905811738278715,0.0034805981089291783,COMPLETE
810,1.0034749865283819,0.9995343288359541,0.619756255173453,0.38006667627927243,0.00017706854727456717,COMPLETE
811,1.0033824636003839,0.8443333148102201,0.5015286555385665,0.4208759626070292,0.0775953818544043,COMPLETE
812,1.0033117365749784,0.9033030687773778,0.5013122458229873,0.4504661787097942,0.04822157546721855,COMPLETE
813,1.0032274993770078,0.9988597413578757,0.5067796102426468,0.4926579909454605,0.0005623988118927392,COMPLETE
814,1.0033178729219578,0.9983672959602578,0.5496176402832879,0.44964701861857403,0.0007353410981381231,COMPLETE
815,1.0033060119829034,0.9066095451054477,0.5002219697648459,0.45310353264518977,0.04667449758996438,COMPLETE
816,1.0045541203010424,0.057841427070916995,0.9922689438254394,0.0004471753219020096,0.0072838808526585926,COMPLETE
817,1.0033271338607628,0.9949060636915842,0.5525947695855797,0.4451261766666371,0.002279053747783159,COMPLETE
818,1.0035570713962367,0.7662747176502708,0.5459355733951592,0.3479380902916565,0.10612633631318433,COMPLETE
819,1.0034353268227787,0.8949013654439033,0.5606502312132456,0.3931747079947297,0.04617506079202467,COMPLETE
820,1.003441249218955,0.8901378358182028,0.5612097203552227,0.3905838299010661,0.04820644974371122,COMPLETE
821,1.0032587154085921,0.9984800154433492,0.5217563311367243,0.47751674587228754,0.0007269229909882034,COMPLETE
822,1.0034268247541316,0.8863107482601293,0.5519082275041134,0.3971485541700369,0.0509432183258497,COMPLETE
823,1.0032394224653722,0.9791260330061062,0.5039278840926507,0.48571712293330827,0.010354992974041053,COMPLETE
824,1.0033554372819433,0.9995407325794446,0.5672656376508038,0.4325356215548144,0.0001987407943817811,COMPLETE
825,1.003353371164643,0.9952611515922323,0.5647769921371292,0.433160552005036,0.002062455857834846,COMPLETE
826,1.0032426523971973,0.9723458924558038,0.5023810358989772,0.4838577557517416,0.013761208349281179,COMPLETE
827,1.0032280344856004,0.9932616359050936,0.5046258681820462,0.49203612055456625,0.0033380112633875085,COMPLETE
828,1.0033295028840368,0.8917835058379605,0.5038700603514609,0.44244049693095,0.05368944271758914,COMPLETE
829,1.0033126439594033,0.9006390628904942,0.5001917538746334,0.45014683041529163,0.04966141571007493,COMPLETE
830,1.003332816467137,0.8862773959010407,0.5022253140592309,0.44116645240104324,0.05660823353972588,COMPLETE
831,1.0033314699787985,0.9962511692232908,0.5551051045353614,0.44322705978811994,0.0016678356765186494,COMPLETE
832,1.0033621486568138,0.9996900931737401,0.5703545543024955,0.4295122956410114,0.00013315005649311868,COMPLETE
833,1.003434154127317,0.8948519296049801,0.5600386257637349,0.3937002846869806,0.04626108954928452,COMPLETE
834,1.003551986910725,0.9061832378500737,0.6214494334730409,0.3430361780653795,0.03551438846157957,COMPLETE
835,1.0032265943370924,0.9958590279459698,0.5050467976183666,0.49290361500251834,0.002049587379115093,COMPLETE
836,1.0032265732531847,0.997868561958963,0.5059020435104254,0.49304481730911404,0.00105313918046052,COMPLETE
837,1.0032187411958864,0.9967143741659792,0.5015494791586645,0.49681279893307806,0.0016377219082574204,COMPLETE
838,1.0034614956500942,0.8805506783693934,0.5665002115694542,0.3817185327755056,0.05178125565504019,COMPLETE
839,1.0034407115605035,0.8845782572341312,0.5580673934486783,0.39092397491810515,0.05100863163321656,COMPLETE
840,1.0033093568489988,0.9069578503771647,0.5022149124043828,0.45147009299552965,0.046314994600087596,COMPLETE
841,1.003236212846622,0.9756459798252646,0.5007076839099996,0.4871325409508541,0.012159775139146246,COMPLETE
842,1.0034290381640822,0.8776164374510587,0.5483226059831258,0.3963995054142673,0.05527788860260695,COMPLETE
843,1.0035130451058905,0.9823184998276604,0.630670948265936,0.36279876004217815,0.0065302916918858755,COMPLETE
844,1.0032374759213003,0.9800885430778659,0.5034009111476355,0.48671107748710957,0.00988801136525492,COMPLETE
845,1.003352020526301,0.9929420171881442,0.563307224897363,0.433610605001901,0.0030821701007360085,COMPLETE
846,1.0035318389633232,0.7819613160459566,0.542904541462751,0.35743096631641724,0.09966449222083176,COMPLETE
847,1.0033324943444892,0.9936656904630604,0.5546032231184654,0.4425754958300117,0.0028212810515228573,COMPLETE
848,1.0034483128093588,0.8758490782221728,0.5573088840331896,0.38773060585667596,0.054960510110134496,COMPLETE
849,1.0032168299754471,0.995791422698695,0.5002014466326303,0.4976951125204427,0.0021034408469269737,COMPLETE
850,1.0033316196293949,0.9999544673317939,0.5565525044418976,0.4434273042104203,2.019134768205571e-05,COMPLETE
851,1.003232378961905,0.9860614632711655,0.5035814608372006,0.4894991911218044,0.006919348040995045,COMPLETE
852,1.0033383243057121,0.8889010762151484,0.5068651124179541,0.43834813229091685,0.054786755291129106,COMPLETE
853,1.0034886816277255,0.7672449140994819,0.5022448578243818,0.38190010130110763,0.11585504087451061,COMPLETE
854,1.0034818591646388,0.8726684119525008,0.5727297845728906,0.3728652203713785,0.054404995055730945,COMPLETE
855,1.0032335413731444,0.991393521224398,0.5065201884182085,0.4892326880572248,0.004247123524566736,COMPLETE
856,1.0032338299499957,0.997298136235557,0.5092103139487892,0.4894636391825066,0.0013260468687041399,COMPLETE
857,1.0032299669330855,0.99455114829854,0.5061379090530723,0.4911711096523849,0.0026909812945427767,COMPLETE
858,1.0034279230279073,0.8711485265966503,0.5440870558723833,0.3971678895331143,0.058745054594502466,COMPLETE
859,1.0033530667017325,0.9989670243061338,0.5659840780762487,0.43356759402565315,0.00044832789809815606,COMPLETE
860,1.0034150210320856,0.8193454403796607,0.5015967765677416,0.4083644085897462,0.09003881484251221,COMPLETE
861,1.0034340023641968,0.8921299746433244,0.5585818806821802,0.39380233559411054,0.04761578372370926,COMPLETE
862,1.0039503695536718,0.5143932641704716,0.5399144442688434,0.23666491081023508,0.22342064492092154,COMPLETE
863,1.0034706547602652,0.8691037020314458,0.5651519834828318,0.3779280209761022,0.05691999554106602,COMPLETE
864,1.0034553123643466,0.9016902344088005,0.5738222992748935,0.3842802708666249,0.041897429858481605,COMPLETE
865,1.0034273084546979,0.8931097181644566,0.555712237579577,0.39679771827922106,0.047490044141201955,COMPLETE
866,1.0034376146439756,0.8710119095748445,0.5490927655601836,0.39274557131053656,0.05816166312927981,COMPLETE
867,1.0032196607890413,0.9995950518036315,0.5032482849781094,0.49655055631084954,0.0002011587110410703,COMPLETE
868,1.0033673620454002,0.8546875965156154,0.5003150159854315,0.4270745580023553,0.07261042601221324,COMPLETE
869,1.0034321365659906,0.8857524870162733,0.5543226401677623,0.39475982987825103,0.050917529953986615,COMPLETE
870,1.003381293745057,0.8484694640653561,0.5038641677845555,0.42095610366345765,0.0751797285519869,COMPLETE
871,1.0044052188460777,0.4665205167617562,0.9199146579178705,0.03736145517319706,0.04272388690893241,COMPLETE
872,1.0034341717211446,0.8845991923974653,0.5547496749428138,0.3938680779602958,0.05138224709689037,COMPLETE
873,1.0033122208257301,0.9033009479498351,0.501570573195628,0.4502317737184821,0.04819765308588984,COMPLETE
874,1.003325188419855,0.9901765564094227,0.5498761728401209,0.4457020611349993,0.004421766024879837,COMPLETE
875,1.0032172606905927,0.9982615872542323,0.5014912055563,0.49764218040156183,0.0008666140421382147,COMPLETE
876,1.0033521610871345,0.9967831507482873,0.5647811680880797,0.4338187985381532,0.0014000333737671485,COMPLETE
877,1.0032287965825275,0.9869680939501224,0.5022122108110086,0.4913006654875042,0.006487123701487204,COMPLETE
878,1.0032894485653563,0.9245733744010438,0.5018013806613018,0.4606211786039214,0.03757744073477689,COMPLETE
879,1.0032295664534738,0.9951714740592604,0.5062097270138023,0.49140599384379896,0.002384279142398729,COMPLETE
880,1.00337568100881,0.8537529030671287,0.5044105876914162,0.42311089948778563,0.07247851282079817,COMPLETE
881,1.0032289137484598,0.9936239562838011,0.505217012892944,0.49162822915122995,0.0031547579558260817,COMPLETE
882,1.0035754358002187,0.8991666922624278,0.6294657614394256,0.33317204565648906,0.03736219290408538,COMPLETE
883,1.0032220631350397,0.9960534349733198,0.5029004815012864,0.495137682924227,0.0019618355744866036,COMPLETE
884,1.0035129277542654,0.9971696858841552,0.6350777682133253,0.36388938724286335,0.0010328445438114058,COMPLETE
885,1.0033538006340161,0.9885867404220323,0.5624987941676673,0.4325078910044944,0.004993314827838281,COMPLETE
886,1.00336932422198,0.9945087202369985,0.5717462448036449,0.425902094017016,0.0023516611793391244,COMPLETE
887,1.0034257338249397,0.8980616032518403,0.5574408714407548,0.397445360527653,0.045113768031592165,COMPLETE
888,1.00332717287895,0.8894348863417324,0.5011378639377402,0.4437053872887299,0.05515674877352991,COMPLETE
889,1.0032202560759602,0.9930397945148435,0.5006856680184427,0.49583900162928196,0.0034753303522753,COMPLETE
890,1.003306656349201,0.9107796375925974,0.5030180876685691,0.4526410060032966,0.044340906328134255,COMPLETE
891,1.0036062007269653,0.7424970814855765,0.5573811476982569,0.3286432060445397,0.11397564625720343,COMPLETE
892,1.0032337851127826,0.9768417916524698,0.5000517331064174,0.48837036076587437,0.011577906127708242,COMPLETE
893,1.0034153935631296,0.8836147475901173,0.5445681793639472,0.40242627323583335,0.05300554740021945,COMPLETE
894,1.0033599620929936,0.8646018643157138,0.503026318057978,0.4296843719229168,0.06728931001910517,COMPLETE
895,1.0034283579446006,0.8925852743550128,0.5559717932382585,0.3963330387537934,0.04769516800794812,COMPLETE
896,1.0036762825731749,0.7650298219058012,0.6157443728764245,0.2939670139846509,0.09028861313892461,COMPLETE
897,1.003345760262083,0.879478181191085,0.5049798468200999,0.4353594239715909,0.059660729208309275,COMPLETE
898,1.0033447151307466,0.9876876883086582,0.5579746791153618,0.43658296735844115,0.005442353526197058,COMPLETE
899,1.0032369163958883,0.9903701971992251,0.5077322029511191,0.48752735523812835,0.004740441810752582,COMPLETE
900,1.0033707974915385,0.9918747681743537,0.571463069244899,0.4250549688468649,0.0034819619082361248,COMPLETE
901,1.0032284328281087,0.984268965209743,0.5008094209948123,0.4913377946398886,0.007852784365299117,COMPLETE
902,1.0041986631814286,0.8765285217200178,0.8756661526780427,0.10898216339287763,0.015351683929079669,COMPLETE
903,1.0032269099727629,0.9893364267345017,0.5023372890344998,0.49235584818561307,0.005306862779887102,COMPLETE
904,1.0033081963610762,0.9062079768573523,0.5011511795017602,0.45206078038138636,0.0467880401168534,COMPLETE
905,1.0033132832985834,0.9026787487711566,0.5017670375917802,0.44974430710319857,0.04848865530502124,COMPLETE
906,1.0032169128108757,0.9991300757680379,0.5016953907917032,0.4978711219538481,0.00043348725444869327,COMPLETE
907,1.0032324536975332,0.9804173305085273,0.5010482900373323,0.48918090353426363,0.009770806428404064,COMPLETE
908,1.0032180556950763,0.9964232004657961,0.501083960993747,0.49713151635032865,0.0017845226559244042,COMPLETE
909,1.00344414785544,0.8915930587151703,0.563399190454859,0.3892702512198718,0.04733055832526924,COMPLETE
910,1.0045617437801353,0.31377165609081614,0.999197984154439,0.0002516498400727684,0.0005503660054882864,COMPLETE
911,1.0033323547215436,0.9997242177557795,0.5568049069908996,0.4430728676717228,0.0001222253373775784,COMPLETE
912,1.0033745142099597,0.9968814935461959,0.5749315732529034,0.42374284811497737,0.0013255786321191634,COMPLETE
913,1.0035341013388723,0.7871754371727688,0.5482790157191133,0.35558366328142044,0.09613732099946627,COMPLETE
914,1.003311745054725,0.9954498307963036,0.545651410554131,0.4522812264864295,0.002067362959439511,COMPLETE
915,1.0034349672396667,0.8837394274849153,0.5546993131181138,0.39352977408363765,0.05177091279824856,COMPLETE
916,1.0033430994042722,0.9994767220056712,0.561631687333,0.4381389241755703,0.0002293884914297013,COMPLETE
917,1.003584762809656,0.7512808807468367,0.5510090590030368,0.33731830959954956,0.1116726313974137,COMPLETE
918,1.0032249294797742,0.9925889867157487,0.5027987465850194,0.4935164883209757,0.0036847650940048235,COMPLETE
919,1.0033338380784307,0.88454098734524,0.5016795220062528,0.44078488761894113,0.057535590374806114,COMPLETE
920,1.0033742738264688,0.849505445237483,0.5005640158458318,0.42427358808650717,0.07516239606766106,COMPLETE
921,1.003317526692676,0.8962011273956593,0.5001118823434146,0.44800029461552576,0.05188782304105959,COMPLETE
922,1.0034112023453954,0.9052411128947461,0.5537782111841438,0.40393830870555003,0.04228348011030618,COMPLETE
923,1.003595231015159,0.8666672781129867,0.6255145324011179,0.32455430089679227,0.04993116670208987,COMPLETE
924,1.0032785643205524,0.9992549683628903,0.5315384780529356,0.46811250329244525,0.00034901865461912555,COMPLETE
925,1.0033096647066841,0.998362387719557,0.5458019944849093,0.4534542052835065,0.0007438002315842357,COMPLETE
926,1.0033585217668266,0.9997628107246574,0.5687415347972332,0.43115617531992,0.0001022898828467859,COMPLETE
927,1.0034266285120093,0.8945422596570878,0.5561043285283658,0.39708343701023596,0.04681223446139827,COMPLETE
928,1.0032973654613675,0.9222221183115182,0.5046336467582739,0.45683780762683646,0.03852854561488964,COMPLETE
929,1.0034683520161014,0.8832434725685703,0.5713120145420245,0.37863586492432705,0.050052120533648464,COMPLETE
930,1.0033068483349277,0.9972011325907303,0.5440418401963512,0.45468199337018383,0.0012761664334650239,COMPLETE
931,1.0035227931819417,0.744503933291889,0.5024494923061136,0.37042830998947474,0.1271221977044117,COMPLETE
932,1.0033620658716607,0.8622790144636727,0.5026207836387928,0.42887966049865556,0.06849955586255162,COMPLETE
933,1.0034389824092347,0.87748964450595,0.5533962190193011,0.3918901930077666,0.05471358797293226,COMPLETE
934,1.0032247001198717,0.998218644182899,0.5051331430335696,0.49398532301208276,0.0008815339543476581,COMPLETE
935,1.0033174089304397,0.8995537562458571,0.5020984201893274,0.44788923635943695,0.05001234345123566,COMPLETE
936,1.0033459074255944,0.8722699315975806,0.5003299770598851,0.4358471367313355,0.06382288620877935,COMPLETE
937,1.0034413643055642,0.8866036762274323,0.5594531356297333,0.39059046950114645,0.04995639486912023,COMPLETE
938,1.0032307061676042,0.999312993676433,0.5085402053714929,0.49112215864181835,0.0003376359866887218,COMPLETE
939,1.004020949995391,0.9936654915713997,0.8267062601908909,0.17219600915366465,0.0010977306554444662,COMPLETE
940,1.0033196342359034,0.9009922929639358,0.5041593725281988,0.4467485838904949,0.049092043581306345,COMPLETE
941,1.0032845134932862,0.9988178804202767,0.5341806719989027,0.46526867385285364,0.0005506541482436242,COMPLETE
942,1.003232265013832,0.9955096141026432,0.5076793226898489,0.4901099674837804,0.0022107098263706706,COMPLETE
943,1.0041772603422008,0.5123276610481216,0.7888040289784275,0.1082015378562691,0.1029944331653034,COMPLETE
944,1.0034335008910609,0.8919654599394184,0.5582454489421035,0.39402980131468796,0.04772474974320854,COMPLETE
945,1.00322573550728,0.9903846079002565,0.5022222004418491,0.4929914708368518,0.004786328721299144,COMPLETE
946,1.0033644034582756,0.9951724138156649,0.5697579554318011,0.4281650140179214,0.0020770305502775224,COMPLETE
947,1.0035307226208459,0.94443966699888,0.625948339626808,0.35326922556323564,0.020782434809956375,COMPLETE
948,1.0033289709497533,0.8891728335015404,0.501953440832025,0.44284947023108095,0.05519708893689407,COMPLETE
949,1.0043998061033232,0.5990425041632037,0.9299831195573756,0.04194308739404539,0.028073793048579054,COMPLETE
950,1.0034422525669278,0.8886166152313821,0.5609378851096168,0.39015789041022453,0.04890422448015865,COMPLETE
951,1.0033318923467502,0.9989222438234133,0.5562957650072615,0.4432260300128974,0.0004782049798410894,COMPLETE
952,1.003230824760297,0.9886709846185407,0.5039787415529283,0.490401825980594,0.00561943246647765,COMPLETE
953,1.0032339684186804,0.9987193204370572,0.5098808850809705,0.4894914293851451,0.0006276855338843924,COMPLETE
954,1.0033085888570847,0.9990788813156809,0.5455750501221077,0.454006370565939,0.00041857931195329705,COMPLETE
955,1.003302100888819,0.9107161359069407,0.5005608338744281,0.4548473074944655,0.04459185863110644,COMPLETE
956,1.00348031127501,0.9843514740900708,0.6172894819458979,0.37672166259633005,0.005988855457772026,COMPLETE
957,1.0033715401153138,0.8518947092756763,0.5007143335610036,0.4253388176565612,0.07394684878243525,COMPLETE
958,1.0034898427827494,0.9944904164951281,0.6245373213042612,0.3733940357145018,0.002068642981237043,COMPLETE
959,1.0033036149849568,0.9088099612479035,0.5002460262199128,0.4541813895445668,0.04557258423552039,COMPLETE
960,1.0032320680867686,0.9861712762206074,0.503476704307942,0.48965701218589885,0.006866283506159142,COMPLETE
961,1.003230976417707,0.9918575089008457,0.5054606134439137,0.49051260400287217,0.004026782553214173,COMPLETE
962,1.0033321219664064,0.9988105817260573,0.5563598725704254,0.4431124537549556,0.0005276736746190039,COMPLETE
963,1.0033097881691289,0.9035068750575894,0.5003893934267926,0.4514016178905854,0.04820898868262204,COMPLETE
964,1.003322656395381,0.8926143536814009,0.5006704780680971,0.4457086984932884,0.053620823438614525,COMPLETE
965,1.0036338334226707,0.8041307965396737,0.6149083500405926,0.30966405522263546,0.07542759473677192,COMPLETE
966,1.003431375656994,0.8911553928506881,0.5567581226438859,0.3949973893431644,0.04824448801294972,COMPLETE
967,1.0035331332973982,0.7399917162462901,0.5049696178837163,0.3663183820562856,0.1287120000599981,COMPLETE
968,1.0033526542288653,0.8674822142765346,0.5008783267567384,0.43297917429847355,0.06614249894478806,COMPLETE
969,1.0033686826318138,0.9941501145650398,0.5713271248861519,0.42616518790535707,0.002507687208491027,COMPLETE
970,1.0033206022134498,0.9969682216892788,0.550352293080536,0.44828447475416,0.001363232165303959,COMPLETE
971,1.0033174648530487,0.8967366155155017,0.5004083811693877,0.44800209741007385,0.051589521420538464,COMPLETE
972,1.0035789305751452,0.7618136038324692,0.5559941463049481,0.33824969952613954,0.10575615416891233,COMPLETE
973,1.0033445315927974,0.995583089790186,0.5608571364215046,0.43720320898078857,0.0019396545977068355,COMPLETE
974,1.003423644022599,0.8757636576383386,0.5444749853243818,0.39893225299807733,0.056592761677540925,COMPLETE
975,1.003418784837745,0.8930367682681504,0.5513630361203063,0.40064930434875656,0.04798765953093713,COMPLETE
976,1.0032293143949924,0.99005789798972,0.503847696192187,0.49121950699072037,0.004932796817092715,COMPLETE
977,1.0032239491961636,0.999792623190001,0.5054381427990177,0.49445929654068876,0.000102560660293545,COMPLETE
978,1.0035566460857,0.9054806291853508,0.6233102548289771,0.3410852674651273,0.03560447770589564,COMPLETE
979,1.0032706741814328,0.9998344532558952,0.5280221884124768,0.4718996771975251,7.813438999804667e-05,COMPLETE
980,1.0032277828633325,0.9927574394456649,0.504281146617822,0.49212857956863204,0.0035902738135460085,COMPLETE
981,1.0032237009647165,0.9942616663183265,0.5029264672583882,0.49422115894641216,0.002852373795199644,COMPLETE
982,1.00358965410119,0.7544804099218587,0.5567969565763115,0.3343880138809199,0.10881502954276866,COMPLETE
983,1.0032194236768086,0.9944236905887798,0.5008839932684115,0.4963327814459605,0.0027832252856280146,COMPLETE
984,1.0033767051008602,0.994963556196633,0.5752382486307205,0.4226224626786884,0.002139288690591116,COMPLETE
985,1.0034282916270558,0.9100697693425199,0.5645671205568015,0.396274300159021,0.039158579284177555,COMPLETE
986,1.004276233556442,0.3272305377116156,0.6765436911431785,0.10584478187343212,0.21761152698338943,COMPLETE
987,1.0033765848488618,0.8499775338170852,0.5022384163503281,0.42308616329943494,0.07467542035023704,COMPLETE
988,1.0033678088133269,0.8549731163469043,0.500774386309729,0.42682447869696677,0.07240113499330422,COMPLETE
989,1.0034356246361364,0.8989827837980426,0.5628292039141845,0.3930090192604329,0.044161776825382644,COMPLETE
990,1.0033351795112695,0.9933447915029088,0.5557216647691925,0.4413215702791059,0.002956764951701614,COMPLETE
991,1.003480582488543,0.7748282246128486,0.504165145750068,0.3841868398196454,0.11164801443028664,COMPLETE
992,1.0034384262709795,0.8931848848049246,0.5613372137702046,0.39180697018686705,0.04685581604292831,COMPLETE
993,1.0032329324983875,0.991120589417536,0.5061009123780487,0.4895135548366517,0.004385532785299669,COMPLETE
994,1.0034616426063119,0.8770735056132966,0.5647706929410812,0.38172809408781183,0.053501212971107014,COMPLETE
995,1.0033591645987066,0.9932411480346911,0.5666771041610337,0.4303941305328118,0.002928765306154541,COMPLETE
996,1.0033069668845465,0.9955227527533341,0.5434467911005624,0.45450910730193617,0.002044101597501476,COMPLETE
