number,value,params_catboost_fraction_of_remainder,params_official_weight,user_attrs_catboost_weight,user_attrs_residual_weight,state
599,1.003241984527238,0.9891257507641649,0.5096770901250876,0.48499101634689273,0.005331893528019725,COMPLETE
600,1.003234236297209,0.9917679707846708,0.5070256230493295,0.4889161974772039,0.004058179473466616,COMPLETE
601,1.0032332427228112,0.9785595813223184,0.5005819830470444,0.48871028557430674,0.010707731378648881,COMPLETE
602,1.003245683105008,0.99940072297869,0.5158553907152857,0.48385447254537883,0.0002901367393354463,COMPLETE
603,1.0034562709988317,0.877921253484577,0.5624837171634417,0.38410484344778395,0.05341143938877434,COMPLETE
604,1.0033666356059243,0.9957392749026764,0.5709721096844556,0.4271999204158252,0.0018279698997192193,COMPLETE
605,1.003344732452197,0.9993756475660078,0.5623398204968714,0.4373869253047944,0.0002732541983342285,COMPLETE
606,1.0033360422325757,0.8840854821346907,0.5025971844917623,0.439746607963753,0.05765620754448475,COMPLETE
607,1.0032458326383398,0.9665894500413849,0.5012280538902838,0.48210770108626183,0.01666424502345437,COMPLETE
608,1.0033261666233029,0.8909155473433659,0.5015187199618089,0.4441047224456467,0.05437655759254444,COMPLETE
609,1.0033657564050025,0.9994571318852006,0.5718992674826826,0.42786833027971144,0.00023240223760592765,COMPLETE
610,1.0033535266002644,0.8665514228319103,0.5007347092403663,0.43263904807834797,0.0666262426812857,COMPLETE
611,1.0036187561098615,0.7444981890703667,0.5671083043527669,0.32228708347296536,0.11060461217426772,COMPLETE
612,1.0035680065842134,0.8931267517144234,0.623674505707771,0.3361063663045432,0.04021912798768574,COMPLETE
613,1.003237978827556,0.9979554730146856,0.5115121838719838,0.4874890896059451,0.0009987265220710436,COMPLETE
614,1.0033703352598382,0.9992341896577722,0.5738817674549713,0.42579190679553386,0.00032632574949480495,COMPLETE
615,1.0033374534614719,0.8789360907144148,0.5000449836652946,0.43942850759028734,0.06052650874441804,COMPLETE
616,1.0033068394804883,0.9999958628683341,0.5451106259059308,0.4548874921568351,1.8819372340530832e-06,COMPLETE
617,1.0032201687071758,0.9987997009621638,0.5031561303764058,0.49624750840493015,0.0005963612186640392,COMPLETE
618,1.0033005733556895,0.9113323938277165,0.5001090647939147,0.4555668026341376,0.04432413257194767,COMPLETE
619,1.0034523417193673,0.890865847976615,0.5671263028342005,0.3856323932923824,0.04724130387341706,COMPLETE
620,1.0032234667312305,0.99904143144237,0.5048804884994297,0.49464490550457674,0.0004746059959935673,COMPLETE
621,1.003231774966508,0.9980339204240289,0.5085193681646416,0.4905143418031216,0.0009662900322368492,COMPLETE
622,1.0032214132836963,0.9940987256648691,0.5017250987881913,0.4953344443254476,0.0029404568863611214,COMPLETE
623,1.0047227918314112,0.1573534542207335,0.5545140405941997,0.07009875451934013,0.3753872048864601,COMPLETE
624,1.003227858286879,0.9881923327115976,0.5022961028189179,0.4918271751550266,0.005876722026055472,COMPLETE
625,1.0035865083781077,0.7553810212955697,0.5555452899037481,0.33573265283213316,0.10872205726411878,COMPLETE
626,1.0033406155187268,0.8802388190476121,0.502639522143081,0.4377959996697304,0.05956447818718857,COMPLETE
627,1.003421357212298,0.8911567173448376,0.5516845331917468,0.3995193397357614,0.048796127072491785,COMPLETE
628,1.0034610439216862,0.8643244701001276,0.557565823141905,0.38240668546705914,0.060027491391035914,COMPLETE
629,1.0034430976494795,0.8862604977070266,0.5601519454346615,0.3898199557545443,0.05002809881079419,COMPLETE
630,1.0033748798333557,0.9898345360448865,0.5725725444644696,0.4230824571428581,0.004344998392672325,COMPLETE
631,1.0034186419621582,0.8820078171148701,0.5453633303134282,0.40099309661062743,0.053643573075944376,COMPLETE
632,1.0032307124999826,0.9881360856264259,0.5036849111347461,0.49042684914864365,0.005888239716610216,COMPLETE
633,1.0032330736716528,0.9970591033585052,0.508738868059379,0.48981638372759995,0.0014447482130210928,COMPLETE
634,1.0034677914009311,0.8817067342631736,0.5702576766270048,0.37890670051587233,0.05083562285712291,COMPLETE
635,1.0032402797970066,0.9935406841037527,0.5107550490333003,0.48608476327776184,0.003160187688937917,COMPLETE
636,1.0034024404577542,0.8297248089086382,0.5022435805044454,0.413000850048997,0.0847555694465576,COMPLETE
637,1.003377793664513,0.9904252696976528,0.5741050722825453,0.42181709864742245,0.004077829070032299,COMPLETE
638,1.0034216889667904,0.9987673180583333,0.5965038771151853,0.40299874050060214,0.0004973823842126399,COMPLETE
639,1.0033336243699469,0.8927925643993319,0.5067172353209173,0.4403991844518304,0.0528835802272523,COMPLETE
640,1.0032209776289538,0.9998750762005426,0.5040153910860626,0.49592264863211943,6.196028181791582e-05,COMPLETE
641,1.0032243439467112,0.993401385137679,0.5028667493567366,0.4938528597870148,0.003280390856248614,COMPLETE
642,1.0032295887087144,0.9915279257797718,0.504631912209034,0.49117129258486836,0.004196795206097593,COMPLETE
643,1.0034353919293437,0.8927919070774274,0.5596172303397322,0.39317017276902994,0.04721259689123788,COMPLETE
644,1.0033594859270754,0.8656705370062631,0.5034854518525883,0.4298180155261919,0.06669653262121976,COMPLETE
645,1.0032328929077887,0.9835888628297741,0.5027193227279283,0.4891197358652569,0.008160941406814812,COMPLETE
646,1.0034631486009922,0.8845465181596655,0.5693631559312032,0.380918321012321,0.04971852305647581,COMPLETE
647,1.0034276119931949,0.8961581766750482,0.5574206956129144,0.3966210624536418,0.04595824193344383,COMPLETE
648,1.003448865004947,0.8750726097766375,0.5571730400929654,0.38750574348530314,0.05532121642173142,COMPLETE
649,1.0032289242089019,0.9839151143842401,0.5008928686290312,0.49107905025285675,0.008028081118112101,COMPLETE
650,1.0033343598334519,0.8837779467788799,0.5014774408969955,0.4405832437070061,0.057939315395998385,COMPLETE
651,1.003527044106787,0.9948082331460828,0.64029484758367,0.3578376471288317,0.0018675052874983372,COMPLETE
652,1.0033153093866312,0.996172650585647,0.5475907106418992,0.4506777609294282,0.0017315284286725983,COMPLETE
653,1.003389060171828,0.9911045343363585,0.5794234177739591,0.4168353576799174,0.003741224546123452,COMPLETE
654,1.0033646978543365,0.8572183104441542,0.5005868226525813,0.42810612009930105,0.07130705724811771,COMPLETE
655,1.003323447536587,0.8928412805334055,0.5012416614643235,0.44531203365490724,0.05344630488076934,COMPLETE
656,1.003226625397112,0.9878395014374273,0.5015261694294717,0.49241214027039526,0.006061690300133032,COMPLETE
657,1.0032312807857067,0.9864162632351918,0.5031964622794031,0.4900550892403749,0.006748448480222037,COMPLETE
658,1.0033867300019204,0.8396474311668138,0.5005325889433643,0.4193765286452433,0.08009088241139246,COMPLETE
659,1.0034745712398419,0.8826574255252765,0.5741246337863446,0.37590205433677937,0.04997331187687601,COMPLETE
660,1.003388111891113,0.9888773714046444,0.5782036594856357,0.4171048564759429,0.004691484038421425,COMPLETE
661,1.0034359655569656,0.8761670296581417,0.5511123316528216,0.39330057502591637,0.05558709332126205,COMPLETE
662,1.0033482255087949,0.989831274621551,0.5604056199289202,0.4351242655422274,0.004470114528852361,COMPLETE
663,1.0033631097241187,0.8587159166690621,0.5007357185156167,0.42872618513498284,0.07053809634940045,COMPLETE
664,1.003623935837558,0.6964694889981229,0.5231385892591823,0.33211942306158126,0.1447419876792364,COMPLETE
665,1.0032244594622375,0.9869320267213065,0.5000403247013997,0.49342621562137395,0.0065334596772263715,COMPLETE
666,1.003258796131448,0.9980769641673392,0.5216298924885889,0.47745018465339284,0.0009199228580182652,COMPLETE
667,1.0036109488472054,0.8460000669937892,0.6239811397716286,0.31811198094413046,0.05790687928424095,COMPLETE
668,1.0033633241203255,0.9886658287756838,0.5668881157067964,0.4282029200373382,0.004908964255865411,COMPLETE
669,1.0032320524747373,0.9953812142730198,0.5075199057314849,0.4902054342382859,0.00227466003022926,COMPLETE
670,1.0032203588663728,0.9994015944971137,0.5035084229131446,0.49619447379499,0.00029710329186545043,COMPLETE
671,1.0034493647970328,0.8672409647225812,0.5531067931883558,0.3875640958032983,0.05932911100834591,COMPLETE
672,1.0033381685771787,0.9930756185332138,0.5569984739728727,0.43993401447054703,0.0030675115565802448,COMPLETE
673,1.0032169740644379,0.9981730911613379,0.5013114490564703,0.49777749242207137,0.0009110585214583295,COMPLETE
674,1.0032134440380358,0.9999516357301368,0.5003396687723017,0.4996361655205988,2.416570709943744e-05,COMPLETE
675,1.003223477330502,0.9940047091620061,0.502703529097391,0.4943150339268399,0.002981436975769103,COMPLETE
676,1.0033346332442294,0.8869345667182317,0.5036325623049863,0.4402454382850658,0.056121999409947866,COMPLETE
677,1.003448770316128,0.9046270607532625,0.5720086074586278,0.3871725954623973,0.04081879707897487,COMPLETE
678,1.0036015539838345,0.6928700169624633,0.5000516733242898,0.3463992055841545,0.15354912109155572,COMPLETE
679,1.0034542042121088,0.8762870941062764,0.5605639355323504,0.385072151977855,0.05436391248979461,COMPLETE
680,1.0033397492160976,0.8854757189275575,0.5055034386876603,0.437864698135249,0.05663186317709069,COMPLETE
681,1.0033599337650392,0.8606729134807157,0.5002992931923969,0.4300788631964727,0.06962184361113043,COMPLETE
682,1.0033214608963377,0.9966275335114234,0.5506209435778743,0.44786354061367395,0.001515515808451786,COMPLETE
683,1.0034041904494542,0.9953809077694659,0.5876606363995166,0.410434730049733,0.001904633550750384,COMPLETE
684,1.003352325426048,0.8759852795096672,0.5063389279481015,0.4324398321844243,0.061221239867474235,COMPLETE
685,1.0033336391141172,0.9943293962966862,0.5553825825100026,0.44209616831582077,0.0025212491741766186,COMPLETE
686,1.0033475792053708,0.8726679999332803,0.501528992483025,0.4349996971545657,0.06347131036240933,COMPLETE
687,1.0033101191142464,0.997911813023361,0.545841040801588,0.4532105903744899,0.0009483688239220647,COMPLETE
688,1.003284824234095,0.927790053313056,0.5011672525616386,0.4628120613401355,0.036020686098225896,COMPLETE
689,1.0034792971002138,0.8746507401364284,0.5724542138265614,0.3739532383188093,0.05359254785462937,COMPLETE
690,1.003357996862897,0.9885630669054088,0.5644139147286502,0.4306043163571665,0.004981768914183303,COMPLETE
691,1.003335961993341,0.8838995579897789,0.5024344971651575,0.4397979280266794,0.05776757480816312,COMPLETE
692,1.0032360873511035,0.9954115060833412,0.5095080472690711,0.488241333389653,0.0022506193412759785,COMPLETE
693,1.0032467222304973,0.9637684012352098,0.5003047129246156,0.48159052792941237,0.018104759145971983,COMPLETE
694,1.003306585533726,0.9965676342284222,0.5436739981676793,0.45475972408295057,0.0015662777493702037,COMPLETE
695,1.0035652025520936,0.7656083396104597,0.5504818905621803,0.34415481339152204,0.10536329604629763,COMPLETE
696,1.0034404027719146,0.8879325661378648,0.559653856103145,0.3909976815392479,0.049348462357607085,COMPLETE
697,1.0032946455476757,0.9166247022707865,0.5000365007049469,0.4582788936875887,0.04168460560746447,COMPLETE
698,1.0033775787655894,0.847868884956066,0.5012849128128137,0.4228450048841669,0.07587008230301938,COMPLETE
699,1.003509004736183,0.7525777518760982,0.5012989816274434,0.37531129126513946,0.12338972710741722,COMPLETE
700,1.0033104916849542,0.9024314992236183,0.5001192910484237,0.4511080976121362,0.0487726113394401,COMPLETE
701,1.003233078404347,0.9783423583001836,0.5003986790717181,0.48878113452686217,0.01082018640141973,COMPLETE
702,1.003341133194838,0.8821136549037885,0.5041290657130748,0.4374145222043959,0.0584564120825293,COMPLETE
703,1.003317399923519,0.9983350559586699,0.5493861487521996,0.4498636044012246,0.0007502468465758368,COMPLETE
704,1.0034357796590707,0.8862495089513956,0.5564380166277996,0.39310658995311976,0.050455393419080674,COMPLETE
705,1.0032203608136039,0.9992127237879337,0.5034282651208429,0.4961807957647022,0.0003909391144548599,COMPLETE
706,1.0035674821277543,0.8905072571914107,0.6223758968603895,0.3362770043362209,0.04134709880338958,COMPLETE
707,1.0033936296201897,0.994297603367529,0.582589835007747,0.41502992667304206,0.0023802383192109726,COMPLETE
708,1.0033471196002102,0.9991480448304179,0.563344999918984,0.4362829895963731,0.000372010484642912,COMPLETE
709,1.0033257144602556,0.892840804281361,0.5024713652686335,0.4442138663865608,0.053314768344805745,COMPLETE
710,1.003217053964011,0.9987511157587009,0.501601197520215,0.49777636006948567,0.0006224424102993451,COMPLETE
711,1.003358903508323,0.9885229781072208,0.564814062769826,0.43019129870115363,0.004994638529020348,COMPLETE
712,1.003416560459588,0.9133444992200657,0.5603731598993009,0.4015307561154729,0.038096083985226195,COMPLETE
713,1.0034754028163195,0.8535214075001873,0.5589688304731029,0.376429544566051,0.06460162496084616,COMPLETE
714,1.0032618234909394,0.9991008840929766,0.5235003073528613,0.47607126419378787,0.0004284284533508066,COMPLETE
715,1.0044327048242316,0.1978460522967712,0.8791412531854488,0.023911425942793933,0.0969473208717573,COMPLETE
716,1.0034419476631717,0.8800485919353986,0.5563005025072449,0.39047711801094304,0.05322237948181203,COMPLETE
717,1.0034132318405995,0.9063310983237657,0.5553300375186655,0.40301821548729555,0.041651746994038924,COMPLETE
718,1.0032350163427195,0.980131040027144,0.5021949829228717,0.487914149118536,0.00989086795859235,COMPLETE
719,1.0032334731641757,0.984816519529877,0.5035634027455346,0.48889896187539794,0.007537635379067477,COMPLETE
720,1.003232601195113,0.992661483131497,0.506611432067642,0.48976782760385984,0.0036207403284981244,COMPLETE
721,1.0032303336062958,0.9869013714153592,0.502944692591037,0.4905445645511885,0.006510742857774481,COMPLETE
722,1.0045281315586985,0.26725772984644147,0.5051099192432686,0.13226319950656612,0.36262688125016523,COMPLETE
723,1.003305075943424,0.9998757046397534,0.5442429770466986,0.45570037446994854,5.664848335290165e-05,COMPLETE
724,1.0033320349220805,0.997000620788316,0.5556460067513926,0.4430212071186287,0.0013327861299786577,COMPLETE
725,1.003396014349892,0.8321189426314516,0.5002734860518697,0.41583189839141954,0.08389461555671078,COMPLETE
726,1.0045601147918142,0.835855837505834,0.9989761255475982,0.0008558114379131492,0.00016806301448866928,COMPLETE
727,1.003308058535146,0.9061213523245364,0.5010260159488291,0.4521309812032086,0.04684300284796227,COMPLETE
728,1.0035878463206602,0.7601124912621382,0.5601889871046968,0.3343058446963733,0.1055051681989299,COMPLETE
729,1.0034887455794221,0.9883921035245169,0.6221896910643387,0.3734247259821658,0.004385582953495445,COMPLETE
730,1.0034303979146126,0.8896458651535363,0.5554818207002259,0.3954637601996223,0.04905441910015181,COMPLETE
731,1.0032182148757878,0.9952978982794511,0.5006700762228982,0.496982023683388,0.00234790009371384,COMPLETE
732,1.003346732973211,0.99340236168752,0.5610570901333198,0.43604692330755235,0.0028959865591278414,COMPLETE
733,1.0033638607468212,0.9982273079047814,0.5706073906342132,0.42863142848141883,0.0007611808843680079,COMPLETE
734,1.003460646033079,0.8717674978657898,0.5614449348524096,0.38231805182008327,0.056237013327507086,COMPLETE
735,1.0034423701616622,0.87985831695737,0.5564150371811112,0.39029191881342506,0.05329304400546373,COMPLETE
736,1.003408748532498,0.8919401852357568,0.5456698060549148,0.40523535734557664,0.0490948365995086,COMPLETE
737,1.0032320473348213,0.9940934217955564,0.5069613204464595,0.49012650803494195,0.0029121715185986075,COMPLETE
738,1.0032288678455559,0.9950977449451551,0.5058346657784958,0.49174280971388773,0.002422524507616475,COMPLETE
739,1.0032974905202343,0.9150023255492782,0.5006072075522623,0.45694556645222806,0.04244722599550971,COMPLETE
740,1.0033448694796245,0.997530106867606,0.5617283889301671,0.4371891270275283,0.0010824840423046284,COMPLETE
741,1.003370020907043,0.8540901230426186,0.5014131147580783,0.42583813416370886,0.07274875107821287,COMPLETE
742,1.0033188711742913,0.8989416761163713,0.5025141194453596,0.44721079131001734,0.05027508924462306,COMPLETE
743,1.0033123413073286,0.9930934741884162,0.545014883160364,0.4518427503862966,0.003142366453339416,COMPLETE
744,1.0033265790601005,0.8909566511844137,0.5017687987659519,0.4439024025670752,0.05432879866697288,COMPLETE
745,1.0032414351769845,0.9700577424498802,0.5006812780440165,0.4843679921835808,0.014950729772402721,COMPLETE
746,1.0033371451863484,0.8800310653087717,0.500589973530456,0.4394963376198747,0.05991368884966931,COMPLETE
747,1.0036776929198605,0.7567343377061342,0.6114200994989175,0.2940517536516022,0.09452814684948031,COMPLETE
748,1.0034573126003148,0.8888643488256275,0.5686080113111127,0.38344895911454024,0.04794302957434703,COMPLETE
749,1.0044797817927853,0.18467675394163935,0.6753949788898573,0.05994700161177846,0.2646580194983642,COMPLETE
750,1.0034251501804754,0.9979115954610618,0.5977369479006622,0.4014229641154864,0.0008400879838513968,COMPLETE
751,1.0032377189622292,0.9952547124556745,0.51023827670319,0.4874376630915623,0.0023240602052477253,COMPLETE
752,1.003302625601732,0.9974250553315124,0.5421538326413013,0.45666723881107085,0.0011789285476277727,COMPLETE
753,1.0033460892827668,0.8779034251725752,0.5041442398538276,0.4353134702238757,0.06054228992229672,COMPLETE
754,1.0032275584256571,0.990985239495006,0.5033902314979449,0.4921329503745686,0.004476818127486513,COMPLETE
755,1.0033649257135002,0.856322541855268,0.500082918660404,0.42809026580958964,0.07182681553000637,COMPLETE
756,1.0034232866300214,0.8911842135953196,0.552678776340668,0.39864561293133793,0.04867561072799414,COMPLETE
757,1.0035054954740819,0.7543743625538035,0.5007242772112049,0.3766408051173868,0.12263491767140827,COMPLETE
758,1.0035888439056444,0.8754846734825474,0.6262077124963769,0.32724941877540403,0.046542868728219146,COMPLETE
759,1.0032235418471607,0.9974100352145155,0.5042161871985144,0.4944997501851166,0.0012840626163690653,COMPLETE
760,1.003341976654703,0.9881681475978848,0.5568928580758916,0.4378643636225392,0.00524277830156914,COMPLETE
761,1.0042187648886245,0.40173956321489923,0.7481617380416185,0.10117339335995958,0.15066486859842199,COMPLETE
762,1.0033197217990788,0.8954886880059852,0.5008611580768175,0.44697318668661756,0.05216565523656493,COMPLETE
763,1.0033767973383918,0.9979659768307174,0.5763387357846943,0.4227995273879642,0.0008617368273414822,COMPLETE
764,1.0034435367587085,0.8670857251687065,0.5499665468757646,0.3902175830524047,0.05981587007183065,COMPLETE
765,1.0033188749659727,0.9956741733226603,0.5490576959783892,0.4489916057729331,0.0019506982486777213,COMPLETE
766,1.0034495889758113,0.8895023245803283,0.5650699461666098,0.3868712939146479,0.0480587599187423,COMPLETE
767,1.0032281305260886,0.9946966343382131,0.5052983118175837,0.4920781042364817,0.0026235839459346406,COMPLETE
768,1.0033345815115184,0.9965336147074412,0.5566436121118131,0.44181954382584926,0.0015368440623376174,COMPLETE
769,1.003239236462224,0.9888770673738491,0.5082181544315946,0.4863117892333839,0.005470056335021539,COMPLETE
770,1.0033044006838567,0.911394114681774,0.5021788461147582,0.4537112698150992,0.04410988407014267,COMPLETE
771,1.0032372550576272,0.9822880340042587,0.5042954184087104,0.48692467889821156,0.008779902693078101,COMPLETE
772,1.0032402217749112,0.9979077873687945,0.5125832545651351,0.486396965963405,0.001019779471459907,COMPLETE
773,1.0032326317857285,0.9925608681866513,0.5065826301137055,0.4897467730327145,0.003670596853579953,COMPLETE
774,1.0033581275214087,0.9995233163037741,0.5684776909791023,0.43131660937162974,0.00020569964926801142,COMPLETE
775,1.003482200525306,0.850523502475925,0.5608331508142204,0.37352172674080564,0.065645122444974,COMPLETE
776,1.003971399240229,0.5462026616666666,0.6418946624979799,0.19559808850064336,0.16250724900137675,COMPLETE
777,1.003961545987412,0.6990438731224201,0.7379848278129759,0.18316010078245512,0.07885507140456896,COMPLETE
778,1.0034787010794493,0.8314346074201676,0.547266106048036,0.3764186273837549,0.076315266568209,COMPLETE
779,1.0035944642034986,0.756984710358201,0.5618329517849822,0.3316857560815532,0.10648129213346466,COMPLETE
780,1.0032249944300469,0.9972495572105622,0.5048609506757046,0.49377719769631234,0.0013618516279831018,COMPLETE
781,1.003450184666393,0.885135266647125,0.5631499897165191,0.3866713503370682,0.05017865994641271,COMPLETE
782,1.00322002028468,0.9952074884126149,0.5015230154999696,0.4960880277757692,0.0023889567242611986,COMPLETE
783,1.0033585926082806,0.8640458042241717,0.5018744874090133,0.4304032591312569,0.06772225345972986,COMPLETE
784,1.0033708470123406,0.9989324265634234,0.5740056732924327,0.425539546480242,0.00045478022732533104,COMPLETE
785,1.0034136911084715,0.8849625463728081,0.5444293770559173,0.40316293853324187,0.05240768441084082,COMPLETE
786,1.003347292449156,0.8719859364574913,0.5009134322525862,0.43519646815058377,0.06389009959682998,COMPLETE
787,1.003422643593517,0.8893019347591353,0.5513620288734916,0.398974615729217,0.04966335539729139,COMPLETE
788,1.0033443078277737,0.9965442454607585,0.5611093870391572,0.43737391473287285,0.0015166982279699245,COMPLETE
789,1.003329903344131,0.8881521027502307,0.5018193859468162,0.44246015992073634,0.05572045413244747,COMPLETE
790,1.003299209794873,0.9998640678201608,0.5414988136516532,0.4584388612826276,6.232506571919202e-05,COMPLETE
791,1.003472406704827,0.7777525114097571,0.5015276353834208,0.38768813344890457,0.11078423116767458,COMPLETE
792,1.003590798503074,0.8832209051712607,0.6302809777961073,0.3265435694499556,0.04317545275393715,COMPLETE
793,1.0033093819089136,0.9035231231491925,0.5001810809036781,0.4515979507909623,0.04822096830535958,COMPLETE
794,1.0034327636604259,0.8827240224284233,0.5530298129990915,0.3945513213750265,0.052418865625881994,COMPLETE
795,1.0032311818064545,0.9815754759751251,0.5009469434714662,0.4898582414988366,0.00919481502969724,COMPLETE
796,1.003233264661262,0.9983640143245779,0.5093871141773145,0.4898102501693021,0.0008026356533834184,COMPLETE
797,1.0033185940769869,0.8982676667040428,0.5019553481542675,0.44737740732789355,0.05066724451783904,COMPLETE
