number,value,params_catboost_fraction_of_remainder,params_official_weight,user_attrs_catboost_weight,user_attrs_residual_weight,state
997,1.0043543750304094,0.9761484858678767,0.9354745344345523,0.06298643551163158,0.0015390300538161094,COMPLETE
998,1.0033769938400772,0.9999814885085455,0.5771304799644354,0.42286169209005803,7.827945506501394e-06,COMPLETE
999,1.0035601580728113,0.8626505138128143,0.6067819171159692,0.339209781240399,0.05400830164363183,COMPLETE
