number,value,params_catboost_fraction_of_remainder,params_official_weight,user_attrs_catboost_weight,user_attrs_residual_weight,state
0,1.0045631841711506,0.5,1.0,0.0,0.0,COMPLETE
1,1.0042438511006704,1.0,0.9,0.09999999999999998,0.0,COMPLETE
2,1.0038245815412545,1.0,0.75,0.25,0.0,COMPLETE
3,1.003285005096877,1.0,0.5,0.5,0.0,COMPLETE
4,1.0044907706533022,0.0,0.9,0.0,0.09999999999999998,COMPLETE
5,1.004651297903025,0.0,0.75,0.0,0.25,COMPLETE
6,1.005637919886874,0.0,0.5,0.0,0.5,COMPLETE
7,1.0040264787705682,0.5,0.5,0.25,0.25,COMPLETE
8,1.0038255810904262,0.6090665392794814,0.5575272831948894,0.2694953263500787,0.17297739045503185,COMPLETE
9,1.004596275420836,0.24058961996534878,0.5666954820929941,0.1042485692925152,0.32905594861449067,COMPLETE
10,1.003388562407908,0.9624868299570108,0.5434174418543956,0.4394546990032254,0.01712785914237904,COMPLETE
11,1.0033092846144998,0.9701559133624855,0.5025106984605286,0.4826421877230908,0.014847113816380547,COMPLETE
12,1.0037995014150674,0.7520702292832018,0.6717901391027051,0.2468368653380363,0.08137299555925856,COMPLETE
13,1.0033086791279116,0.9683352109019715,0.5014112882551898,0.4828010053407531,0.01578770640405714,COMPLETE
14,1.0035914205953864,0.9774134893648053,0.6476328320997387,0.34440842311498865,0.007958744785272682,COMPLETE
15,1.0035538357810774,0.7981807317959108,0.551098090923766,0.35830485429104986,0.09059705478518415,COMPLETE
16,1.0041677158300608,0.546745238866366,0.8037381509098009,0.10730523156117555,0.08895661752902351,COMPLETE
17,1.0036889754166103,0.665583629417626,0.5052114743151915,0.32932314271949115,0.16546538296531738,COMPLETE
18,1.004057667716929,0.5030941476025663,0.6715564975129777,0.16523800391930984,0.1632054985677124,COMPLETE
19,1.0033276262873243,0.9996916571821065,0.5236016498124904,0.47625145617777304,0.0001468940097366274,COMPLETE
20,1.0036878874304729,0.7613355976054563,0.6108726282622289,0.2962565201066165,0.09287085163115459,COMPLETE
21,1.003408055584703,0.8811770369999872,0.5157063262537868,0.42674846446952663,0.057545209276686576,COMPLETE
22,1.0033200681450538,0.9903336433123958,0.5162646023862898,0.47905943871795603,0.004675958895754156,COMPLETE
23,1.0033826882948271,0.8881052312379025,0.5044047846879346,0.44014070329511995,0.05545451201694547,COMPLETE
24,1.0034722672592202,0.9570987423999102,0.5849797686604795,0.39721534148557486,0.017804889853945623,COMPLETE
25,1.0034687042603143,0.8108285897720214,0.5037159883281391,0.4024012653102964,0.0938827463615645,COMPLETE
26,1.0034447436588199,0.9885649257507274,0.5810593421830532,0.4141500402887709,0.004790617528175889,COMPLETE
27,1.0033232319248013,0.9552614678120334,0.5041832614461066,0.47363462543676743,0.022182113117126,COMPLETE
28,1.0035134110293762,0.9886956331357342,0.614405322108926,0.3812357741912849,0.0043589036997891155,COMPLETE
29,1.0044802188691457,0.3440037157940733,0.9572616974206822,0.014702134894016738,0.02803616768530103,COMPLETE
30,1.0033329483483329,0.955681958389991,0.5099380647075213,0.4683433500527051,0.021718585239773592,COMPLETE
31,1.0033220587258562,0.9686753120135364,0.5091843968600626,0.475440957512691,0.015374645627246483,COMPLETE
32,1.0044343974497616,0.6671077093484257,0.9508936780887418,0.032759205924745856,0.016347115986512332,COMPLETE
33,1.003330630333703,0.9689149418003201,0.5141157373736972,0.47078052204425563,0.015103740582047167,COMPLETE
34,1.0033942189507388,0.9997624792616705,0.5588314520680079,0.44106376125275953,0.00010478667923256006,COMPLETE
35,1.004520727912026,0.9552006407602619,0.9869236488465427,0.012490539000588592,0.0005858121528686968,COMPLETE
36,1.0033284598664653,0.9643327403635662,0.511036354293065,0.4715236524027285,0.01743999330420648,COMPLETE
37,1.0033643351913732,0.9020846205543347,0.5015002914868512,0.4496889204005303,0.04881078811261852,COMPLETE
38,1.0035221440506843,0.7809382879497846,0.5143843324104391,0.37923586804898335,0.10637979954057751,COMPLETE
39,1.003329712544098,0.9720381987506237,0.514833307973098,0.4716005574116284,0.013566134615273598,COMPLETE
40,1.0043960260391478,0.19867602884794766,0.8140069493612944,0.036952360694213274,0.14904068994449238,COMPLETE
41,1.0033645282423411,0.9468082767052146,0.5239587338049942,0.45071981088666174,0.02532145530834402,COMPLETE
42,1.003296414530276,0.985834654708336,0.5013379282072858,0.4915983513619138,0.00706372043080035,COMPLETE
43,1.0033378016321597,0.9784626130627528,0.5217711261187707,0.4679290735798852,0.010299800301344007,COMPLETE
44,1.0033166780978062,0.9980582605408662,0.5170572386106926,0.48200501237301474,0.00093774901629265,COMPLETE
45,1.0033061101863094,0.9949684484116891,0.5101296156012116,0.48740557628810016,0.002464808110688206,COMPLETE
46,1.0035281054139806,0.7694732521836563,0.507131365223141,0.37924923130106847,0.11361940347579062,COMPLETE
47,1.0050181286538817,0.007540045193371703,0.623799709608694,0.0028365671913100055,0.373363723199996,COMPLETE
48,1.0036542046921635,0.8253687185700787,0.6265169554637267,0.3082612218765556,0.0652218226597178,COMPLETE
49,1.0033505881670313,0.994560632166442,0.5343257474013963,0.46314127904810276,0.002532973550501022,COMPLETE
50,1.0040571267567047,0.9778672793945449,0.834106550178756,0.1622217764460753,0.0036716733751686824,COMPLETE
51,1.0033067497101562,0.9944721125669024,0.5103130379432199,0.48698002765307463,0.002706934403705427,COMPLETE
52,1.0033087611825278,0.9783946508229917,0.5055038923605478,0.4838123465672304,0.010683761072221845,COMPLETE
53,1.0033009272270232,0.9763203332730982,0.5002181640325631,0.48794716865556886,0.01183466731186801,COMPLETE
54,1.0035977461886472,0.9994320881096322,0.6556027656588962,0.34420164705671175,0.00019558728439208334,COMPLETE
55,1.0035495610268834,0.8483682166914837,0.5800564676788245,0.3562667456264381,0.06367678669473742,COMPLETE
56,1.0034528557568254,0.8238071381107612,0.50386138527617,0.408722532301876,0.08741608242195403,COMPLETE
57,1.0033081114190907,0.9866157549578415,0.5082504680460878,0.48516783571887434,0.00658169623503792,COMPLETE
58,1.0033005632774707,0.9805757889512131,0.5016874852652148,0.488633187280325,0.009679327454460193,COMPLETE
59,1.0034284974490555,0.9986013348144585,0.5758573829375953,0.4235493835502151,0.000593233512189666,COMPLETE
60,1.0036208162928286,0.7756552028473083,0.5780545685274637,0.32728416923932513,0.09466126223321114,COMPLETE
61,1.003316449473502,0.9701173575833584,0.5065844944932643,0.4786709463928515,0.01474455911388425,COMPLETE
62,1.0033355049710628,0.9890072236974412,0.5242912515597475,0.47047938858347854,0.00522935985677391,COMPLETE
63,1.0034936331395379,0.7921252478813248,0.5042827699730333,0.39267013371415466,0.103047096312812,COMPLETE
64,1.0033247021898994,0.9592565774542446,0.5067650028841936,0.4731389152139627,0.020096081901843726,COMPLETE
65,1.003319012587133,0.9548348961226031,0.5015559323875936,0.47593178952161985,0.02251227809078659,COMPLETE
66,1.0042491870630417,0.3584488601733678,0.7269156218135794,0.09788678409207538,0.17519759409434527,COMPLETE
67,1.0034927008212104,0.9773036709613209,0.6013400210088448,0.3896118609334191,0.009048118057736169,COMPLETE
68,1.003441004305883,0.9994949840986633,0.5823266174949018,0.4174624508053681,0.00021093169973014772,COMPLETE
69,1.0039986300730563,0.7644619478477866,0.7771296072214127,0.17037593458112016,0.052494458197467175,COMPLETE
70,1.003333918801394,0.9448545745542513,0.5056541030008219,0.4670849821917981,0.027260914807379962,COMPLETE
71,1.0034080624125896,0.8649518705375402,0.5053224769484279,0.42787224887633446,0.06680527417523766,COMPLETE
72,1.0033514192741781,0.9988941194001489,0.5361695619330804,0.46331749698384095,0.0005129410830786255,COMPLETE
73,1.0032994258499295,0.9919788449994368,0.5053140582099377,0.49071798917436465,0.003967952615697683,COMPLETE
74,1.0032907870001533,0.9933019441725285,0.500900467104046,0.4957565363611519,0.0033429965348020564,COMPLETE
75,1.0033208600636494,0.9840341063799811,0.5144363179774619,0.47781122392962155,0.007752458092916516,COMPLETE
76,1.0034551070727984,0.9931393090649192,0.5875026443968729,0.4096673387347959,0.0028300168683311725,COMPLETE
77,1.0033129104172438,0.9626067688106109,0.5014281718374387,0.47992861652756225,0.018643211634999022,COMPLETE
78,1.0036033698440108,0.8011633386823043,0.5843358742325769,0.3330148587702899,0.0826492669971332,COMPLETE
79,1.0033307966863512,0.9419119877479608,0.5024589396466415,0.46863988914366006,0.02890117120969846,COMPLETE
80,1.0033059036236072,0.9802838407516042,0.5046140327689544,0.4856188586116977,0.009767108619347858,COMPLETE
81,1.003428468085874,0.8423627879801167,0.5022509124977724,0.4192853090629355,0.07846377843929211,COMPLETE
82,1.003299259833036,0.9839937699124772,0.5022597261989796,0.48977332845473465,0.007966945346285717,COMPLETE
83,1.0035184895225626,0.7705879737304089,0.5008383346645127,0.38464797625476965,0.11451368908071767,COMPLETE
84,1.0033153249317464,0.9754221304153714,0.5080613440849936,0.4798478517862899,0.01209080412871651,COMPLETE
85,1.0033002393628951,0.9809403706431677,0.5016442499706373,0.4888572741459569,0.009498475883405797,COMPLETE
86,1.003598443105213,0.8221195118014077,0.5937723742909655,0.3339676573281564,0.07225996838087806,COMPLETE
87,1.0033202301414652,0.977526302146921,0.511641646895779,0.47738313503252955,0.010975218071691507,COMPLETE
88,1.003308339644725,0.9746320450971406,0.5037819104477957,0.4836300514344609,0.012588038117743349,COMPLETE
89,1.0034771459277405,0.998572764828111,0.5997120914054483,0.3997166036125236,0.0005713049820280452,COMPLETE
90,1.004262528843828,0.48889424443112317,0.8466099486567209,0.07499151325472363,0.07839853808855547,COMPLETE
91,1.0034484014808096,0.8261924253656091,0.5027929266755523,0.41078871781886167,0.086418355505586,COMPLETE
92,1.0033155908082567,0.9946553242399528,0.5152945383131637,0.48211486815499616,0.0025905935318400997,COMPLETE
93,1.0035251324255854,0.8549521573783643,0.5696702508384349,0.3679113474297704,0.06241840173179467,COMPLETE
94,1.0033043058269357,0.9936199442349489,0.5086450438026151,0.4882200841764114,0.0031348720209735436,COMPLETE
95,1.0033129622257368,0.9880793435355266,0.5115052549532575,0.4826715670063398,0.0058231780404027255,COMPLETE
96,1.0035459956502766,0.8650041597075243,0.5864609975050706,0.3577129573594142,0.055826045135515194,COMPLETE
97,1.0033095356011266,0.9848934357851806,0.508413777790369,0.48416004337670077,0.007426178832930256,COMPLETE
98,1.004472054592331,0.11937819546629752,0.9269549133676436,0.008719990629850082,0.06432509600250634,COMPLETE
99,1.0043658046572663,0.33178292991821046,0.5738153656974085,0.14140078665503486,0.2847838476475566,COMPLETE
100,1.0033009860844155,0.9856078976581395,0.5038509431394006,0.4890084288574441,0.007140628003155312,COMPLETE
101,1.003309493403918,0.9649678140906621,0.5004651477604276,0.48203505442772204,0.017499797811850328,COMPLETE
102,1.0032987260120343,0.9890087804711609,0.5038353739352861,0.49071117173719225,0.0054534543275216235,COMPLETE
103,1.0032984268335365,0.9851857803466536,0.5022381331656302,0.49038791320402575,0.007373953630344113,COMPLETE
104,1.0034628180491472,0.8176273324218151,0.5055157295994066,0.4043038549321847,0.09018041546840873,COMPLETE
105,1.0034351288102814,0.9929248130369165,0.5775382129486403,0.419472790923213,0.0029889961281467435,COMPLETE
106,1.003301524603247,0.9976713343395375,0.5085056262675356,0.4903498476620431,0.0011445260704213247,COMPLETE
107,1.0035005307927476,0.7852043715768577,0.5025343244736157,0.3906122231327516,0.1068534523936327,COMPLETE
108,1.0034426102055907,0.9946844255067534,0.5817685279736662,0.4160083314813577,0.002223140544976159,COMPLETE
109,1.0035090834425715,0.8626311074644815,0.5646235263014651,0.37556928967054787,0.059807184027987056,COMPLETE
110,1.0034543377424063,0.9946667586580662,0.5875533136841815,0.41024700859701535,0.002199677718803126,COMPLETE
111,1.003366871194263,0.8978928888517622,0.5005924348216787,0.44841450141238764,0.050993063765933655,COMPLETE
112,1.0033938700676086,0.8822304393957724,0.5076700241107405,0.4343484909564915,0.057981484932768064,COMPLETE
113,1.003333700166621,0.9997603266038491,0.5269239202305356,0.4729626960187883,0.0001133837506761211,COMPLETE
114,1.0032942207729576,0.996256957039309,0.5039039011180277,0.49423918987122584,0.0018569090107464054,COMPLETE
115,1.003373326917362,0.9055329469489038,0.5088711304125174,0.444733372609237,0.0463954969782456,COMPLETE
116,1.0033502913821524,0.9151217963611473,0.5003445706338403,0.4572455740831604,0.04240985528299927,COMPLETE
117,1.0033258595303423,0.9968564556275046,0.5216963470453616,0.47680008419804887,0.001503568756589557,COMPLETE
118,1.003305293328468,0.9837670312830984,0.5055977495903835,0.4863766341451514,0.00802561626446506,COMPLETE
119,1.0035392720166156,0.8811239314365529,0.5902737513504814,0.36101960302281444,0.048706645626704154,COMPLETE
120,1.0034607347298727,0.9913093279908008,0.5897506782593641,0.40668397944339163,0.0035653422972442813,COMPLETE
121,1.0033378835419262,0.9977719187111663,0.5285391168464906,0.4704104299813381,0.0010504531721713325,COMPLETE
122,1.0033203934308892,0.9606082542930574,0.5048753242031496,0.47562085047462843,0.019503825322221925,COMPLETE
123,1.0033468214714152,0.9276820422805353,0.5048788589872348,0.4593149912709909,0.03580614974177427,COMPLETE
124,1.003331614777036,0.9477262442408596,0.5056405331218701,0.46851744084932373,0.02584202602880622,COMPLETE
125,1.003301428890375,0.9987417784091872,0.5088213260417475,0.4905606623457315,0.0006180116125210699,COMPLETE
126,1.003310408748322,0.9716189881045614,0.5037505321312385,0.48216540581807305,0.014084062050688406,COMPLETE
127,1.0033058536136257,0.9691895608453491,0.5001415494629573,0.48445759216083306,0.015400858376209615,COMPLETE
128,1.0035647754448078,0.8138219580809511,0.568865264875448,0.35086691433577516,0.08026782078877687,COMPLETE
129,1.0034175264127463,0.9859746233222563,0.5665645360458236,0.42735636830672646,0.006079095647449939,COMPLETE
130,1.0034540361487552,0.8205314635124694,0.5019149991558134,0.40869441469629,0.0893905861478966,COMPLETE
131,1.0045320412554721,0.15246997268669193,0.6998032148052394,0.04577099563927787,0.2544257895554827,COMPLETE
132,1.0033024178662322,0.9912742524630743,0.5067460279374156,0.4889499624307805,0.004304009631803902,COMPLETE
133,1.003432354520049,0.9929995551000369,0.5761724275328486,0.42086059089901,0.0029669815681414107,COMPLETE
134,1.0033247901162383,0.9950557087068361,0.5205026124540205,0.47712661278764107,0.002370774758338409,COMPLETE
135,1.0033086727313465,0.9662084641376416,0.5005170591726253,0.4826046451197702,0.016878295707604466,COMPLETE
136,1.0050195331751195,0.16183983574166827,0.5003793148273683,0.08085852962147846,0.4187621555511532,COMPLETE
137,1.0034277868363544,0.9981196866562502,0.5753647500496188,0.4238368026236729,0.0007984473267082455,COMPLETE
138,1.003551264949672,0.8399517074083369,0.5764654135126835,0.3557485990665054,0.06778598742081106,COMPLETE
139,1.0034189274441205,0.8484921140060759,0.5005952281101558,0.42374101064553604,0.07566376124430817,COMPLETE
140,1.0033093270384639,0.9902598618511529,0.5102588330332078,0.48497102034335804,0.004770146623434155,COMPLETE
141,1.0033244833720827,0.98965453679341,0.5184658560492574,0.4765524501817834,0.004981693768959231,COMPLETE
142,1.003289810072218,0.9943299086638718,0.5007169166988366,0.49645210261626216,0.0028309806849012857,COMPLETE
143,1.003331162549419,0.9841745341220767,0.5201971687129382,0.4722097279523974,0.0075931033346644,COMPLETE
144,1.00331351006845,0.9845598847438733,0.5105225444255498,0.4819198672451051,0.007557588329345125,COMPLETE
145,1.003314369154141,0.9874362239757306,0.5120581049525692,0.4818115023651973,0.0061303926822334825,COMPLETE
146,1.0032867892870645,0.9991063215952108,0.5007001118851911,0.498853674587287,0.0004462135275218462,COMPLETE
147,1.0034650218963195,0.8133901187414659,0.5033889555696125,0.4039385163975563,0.0926725280328312,COMPLETE
148,1.0034713820369987,0.9969494680190212,0.5964949692594052,0.40227412573983484,0.001230905000760027,COMPLETE
149,1.0033755273117793,0.9952476137153823,0.5477587337895325,0.45009204101959066,0.0021492251908767747,COMPLETE
150,1.0033055469458811,0.9934772295452936,0.5092898372871264,0.4875093729617059,0.0032007897511676995,COMPLETE
151,1.0032931247560994,0.9936440284539517,0.5023511208639361,0.49448583702035226,0.003163042115711641,COMPLETE
152,1.0034459114315755,0.8257184149710879,0.5006936149945119,0.4122864768116754,0.08701990819381271,COMPLETE
153,1.003305080562614,0.9975051827431565,0.5104357488979929,0.48834287776002416,0.001221373341982966,COMPLETE
154,1.0033221923082989,0.9566918349550203,0.504213095298496,0.47431528360555164,0.021471621095952353,COMPLETE
155,1.004276293404619,0.8361716209940392,0.9005481606165178,0.08315880574812516,0.016293033635357067,COMPLETE
156,1.003304958806827,0.9975352064178681,0.5103781559524124,0.4884150272687075,0.0012068167788800892,COMPLETE
157,1.0045509674016522,0.5714162425863087,0.9951566300488985,0.0027675802589138313,0.0020757896921876303,COMPLETE
158,1.0035687530884716,0.8180898913957351,0.5739631357182303,0.3485364520308525,0.0775004122509172,COMPLETE
159,1.0034629157340476,0.8117868837063893,0.5004839668944399,0.40550056387614025,0.09401546922941989,COMPLETE
160,1.0033043553423264,0.99822146056771,0.510277504134878,0.48885150509534636,0.0008709907697755983,COMPLETE
161,1.0032971597229114,0.9903567539164668,0.5034433587115738,0.49176822340206927,0.004788417886357004,COMPLETE
162,1.0035225921914157,0.8674215428328819,0.5747171307257414,0.36889952260627223,0.056383346667986396,COMPLETE
163,1.0033340241956044,0.9941420195062826,0.5252401925693435,0.4719786737395267,0.0027811336911298342,COMPLETE
164,1.0033015952957451,0.9966660851162619,0.508196072284848,0.49016429528066163,0.0016396324344904176,COMPLETE
165,1.0034997740374207,0.8965662580691762,0.5759673789207962,0.38017334038024664,0.04385928069895715,COMPLETE
166,1.0033203284619179,0.999534727320253,0.5195594897287693,0.48021697442755773,0.00022353584367293703,COMPLETE
167,1.0033074021717392,0.9712298876128777,0.5018719284562596,0.48379687094224644,0.014331200601493933,COMPLETE
168,1.0032903032904423,0.9945066817443419,0.5010608465484262,0.4961983218914557,0.0027408315601181437,COMPLETE
169,1.0040089264814989,0.5232130606810735,0.6365528814915682,0.19016027927051346,0.17328683923791835,COMPLETE
170,1.0034572771619943,0.8250592993225395,0.507900823525059,0.4060110017396135,0.08608817473532744,COMPLETE
171,1.0033820486080502,0.8876757415080287,0.5037476785780072,0.4405111473933481,0.05574117402864472,COMPLETE
172,1.0032996698359546,0.9848910714984065,0.5028334541741833,0.4896548920315502,0.007511653794266478,COMPLETE
173,1.003317788539428,0.9563343679293713,0.5015135242013663,0.47671974875422624,0.021766727044407488,COMPLETE
174,1.0035199905205168,0.8626373999480097,0.5708169810456015,0.3702293235726597,0.058953695381738815,COMPLETE
175,1.0033042176154519,0.9724994601710466,0.50056345892,0.48570176658999475,0.01373477449000526,COMPLETE
176,1.0034217497483175,0.8467305165701193,0.5011296564774173,0.4224087436723894,0.07646159985019338,COMPLETE
177,1.0035232822944447,0.8804470384306837,0.5813638299416422,0.36858697610784524,0.050049193950512605,COMPLETE
178,1.0034439824660377,0.9805106125874451,0.5782602814156103,0.4135202698216367,0.008219448762753052,COMPLETE
179,1.0033015115081978,0.9793294397752591,0.5017425803143369,0.4879581596846266,0.010299260001036498,COMPLETE
180,1.0034148803616094,0.9889698221690526,0.5661401369517848,0.4290743116050829,0.004785551443132297,COMPLETE
181,1.003290151952307,0.991829249287239,0.5000021494335205,0.49591249277258453,0.004085357793895014,COMPLETE
182,1.0033024892468887,0.9964728716074095,0.5086295110160872,0.48963736218093656,0.0017331268029762393,COMPLETE
183,1.0032972532085855,0.9877033383063225,0.5025162529054265,0.4913663577584486,0.006117389336124984,COMPLETE
184,1.0033921898594116,0.88010263142898,0.5052978030438954,0.43538870531476526,0.05931349164133938,COMPLETE
185,1.003294808358246,0.9959409109477783,0.504123913428296,0.4938632813774423,0.0020128051942617654,COMPLETE
186,1.003308499703883,0.9923879152134713,0.5105557606215593,0.485718548330014,0.0037256910484267645,COMPLETE
187,1.0034214090608289,0.9997486011749832,0.5726333310679945,0.42725922945358463,0.00010743947842084606,COMPLETE
188,1.0034583775365837,0.997277558021095,0.5902567047536699,0.40862779289877665,0.001115502347553488,COMPLETE
189,1.0034531627656798,0.8319772537878178,0.5106300248090805,0.40714468804555376,0.08222528714536576,COMPLETE
190,1.0033892701982097,0.8815731813618098,0.5044147458277107,0.4368946691566662,0.058690585015623076,COMPLETE
191,1.00330025566381,0.9882248308871886,0.5044121014864389,0.4897522671983011,0.005835631315259996,COMPLETE
192,1.0033177831421882,0.9836849062934666,0.5125907894989987,0.47945708355825,0.007952126942751294,COMPLETE
193,1.0033108498493217,0.9630178909831366,0.5004156316047391,0.4811086848201465,0.018475683575114376,COMPLETE
194,1.0033944357507856,0.9906191368130343,0.5561515151403382,0.43968480294745127,0.0041636819122105205,COMPLETE
195,1.003437818940352,0.8353620396027381,0.5030391960938992,0.41514219075361675,0.08181861315248404,COMPLETE
196,1.0032935658183069,0.9971983420269834,0.5038659279171328,0.49474407410413107,0.001389997978736142,COMPLETE
197,1.003442635337509,0.991007866366448,0.5807235246558745,0.4155062852484264,0.0037701900956990473,COMPLETE
198,1.0032954344892546,0.991763405568838,0.5029792488068733,0.4929269928416775,0.004093758351449253,COMPLETE
199,1.0034366740247993,0.9993651886587189,0.5801451533917039,0.4195883179899773,0.0002665286183187711,COMPLETE
200,1.0035204809006197,0.8403223607887077,0.558623196800771,0.37089879726174896,0.07047800593748005,COMPLETE
201,1.0033110307026287,0.9765368646938845,0.5060659260606962,0.48234483193016503,0.011589242009138764,COMPLETE
202,1.003303168824695,0.9830397346759726,0.5041181111846635,0.4874716004116485,0.008410288403687956,COMPLETE
