number,value,params_catboost_fraction_of_remainder,params_official_weight,user_attrs_catboost_weight,user_attrs_residual_weight,state
400,1.0033527682077779,0.868695838429034,0.5017647548650341,0.43281488400741447,0.06542036112755142,COMPLETE
401,1.0032471869912647,0.998802904662972,0.5163344461898615,0.4830865600309913,0.0005789937791472079,COMPLETE
402,1.0032287643626567,0.9983991970354825,0.5072025003001014,0.4920086280014722,0.0007888716984263988,COMPLETE
403,1.0032167245191224,0.9981880204052268,0.501194799183222,0.49790137597113127,0.0009038248456467473,COMPLETE
404,1.0034533678221453,0.8821205627381423,0.5632030124165888,0.3853076044894041,0.05148938309400715,COMPLETE
405,1.0034570108131982,0.9024525843697717,0.5750073009316378,0.38353575961252817,0.04145693945583406,COMPLETE
406,1.0033941330147573,0.9918732704711223,0.5819678840789418,0.41463488198058324,0.0033972339404748967,COMPLETE
407,1.0034733322827518,0.8706038462999419,0.5673205397806016,0.37669240228199097,0.05598705793740744,COMPLETE
408,1.003442464510178,0.8807850510355834,0.5569576946394336,0.39022503953792903,0.052817265822637426,COMPLETE
409,1.003320401610123,0.9996219234875042,0.5512611298667683,0.4485692125061904,0.0001696576270412658,COMPLETE
410,1.0034424788420853,0.8912088414977111,0.5623699016931525,0.390019812916575,0.04761028539027253,COMPLETE
411,1.003240360258277,0.9949057033689179,0.5113785479134864,0.4861322694692749,0.0024891826172387574,COMPLETE
412,1.0032366009343352,0.9935736055857183,0.5089694755204289,0.4878749686598137,0.0031555558197573397,COMPLETE
413,1.0034677900358646,0.858500124918166,0.5578098024990946,0.37962033979211574,0.06256985770878963,COMPLETE
414,1.0032294777976267,0.9845488975265773,0.5014570631662987,0.4908398988292827,0.00770303800441864,COMPLETE
415,1.0033437867641704,0.8766820525238093,0.5020752656332018,0.43652167812705717,0.061403056239741044,COMPLETE
416,1.0032796594682205,0.9318807093833662,0.5007189744639263,0.4652703562582109,0.03401066927786276,COMPLETE
417,1.0032357149842135,0.9862695972672963,0.5053263536521447,0.4878815779622442,0.006792068385611071,COMPLETE
418,1.0035069512561194,0.9995718946061738,0.6332742234221428,0.3665687792948491,0.00015699728300808474,COMPLETE
419,1.0032344812248,0.9782910888844953,0.5010765738337403,0.4880923418541734,0.010831084312086386,COMPLETE
420,1.003319287308075,0.9967637633405304,0.5496648378662387,0.4488777709730159,0.0014573911607454616,COMPLETE
421,1.0033345265214981,0.9950995539605677,0.5560815180717046,0.4417430833616991,0.0021753985665963114,COMPLETE
422,1.0032369640258485,0.9760286342510267,0.5012634216974736,0.48678118137164506,0.011955396930881318,COMPLETE
423,1.0032282082390078,0.9911552049560807,0.5037863555368449,0.49182473647988223,0.004388907983272862,COMPLETE
424,1.0034474369688722,0.8700982908837662,0.5537024786531928,0.3883227105495181,0.057974810797289084,COMPLETE
425,1.0033486761152934,0.8704503262042949,0.500655906285658,0.43465422926183694,0.06468986445250502,COMPLETE
426,1.0046528303075841,0.021051613090322385,0.7192945863360142,0.005909301760813124,0.2747961119031727,COMPLETE
427,1.0033348538201476,0.9964393065580881,0.556733679457655,0.44168798506176954,0.001578335480575546,COMPLETE
428,1.003226295672757,0.986271367801962,0.5006550564851631,0.4924896204453717,0.006855323069465254,COMPLETE
429,1.0033483168359072,0.8755579120280935,0.5038469931137082,0.434410690755822,0.06174231613046985,COMPLETE
430,1.0033908796839237,0.9855346705911507,0.5782485206479548,0.41565070527454834,0.0061007740774968195,COMPLETE
431,1.0032330373426936,0.998766487107901,0.5094466851635173,0.48994821099836994,0.0006051038381127273,COMPLETE
432,1.0033740340300406,0.9904158778938521,0.5724004138383675,0.4235014195153211,0.0040981666463113945,COMPLETE
433,1.003327193078206,0.8878473361598276,0.5001451015775986,0.44379484003077024,0.05606005839163111,COMPLETE
434,1.003718260077363,0.6818924185326433,0.5788562552547989,0.28717472665419935,0.13396901809100176,COMPLETE
435,1.0033370549747076,0.9979834413988351,0.5583182469562676,0.4407910759056544,0.0008906771380779285,COMPLETE
436,1.0032192425933286,0.9966313413996825,0.5017607973748648,0.4965608048501967,0.0016783977749385162,COMPLETE
437,1.0034533780377548,0.8835151832336119,0.5639281994508771,0.38527605676516935,0.05079574378395352,COMPLETE
438,1.0034597218750365,0.8706256691806264,0.5603522064976144,0.3827686544218003,0.05687913908058526,COMPLETE
439,1.0033826087161513,0.9987100218551206,0.5792003552142477,0.42025682244060564,0.0005428223451466399,COMPLETE
440,1.0033123479166486,0.9036378446696688,0.5018403501531213,0.45015591228903035,0.04800373755784833,COMPLETE
441,1.0033888920757934,0.8450399644990072,0.5057700617759023,0.417644049451238,0.07658588877285966,COMPLETE
442,1.003215447185743,0.9996217843363016,0.5011852441158515,0.4986260963301892,0.00018865955395930086,COMPLETE
443,1.0033536626329311,0.8660886314453706,0.5004949422275202,0.4326156518862078,0.06688940588627197,COMPLETE
444,1.0033729298173513,0.9994046917393573,0.5751073035458782,0.4246397543220359,0.000252942132085886,COMPLETE
445,1.0034542676840326,0.8801978543989066,0.562658927671421,0.38494667350413225,0.05239439882444673,COMPLETE
446,1.0036093700235134,0.6902481334878594,0.5030144798559592,0.3430433276499172,0.15394219249412372,COMPLETE
447,1.003277119923144,0.9997942836113661,0.5310680953358582,0.4688354376861991,9.646697794270936e-05,COMPLETE
448,1.0032314706811627,0.9935519977303878,0.5064432176005643,0.49037432714634166,0.0031824552530940434,COMPLETE
449,1.0045590872932928,0.2018963089384368,0.9973242543253755,0.0005402231753646689,0.0021355224992598057,COMPLETE
450,1.0032411040764293,0.9982526491380536,0.5131569353235171,0.4859923790277878,0.0008506856486950986,COMPLETE
451,1.0032302098679708,0.9983119401845397,0.5078725427187546,0.4912967166965243,0.0008307405847211132,COMPLETE
452,1.0032264208412924,0.9854009199067377,0.5003224674605686,0.49238270022108455,0.007294832318346824,COMPLETE
453,1.0034675576699879,0.8725806594304597,0.5654185721507264,0.37920734888894986,0.05537407896032369,COMPLETE
454,1.003370817128025,0.856987171165197,0.5039099577260633,0.425142801971564,0.07094724030237272,COMPLETE
455,1.003231449870449,0.9982378451922028,0.5084472268832465,0.4906865810343198,0.0008661920824337227,COMPLETE
456,1.0032224503370917,0.9988383247874342,0.5042943687741659,0.49512978228130977,0.0005758489445243483,COMPLETE
457,1.0033154624654803,0.8991735711072801,0.5008190759749761,0.4488502940842126,0.05033062994081127,COMPLETE
458,1.0033461647695907,0.9928044146651165,0.5605737341107353,0.4362643366946693,0.003161929194595417,COMPLETE
459,1.0032260351405748,0.9892980054609951,0.5018865851881463,0.49278260776673216,0.005330807045121535,COMPLETE
460,1.0032232995034138,0.9958827498959436,0.5034355613409559,0.4945199586723044,0.0020444799867396527,COMPLETE
461,1.0034333999317286,0.9021004985561655,0.5632540057934632,0.39398877911612507,0.042757215090411804,COMPLETE
462,1.0034376912526382,0.892786234741344,0.5607677461289646,0.3921405101104758,0.047091743760559586,COMPLETE
463,1.0033716751708832,0.8572270746709932,0.5045644895719397,0.42470073329237656,0.07073477713568382,COMPLETE
464,1.0034195735282656,0.9021528364074497,0.5564134154512552,0.4001828954429431,0.043403689105801675,COMPLETE
465,1.0033430888448378,0.9927588927472983,0.5591440127662347,0.4376637017472099,0.003192285486555369,COMPLETE
466,1.0033572516298126,0.99586935474209,0.5667647756755254,0.4314456832995591,0.0017895410249154486,COMPLETE
467,1.003369640844535,0.9929395239612223,0.5713243365049714,0.4256490092445148,0.0030266542505137757,COMPLETE
468,1.0033629172164995,0.8657820312220802,0.5054841919021411,0.4281429008063927,0.06637290729146622,COMPLETE
469,1.0034433443951032,0.799634679539259,0.5026199583114204,0.3977223302448707,0.09965771144370895,COMPLETE
470,1.0033355506982076,0.8831795736267414,0.5017476910138766,0.4400462618089038,0.058206047177219535,COMPLETE
471,1.0036181334034824,0.8984445160826279,0.6485114085732879,0.3157929974329369,0.03569559399377525,COMPLETE
472,1.003219602802534,0.9990905399375426,0.5030029152390814,0.49654508576117085,0.0004519989997478114,COMPLETE
473,1.003356582934942,0.8654676321640513,0.5017152494431619,0.4312493232078816,0.06703542734895647,COMPLETE
474,1.0032329179866628,0.9982749317841257,0.50918010355405,0.4899731986428725,0.0008466978030776038,COMPLETE
475,1.0033079592096044,0.9078066718887534,0.5019706058132063,0.4521144068394853,0.045914987347308436,COMPLETE
476,1.0034451847165176,0.8755484098928246,0.5555362807861715,0.38914950261271847,0.055314216601110106,COMPLETE
477,1.0033697811684592,0.9918441963724642,0.5709913930804276,0.42550969696701374,0.003498909952558713,COMPLETE
478,1.003247775166638,0.9948233783727407,0.5149524102488229,0.4825366819078212,0.002510907843355936,COMPLETE
479,1.0034354622229928,0.8909679545492619,0.5587223595240118,0.39316423672321577,0.0481134037527724,COMPLETE
480,1.0032341947694934,0.983440647970911,0.5032989520526251,0.48847600044119693,0.008225047506177986,COMPLETE
481,1.0033414433959182,0.8803270077623824,0.5031523239105156,0.4373884280055492,0.059459248083935226,COMPLETE
482,1.0033797475668025,0.8453773866756957,0.5007182508198563,0.42208150033678005,0.07720024884336363,COMPLETE
483,1.0032318027381486,0.9916725492924425,0.5057865414529351,0.4900979203320027,0.00411553821506218,COMPLETE
484,1.0034544953856592,0.8659359684165839,0.5550524278517669,0.3852961067827881,0.05965146536544502,COMPLETE
485,1.0034081011580935,0.999779228351512,0.5908732511884629,0.40903642522476147,9.032358677565649e-05,COMPLETE
486,1.0033863933997906,0.8394651218878398,0.5001975973566862,0.4195666848548046,0.08023571778850917,COMPLETE
487,1.0034761550070967,0.8745553231233217,0.5708181964483557,0.37534323088375826,0.05383857266788602,COMPLETE
488,1.0033527059055194,0.9812203108863546,0.5591804319913385,0.4325411135662474,0.00827845444241411,COMPLETE
489,1.003232189128267,0.983621501099553,0.5023842404531964,0.4894655603762212,0.008150199170582401,COMPLETE
490,1.0034368022190698,0.8973620362723346,0.562613890224025,0.3924936901058038,0.04489241967017121,COMPLETE
491,1.0032932972861943,0.9187139487725045,0.500521212899353,0.45887812882533646,0.04060065827531053,COMPLETE
492,1.0033331765870095,0.886182670939494,0.502362177984793,0.4409980142739487,0.05663980774125834,COMPLETE
493,1.0034153346714048,0.9996254948161899,0.5940020468155038,0.40584590484641225,0.0001520483380838854,COMPLETE
494,1.0036994462195987,0.7758465233901457,0.6345910464139631,0.2835012662553578,0.08190768733067905,COMPLETE
495,1.0033162368853439,0.9948283909296974,0.5475057950775197,0.45015408178804384,0.0023401231344364454,COMPLETE
496,1.0032362401344426,0.997572126992386,0.5105029558201004,0.4883086075190283,0.0011884366608712381,COMPLETE
497,1.0033973689600881,0.9994493496024892,0.586021652739506,0.41375038991901414,0.00022795734147985003,COMPLETE
498,1.0032439441665417,0.987176811895105,0.5097846010711459,0.4839292746564733,0.00628612427238085,COMPLETE
499,1.0032389635935115,0.9827624035382816,0.505357986455579,0.4861155741219305,0.008526439422490583,COMPLETE
500,1.003233753191334,0.9984097194487764,0.5096448730950207,0.48957532468346954,0.0007798022215097523,COMPLETE
501,1.0032349003952306,0.9994243617924276,0.510632508894432,0.4890857924801438,0.0002816986254242354,COMPLETE
502,1.0043414242914033,0.3126878356928552,0.8259443109070921,0.05442509671248988,0.11963059238041804,COMPLETE
503,1.0033372102858256,0.8834157647237543,0.5028099364991733,0.4392255401606348,0.05796452334019194,COMPLETE
504,1.0032238645786409,0.9879994878240873,0.5002264093027778,0.49377605163686056,0.005997539060361621,COMPLETE
505,1.0036390828189872,0.703847606763776,0.5432009596241719,0.3215169113405161,0.135282129035312,COMPLETE
506,1.0034666576024904,0.873583189192408,0.565489187862773,0.379581341005422,0.05492947113180499,COMPLETE
507,1.0032369063585864,0.9776817085613582,0.5020055375369002,0.48688007691501856,0.011114385548081245,COMPLETE
508,1.003232677890703,0.9972379501685714,0.5086216654891795,0.4900211230648172,0.0013572114460032687,COMPLETE
509,1.003221843240378,0.9972004783906427,0.5032898733402462,0.49531957592658327,0.0013905507331705618,COMPLETE
510,1.0034833035673207,0.8738837729965828,0.5740820070356805,0.37220282267879157,0.05371517028552796,COMPLETE
511,1.0032248432073514,0.9920415666999026,0.5025147106786788,0.4935260858284778,0.003959203492843381,COMPLETE
512,1.0033476732642876,0.8770081776208916,0.50443694797571,0.43461284915206966,0.06095020287222035,COMPLETE
513,1.0033946908772258,0.9872363056658052,0.5805764209456038,0.4140701846947919,0.005353394359604291,COMPLETE
514,1.0033552774206438,0.9972500386801837,0.5663680708961631,0.432439458071764,0.0011924710320728787,COMPLETE
515,1.0036360560022133,0.7229285513876542,0.5599175380651519,0.31814817669767226,0.1219342852371759,COMPLETE
516,1.0033127103490977,0.9989068190176525,0.5474265713514299,0.4520786839832557,0.0004947446653143986,COMPLETE
517,1.0034939204168296,0.8501229073840337,0.5667808625394749,0.36828951267234494,0.06492962478818014,COMPLETE
518,1.0042495813291932,0.6717641028336824,0.8705430864718958,0.0869645073718245,0.04249240615627967,COMPLETE
519,1.0033664917080138,0.8594343067053618,0.50315865625013,0.42700249580822985,0.06983884794164014,COMPLETE
520,1.0034431891046498,0.8901545107624611,0.5621923553817009,0.3897164497032675,0.04809119491503163,COMPLETE
521,1.0034401673223667,0.8563199427086783,0.541832455182649,0.3923380057289698,0.0658295390883812,COMPLETE
522,1.0033536843829332,0.9947768131408764,0.5647424725301424,0.4329840960720424,0.0022734313978151877,COMPLETE
523,1.0032141497187383,0.999892437262651,0.5006622612381277,0.4992840286278294,5.371013404289716e-05,COMPLETE
524,1.0033756752768312,0.8492851122764598,0.501213631950664,0.42361183659074786,0.07517453145858809,COMPLETE
525,1.003315469528609,0.9960472818074325,0.547617141415498,0.45059471662936934,0.0017881419551326442,COMPLETE
526,1.0033475326010286,0.9938917814641578,0.5616052167725194,0.435716972086554,0.002677811140926622,COMPLETE
527,1.003236814293728,0.977710334378378,0.5019728375728033,0.48692630350620925,0.011100858920987465,COMPLETE
528,1.0032133225264144,0.9995390726617867,0.5001012057596319,0.49966837721976287,0.00023041702060527406,COMPLETE
529,1.0033283451463908,0.8887586381835527,0.5013514385990117,0.4431782163629301,0.055470345038058276,COMPLETE
530,1.0032301829874304,0.9898944581073089,0.504204510057647,0.4907852078485333,0.00501028209381975,COMPLETE
531,1.003463393937369,0.8731674133422447,0.5636025935861717,0.3810479945476267,0.05534941186620154,COMPLETE
532,1.0042088570468863,0.38486680067305223,0.5441542349243773,0.17543990120501468,0.280405863870608,COMPLETE
533,1.0033723100154948,0.8511808654301252,0.5006434210429769,0.42504276503486554,0.07431381392215755,COMPLETE
534,1.0040459206572878,0.5480317569631926,0.7110046764026037,0.1583786149452275,0.13061670865216882,COMPLETE
535,1.0033575382639113,0.997786738520764,0.5675880206869848,0.43145493853604155,0.0009570407769736694,COMPLETE
536,1.0033548831218033,0.8650287596014121,0.500456370124855,0.4321196065176836,0.06742402335746141,COMPLETE
537,1.003380188045832,0.9939635170615583,0.5764504898776845,0.42099276073087677,0.002556749391438707,COMPLETE
538,1.0034542495787855,0.8645935484453465,0.5541669855837614,0.38546434794822104,0.06036866646801753,COMPLETE
539,1.003279610877661,0.9315241008695272,0.5004991126976143,0.46529711492788595,0.034203772374499834,COMPLETE
540,1.0032185071054411,0.9983928105738827,0.5021624655538584,0.4970374152248555,0.0008001192212861268,COMPLETE
541,1.0032270995100006,0.9971900700147491,0.5058689509591293,0.49274257538952726,0.0013884736513434105,COMPLETE
542,1.0032331581185872,0.9930951594567735,0.5070737519851913,0.4895226708726955,0.0034035771421131655,COMPLETE
543,1.0036290695677639,0.9036101741279524,0.6551882740033399,0.31157538376920185,0.03323634222745825,COMPLETE
544,1.0034437042667113,0.8788003331458599,0.5565317823730811,0.38972001739013706,0.05374820023678186,COMPLETE
545,1.0035382664668815,0.7352543483683324,0.503442532622976,0.36509603710372324,0.13146143027330076,COMPLETE
546,1.0042723130678406,0.48861489377255657,0.8445341407394742,0.07596293430784105,0.07950292495268477,COMPLETE
547,1.0033667770936054,0.8591751405232994,0.5031404782733528,0.42688934939983136,0.06997017232681578,COMPLETE
548,1.0034563918179615,0.8548621782830128,0.5496574558085123,0.3849808083010491,0.06536173589043856,COMPLETE
549,1.003345180976707,0.8771511587968848,0.5031535730190025,0.4358094191704737,0.06103700781052374,COMPLETE
550,1.004507274699733,0.6864300522127994,0.978687633617644,0.014629448768618944,0.006682917613737062,COMPLETE
551,1.0032272412328906,0.999783050360209,0.5070460918643586,0.49284696196283784,0.00010694617280360286,COMPLETE
552,1.0032233614232842,0.9997734985589372,0.5051418031034576,0.4947461108018236,0.00011208609471882695,COMPLETE
553,1.0032976853084976,0.9164635355458643,0.501550794870994,0.45681052082255463,0.04163868430645138,COMPLETE
554,1.003352509366642,0.9948517744700277,0.5642340566726669,0.43352252197280283,0.002243421354530236,COMPLETE
555,1.0033333312267576,0.9964939782553568,0.5560534478897534,0.44239006584508866,0.0015564862651579027,COMPLETE
556,1.0035858987851012,0.8903232211349004,0.6308304076057393,0.3286802606455164,0.0404893317487443,COMPLETE
557,1.0032314105801334,0.979903293596409,0.500289425935039,0.48966803737120757,0.010042536693753415,COMPLETE
558,1.0032233513491169,0.996413435717496,0.5036914559155738,0.49452850158711137,0.001780042497314782,COMPLETE
559,1.004203350426515,0.37828639462458236,0.6297379583222181,0.14006509281262494,0.23019694886515693,COMPLETE
560,1.0034385214652497,0.8927421849509469,0.561161533517226,0.3917696114083546,0.04706885507441945,COMPLETE
561,1.0034003157911822,0.8285372141882907,0.5000483564980336,0.41422854193597675,0.0857231015659897,COMPLETE
562,1.0034364101386255,0.8995563371537576,0.5635007514128982,0.3926556652293808,0.043843583357721,COMPLETE
563,1.003427061752048,0.9033086178284754,0.560707009967202,0.396817143648265,0.04247584638453303,COMPLETE
564,1.0033205156897516,0.9938253996591979,0.5491112712844834,0.44810467101752594,0.002784057697990647,COMPLETE
565,1.0032238854196074,0.9889378136600113,0.5006586608965243,0.4938175321630536,0.005523806940422124,COMPLETE
566,1.0040030866701448,0.8503304625695445,0.7977381069454024,0.17198944908130773,0.030272443973289893,COMPLETE
567,1.003339966224077,0.9956842707033826,0.5588016110224729,0.43929429616459637,0.0019040928129307074,COMPLETE
568,1.003214439973925,0.9986286105522344,0.5002582048469819,0.4990564545285378,0.0006853406244802885,COMPLETE
569,1.0034312340729457,0.8954462058077972,0.558876141640889,0.39500268525896215,0.04612117310014891,COMPLETE
570,1.0033641671372404,0.8571806550171168,0.5002571540661149,0.4283699000177257,0.07137294591615936,COMPLETE
571,1.0032872718721622,0.999375347278902,0.5357021455027359,0.46400782957905246,0.0002900249182116877,COMPLETE
572,1.0033562081957,0.9920754530848463,0.5649005693053597,0.431651464843344,0.003447965851296322,COMPLETE
573,1.0048764587779602,0.010707640050325318,0.628650159495604,0.00397628042486679,0.3673735600795292,COMPLETE
574,1.003335319021146,0.9932598017474109,0.5557539254189996,0.44125176796539,0.002994306615610422,COMPLETE
575,1.003291907353169,0.9216788908730311,0.5014698499603322,0.45948471575532684,0.03904543428434099,COMPLETE
576,1.003397556090222,0.8307593606631338,0.5001363638095895,0.41526639482029476,0.08459724137011575,COMPLETE
577,1.0034497959222712,0.8797733406473264,0.5601622060086524,0.3869575653627184,0.052880228628629185,COMPLETE
578,1.0032302823145518,0.9964878991417507,0.5071281089997826,0.49114087520882865,0.001731015791388803,COMPLETE
579,1.003570346329333,0.9758804162896508,0.6528705732465747,0.33875680948652054,0.008372617266904761,COMPLETE
580,1.0033700220070072,0.9992659715821697,0.5737520924812375,0.42593502944160305,0.00031287807715948333,COMPLETE
581,1.0034189334634265,0.8802314650718578,0.5445284732074406,0.4009203693271305,0.054551157465428914,COMPLETE
582,1.0035009996922746,0.9979663949604178,0.6303009083829547,0.3689472696812039,0.0007518219358413717,COMPLETE
583,1.003648918061852,0.7429364431046228,0.5847804886711211,0.3084817068543169,0.10673780447456198,COMPLETE
584,1.0043685276051757,0.247013445025767,0.7245867731976453,0.06803076995811254,0.20738245684424214,COMPLETE
585,1.0034268583183608,0.8935982430465735,0.5557363388351143,0.3969932270663801,0.04727043409850557,COMPLETE
586,1.003294349660315,0.924005300701255,0.5040480167991298,0.4582622613709038,0.037689721829966376,COMPLETE
587,1.0034576941538786,0.8777491308910281,0.563117474254602,0.3834732572745003,0.053409268470897685,COMPLETE
588,1.0034421865220617,0.8727838827531175,0.5524668418207599,0.3905997274564423,0.056933430722797836,COMPLETE
589,1.003221142841162,0.996173135869675,0.5024987974817533,0.4955973330115361,0.0019038695067106113,COMPLETE
590,1.0033812163479205,0.852541648889397,0.5067147807922144,0.42054619415617317,0.07273902505161242,COMPLETE
591,1.0033208317652473,0.897535552730052,0.5027153839626278,0.44633062271925455,0.05095399331811764,COMPLETE
592,1.0033149169148872,0.9951182860950154,0.5470025613330705,0.4507860347716668,0.002211403895262757,COMPLETE
593,1.0033374434251083,0.8807393676173922,0.5012151015981574,0.4392994959955441,0.05948540240629851,COMPLETE
594,1.0032240552628866,0.9991692504087667,0.5052239454884838,0.4943650195064787,0.00041103500503746906,COMPLETE
595,1.0044837653879148,0.08496263267352538,0.8187988062015686,0.015395330468700409,0.16580586332973096,COMPLETE
596,1.0033115766432752,0.9994150159954451,0.5470930428464575,0.452642013828056,0.00026494332548643887,COMPLETE
597,1.0033462088113223,0.9975120126093543,0.5623334048125078,0.4365776862173589,0.0010889089701333198,COMPLETE
598,1.0033243768901183,0.9969069537874675,0.5520767964679331,0.44653775636387666,0.0013854471681902748,COMPLETE
