number,value,params_catboost_fraction_of_remainder,params_official_weight,user_attrs_catboost_weight,user_attrs_residual_weight,state
203,1.003299722378893,0.9984530465513101,0.5077663627306019,0.491472174746663,0.0007614625227350864,COMPLETE
204,1.003300730837932,0.9800276765088738,0.5015696918924517,0.48847549675624263,0.00995481135130566,COMPLETE
205,1.0032885142284678,0.9995519441589609,0.5018337517534222,0.49794304194924244,0.00022320629733542846,COMPLETE
206,1.0033082864847367,0.9902359959075303,0.509667593550556,0.4855447988262011,0.004787607623242883,COMPLETE
207,1.0033042200290447,0.9764831659355062,0.5021674925059999,0.48612506302335284,0.01170744447064726,COMPLETE
208,1.0033853474463723,0.9954801011383221,0.5529527994628134,0.44502659240436226,0.00202060813282433,COMPLETE
209,1.0033909895299413,0.8741965977052326,0.5007215451200686,0.4364675265635615,0.06281092831636988,COMPLETE
210,1.0035495053295491,0.8393053496102246,0.5750865279796666,0.35663215018812033,0.06828132183221308,COMPLETE
211,1.0033235984676723,0.9458735015168052,0.500123895574165,0.4728195612178447,0.0270565432079903,COMPLETE
212,1.0034313458174335,0.9991274530194658,0.5774282441785135,0.4222030421118855,0.00036871370960106633,COMPLETE
213,1.0034296581155269,0.8421566986748663,0.5028816720111805,0.4186515299498336,0.07846679803898587,COMPLETE
214,1.0033027892125788,0.9998440176256271,0.5099584248663879,0.4899651372851814,7.643784843075954e-05,COMPLETE
215,1.003320529245076,0.9501185195076406,0.5003029543333122,0.47477141723117533,0.024925628435512517,COMPLETE
216,1.0038282640695881,0.9231072828054196,0.7379967854052846,0.24185707551081304,0.0201461390839024,COMPLETE
217,1.003528304119662,0.8540272676933722,0.570984309474666,0.3663910979769363,0.06262459254839764,COMPLETE
218,1.0040395877514354,0.4937708090303863,0.5057029760396539,0.24406944142221235,0.2502275825381338,COMPLETE
219,1.0033027082135104,0.9926948386707685,0.5074193513587755,0.4889822675352429,0.0035983811059816595,COMPLETE
220,1.0035130258138183,0.8582463839515284,0.5645179300482401,0.37375091181182446,0.06173115813993541,COMPLETE
221,1.003310716466307,0.985511183824904,0.5093068457677603,0.48358359132219075,0.007109562910048955,COMPLETE
222,1.0033923794158193,0.8762709982857682,0.5029580316550268,0.43554346179157283,0.061498506553400355,COMPLETE
223,1.0034219676798435,0.9877764470809999,0.5693784996563838,0.42535777564610683,0.0052637246975094235,COMPLETE
224,1.003318827361095,0.9998245096287497,0.5188316122539954,0.4810839473270051,8.44404189994588e-05,COMPLETE
225,1.0033231541691545,0.9814882623552537,0.5147736754732782,0.47624394210875853,0.00898238241796322,COMPLETE
226,1.0032938903771218,0.9910053070047538,0.501826537307142,0.493692545337557,0.004480917355301017,COMPLETE
227,1.0033364340482076,0.9313125924455575,0.5005845625473536,0.4651118857613563,0.034303551691290096,COMPLETE
228,1.0034212892558818,0.8518789636302271,0.504634454833913,0.42199148723420865,0.07337405793187836,COMPLETE
229,1.003307432064417,0.984702093339855,0.5071572967349055,0.48530324159241156,0.007539461672682939,COMPLETE
230,1.0032918587804864,0.9995114353805291,0.5037103099999088,0.4960472204165489,0.00024246958354221958,COMPLETE
231,1.0033011330533834,0.9951619168909355,0.5074097828125029,0.4902070247780318,0.002383192409465257,COMPLETE
232,1.0033018072441873,0.9915918961117615,0.5065167873589953,0.48933395452201744,0.004149258118987277,COMPLETE
233,1.0034528131220606,0.9883096636331627,0.5849896727986161,0.4101587168806885,0.0048516103206953645,COMPLETE
234,1.0032874953463657,0.9972807665406552,0.5004570981980531,0.49818452802898894,0.0013583737729580341,COMPLETE
235,1.0043521002571552,0.3127963377061663,0.8570605668674007,0.0447109311976725,0.09822850193492677,COMPLETE
236,1.0033787698904215,0.9963311134400621,0.5497923104861913,0.4485559285725708,0.001651760941237913,COMPLETE
237,1.0034020559258578,0.8636419204189675,0.5005883546132426,0.43131283250141556,0.06809881288534186,COMPLETE
238,1.0033310111889988,0.9977951089122392,0.5248197289495784,0.4741325503057028,0.001047720744718829,COMPLETE
239,1.0034942516579601,0.883853272005048,0.5670761299498909,0.3826411790728772,0.05028269097723196,COMPLETE
240,1.0033027902331697,0.9851694213969987,0.5047087868142357,0.48794575791723693,0.00734545526852735,COMPLETE
241,1.003423424822215,0.9900651840308894,0.5708101483895415,0.42492592941889873,0.0042639221915597965,COMPLETE
242,1.0033542768302468,0.9103355589655805,0.5001001124086938,0.45507664359726263,0.044823243994043624,COMPLETE
243,1.0033087483895018,0.9862107391803522,0.5084592562343438,0.4847627602463878,0.00677798351926831,COMPLETE
244,1.0033350860833148,0.9995731278439246,0.5276134338098035,0.4721849175181858,0.0002016486720106626,COMPLETE
245,1.0032881174073862,0.997138085719125,0.5007597717167989,0.49781144554429013,0.0014287827389109938,COMPLETE
246,1.0034084562407821,0.8652463176381491,0.5057718956683214,0.4276290473462679,0.06659905698541074,COMPLETE
247,1.003355727611285,0.9093597961968998,0.5004298647608447,0.4542889963671359,0.04528113887201938,COMPLETE
248,1.003304922995677,0.9954711761654137,0.5096418188228429,0.48813743535875764,0.0022207458183994984,COMPLETE
249,1.0033009658254746,0.9903167735097942,0.505580652864876,0.4896317726156749,0.004787574519449095,COMPLETE
250,1.0034084055213797,0.9952624599535158,0.5647459546641724,0.4331920118656548,0.002062033470172728,COMPLETE
251,1.0032933838091733,0.9928352462457134,0.5022057695695978,0.4942276573490637,0.0035665730813384334,COMPLETE
252,1.0034891649436226,0.8690350999830254,0.5566575360500451,0.3852801624854699,0.058062301464485,COMPLETE
253,1.0033094931659783,0.9947114299575658,0.5119272673014669,0.48549152586585465,0.0025812068326784648,COMPLETE
254,1.003544636370144,0.8409813176815089,0.5732059977908728,0.3589257823563966,0.06786821985273062,COMPLETE
255,1.0034067662204331,0.9965935105764603,0.5643073785402233,0.43420843915285967,0.0014841823069170225,COMPLETE
256,1.0033957261107822,0.8739419472561641,0.5035367180658442,0.43388008735472217,0.06258319457943368,COMPLETE
257,1.0033061964791816,0.9894580291266266,0.5082138011644687,0.48660180305148015,0.005184395784051183,COMPLETE
258,1.0034489229166625,0.8237050809752933,0.5010746429315412,0.41096735164470194,0.08795800542375683,COMPLETE
259,1.0032993703753323,0.9780463675987671,0.5000126792890136,0.4890107828668201,0.010976537844166356,COMPLETE
260,1.0032990674844156,0.9862949827845752,0.5030200588606596,0.4901688224903049,0.0068111186490354796,COMPLETE
261,1.0033038913424313,0.9901745085962859,0.5071775589283762,0.4879802184133171,0.004842222658306656,COMPLETE
262,1.0032966824797351,0.9993849875088513,0.5063823404961117,0.4933140784774418,0.00030358102644647867,COMPLETE
263,1.0034510308668931,0.9888072101767574,0.5842518333493381,0.41109478480194267,0.004653381848719283,COMPLETE
264,1.003302632136027,0.991932640588543,0.5071035842876767,0.48892004317415316,0.0039763725381702225,COMPLETE
265,1.0032920368001585,0.9914037834669219,0.500919061243359,0.494790730939557,0.004290207817083961,COMPLETE
266,1.003294618776312,0.985524202086803,0.5001962488809671,0.49256869302157597,0.007235058097456916,COMPLETE
267,1.0034416377814288,0.9889421478051926,0.579622498515958,0.415729029206609,0.004648472277432952,COMPLETE
268,1.0035246180284243,0.8501391031770374,0.566736907980296,0.36833389648934145,0.0649291955303626,COMPLETE
269,1.0032915138571377,0.9931336296959914,0.5012524703760162,0.49532294439737606,0.0034245852266077755,COMPLETE
270,1.0035147480916884,0.8777564194281269,0.5754402923263441,0.37266000884108047,0.051899698832575454,COMPLETE
271,1.0034167069740492,0.999077191865423,0.570074192955879,0.4295290680121161,0.00039673903200490227,COMPLETE
272,1.003296382041579,0.9828028430146417,0.5001618766893415,0.4912423286368182,0.008595794673840267,COMPLETE
273,1.0034459748074394,0.8258905014728775,0.5008809009433037,0.41221772301462567,0.08690137604207059,COMPLETE
274,1.0040438463789187,0.566741131366236,0.7254383728089601,0.1556053672240047,0.11895625996703524,COMPLETE
275,1.0034413569070413,0.8352330854587989,0.5053047059651679,0.41318587679866065,0.08150941723617153,COMPLETE
276,1.0033039227912781,0.9994185059127617,0.5104457872939708,0.489269539825958,0.0002846728800711511,COMPLETE
277,1.0034007340644187,0.8661420138159258,0.5014724062693876,0.43179569397664036,0.06673189975397206,COMPLETE
278,1.0035314181321915,0.8397314702057442,0.5647574602644474,0.36548685778821766,0.06975568194733496,COMPLETE
279,1.0035082494517085,0.8945417605044593,0.5796197070387482,0.37604772734693853,0.044332565614313243,COMPLETE
280,1.0033076940199042,0.9928832525115217,0.5102809128136531,0.48623388010255364,0.003485207083793344,COMPLETE
281,1.0034301290243504,0.8428720940956184,0.5037382955373894,0.4182851420598615,0.07797656240274914,COMPLETE
282,1.0034067368375559,0.9927955110561258,0.5631510946353009,0.4337016322558556,0.0031472731088435014,COMPLETE
283,1.0034221572573394,0.99899095381181,0.572792287848426,0.42677663983806213,0.0004310723135119067,COMPLETE
284,1.0033080109144037,0.9731771005584547,0.5030107609618848,0.4836585466558657,0.013330692382249463,COMPLETE
285,1.0045279634598698,0.23135241903432652,0.980346976077514,0.0045467746258066296,0.015106249296679393,COMPLETE
286,1.003373626414691,0.891356158637161,0.5008099291657339,0.4449561439686438,0.05423392686562238,COMPLETE
287,1.0032987559207647,0.986943738148021,0.5030860474095008,0.4904261139075758,0.006487838682923409,COMPLETE
288,1.003304582191358,0.9983293873259481,0.5104411093693825,0.4887410273432352,0.0008178632873822905,COMPLETE
289,1.003309362437897,0.9949738434941248,0.5119458887909263,0.4856010748628011,0.0024530363462726412,COMPLETE
290,1.0035236054761365,0.8735878948888985,0.5783057190877194,0.36838701914884703,0.053307261763433554,COMPLETE
291,1.0034160684139553,0.9943312409165368,0.5683617924088927,0.4291913545810554,0.0024468530100518653,COMPLETE
292,1.003452410197696,0.8212015396453072,0.5013607667638619,0.4094833060610721,0.08915592717506608,COMPLETE
293,1.0035032309846503,0.8848629611329697,0.5724992030201299,0.3782796211023124,0.04922117587755774,COMPLETE
294,1.0033114127193494,0.9769062333598739,0.5064271918621748,0.48217435288677857,0.011398455251046657,COMPLETE
295,1.003296652461336,0.9877146765043702,0.5021791531828188,0.49170495667116376,0.006115890146017455,COMPLETE
296,1.0034822760828714,0.8972527833876034,0.566806627999272,0.3886839587727147,0.04450941322801331,COMPLETE
297,1.0033001469447766,0.997083617866409,0.5075294993864634,0.49103426844422665,0.0014362321693099447,COMPLETE
298,1.0034478500135091,0.8284166600878243,0.5042397109021981,0.4106960828985753,0.08506420619922662,COMPLETE
299,1.0034205284042728,0.9921377124318447,0.5699665248284368,0.42665242832583117,0.0033810468457320126,COMPLETE
300,1.003497605823044,0.8633229981828496,0.5584151989652535,0.38123031438129446,0.060354486653452034,COMPLETE
301,1.0033077388390035,0.999735011098825,0.5126768425512741,0.48719402222071645,0.00012913522800946429,COMPLETE
302,1.0033045668770395,0.9993692439278313,0.5107880479329525,0.4889033786577037,0.0003085734093437785,COMPLETE
303,1.0035013427310497,0.8480502037507663,0.5518590326757398,0.3800460386484044,0.06809492867585581,COMPLETE
304,1.00339161040295,0.885929433634194,0.5085534538148239,0.43538696032331387,0.0560595858618623,COMPLETE
305,1.003420449844417,0.9972488943517412,0.5714313517977505,0.42738961057351366,0.0011790376287358283,COMPLETE
306,1.003489532292628,0.8713132247720359,0.5580825563764923,0.38504851288661285,0.05686893073689484,COMPLETE
307,1.0033277988614584,0.9956343095340497,0.5223464185689867,0.47556829374453297,0.002085287686480369,COMPLETE
308,1.0034948799102754,0.8679610116790224,0.5593554100363783,0.38246232409571307,0.0581822658679086,COMPLETE
309,1.0033469573412743,0.999328920588565,0.5339239875151538,0.46576323846870393,0.0003127740161422839,COMPLETE
310,1.0033615491829966,0.9120807507997559,0.5054290019207535,0.4510886872519039,0.04348231082734272,COMPLETE
311,1.0034062506651447,0.8615458060813695,0.5018160397148316,0.42920830164069446,0.06897565864447401,COMPLETE
312,1.0041599581570024,0.6954237681221573,0.8369786591373062,0.11336891514706116,0.04965242571563266,COMPLETE
313,1.0033958753142014,0.869750909083143,0.5008385343007321,0.43414613857121237,0.06501532712805554,COMPLETE
314,1.0033715889925325,0.9042385722449271,0.5071093222576406,0.4456907627145855,0.04719991502777387,COMPLETE
315,1.0033107480572085,0.9872277681801734,0.5099558438364014,0.4837851985991259,0.006258957564472772,COMPLETE
316,1.003288255029847,0.9977687185826537,0.5010610825014222,0.4978256443635723,0.0011132731350054542,COMPLETE
317,1.0034065028067378,0.9979982765312083,0.5645891265204923,0.4345393013154967,0.0008715721640110167,COMPLETE
318,1.0032882468330955,0.9987934623363595,0.5014170370281469,0.4979814038485781,0.000601559123275037,COMPLETE
319,1.0038024718161989,0.6193016268160396,0.5491217672299026,0.27922962305046234,0.1716486097196351,COMPLETE
320,1.003381677906655,0.8858350435782031,0.5023797855685892,0.4408094243362436,0.056810790095167256,COMPLETE
321,1.003508632846321,0.9994220884491898,0.6149171288395546,0.3848603273211826,0.0002225438392627841,COMPLETE
322,1.003403341779749,0.9960390034275258,0.5623941065301717,0.4358725380256998,0.0017333554441284883,COMPLETE
323,1.0033140662116988,0.983466595705181,0.5104282188007171,0.48147749300938053,0.008094288189902401,COMPLETE
324,1.003347053669531,0.9197170169561204,0.5008839804048839,0.4590454966570327,0.04007052293808338,COMPLETE
325,1.0034199410632927,0.9982687629822719,0.5714703328402997,0.4277877807367187,0.0007418864229815958,COMPLETE
326,1.003322542553591,0.9487207316483411,0.500832561615729,0.47357049735895385,0.025596941025317173,COMPLETE
327,1.0033105484141394,0.981497614246122,0.50770782632232,0.4831835939766804,0.009108579700999526,COMPLETE
328,1.0033063815990975,0.9775171732158826,0.5038085355169373,0.4850356777353325,0.011155786747730236,COMPLETE
329,1.0033852622811612,0.9996016408594298,0.5541665093181533,0.4456558888356613,0.00017760184618542446,COMPLETE
330,1.0032959954342668,0.9894154032130958,0.5024370503004528,0.4922964465008748,0.00526650319867238,COMPLETE
331,1.0036921282111753,0.8594856500365979,0.6598444992906236,0.2923587716407228,0.04779672906865357,COMPLETE
332,1.0035318466537835,0.8364060527254048,0.5630376186463374,0.36547798057750996,0.07148440077615265,COMPLETE
333,1.003526694004727,0.8674782540649468,0.5770263129900999,0.3669204755227614,0.05605321148713868,COMPLETE
334,1.0033067330062544,0.9855973719850823,0.5070969583957294,0.4858039424486228,0.007099099155647787,COMPLETE
335,1.0043026782881437,0.981941054843056,0.9183326087736119,0.08019256428712009,0.0014748269392680284,COMPLETE
336,1.0045903087383137,0.011306746035500581,0.7748802890174882,0.002545371399664552,0.22257433958284728,COMPLETE
337,1.0032918021242696,0.997855402681201,0.503100362011566,0.49583398835709175,0.0010656496313421956,COMPLETE
338,1.003431029414465,0.9937971263159128,0.5757413661523796,0.4216270111324802,0.002631622715140204,COMPLETE
339,1.0033135747132356,0.9868886895921193,0.5114148398597664,0.4821791684449509,0.006405991695282711,COMPLETE
340,1.004375549981856,0.3005955615319339,0.6243710842768064,0.11291238484944484,0.26271653087374874,COMPLETE
341,1.0033763388385313,0.8899013629086703,0.5015928571100495,0.4435331957411833,0.05487394714876717,COMPLETE
342,1.003436233173675,0.8401344039551253,0.5056872220812203,0.4152891710441962,0.0790236068745835,COMPLETE
343,1.0034330153600661,0.9954365939108881,0.5772090263504407,0.4208616067459854,0.001929366903573938,COMPLETE
344,1.0033785639027126,0.9937837715462842,0.5488877313818749,0.4483080516981209,0.0028042169200042898,COMPLETE
345,1.0035006138070137,0.8317942679544443,0.5410596024372323,0.38174399202544407,0.07719640553732371,COMPLETE
346,1.0033005048025332,0.9988286644869154,0.5083340966566063,0.49108999761023475,0.0005759057331589228,COMPLETE
347,1.0034975606928769,0.8929392038053209,0.5731465662567777,0.3811541652682402,0.04569926847498209,COMPLETE
348,1.0034422234919143,0.8424614092738152,0.5113584288358586,0.41166166667271387,0.0769799044914276,COMPLETE
349,1.0033048449283093,0.9953846605031548,0.5095679182993821,0.48816857114342505,0.0022635105571928876,COMPLETE
350,1.003293969345337,0.9946940761810276,0.5032062853592032,0.4941577650371684,0.002635949603628399,COMPLETE
351,1.0033918988551056,0.8740428012841144,0.5011936033667037,0.43597814021180137,0.06282825642149498,COMPLETE
352,1.003412829686962,0.8542814496985168,0.5008812867722305,0.4263878579078772,0.07273085531989228,COMPLETE
353,1.0035225212855707,0.8749542816262672,0.578366110226454,0.36891037713610164,0.05272351263744433,COMPLETE
354,1.0032971140665226,0.9962655938437939,0.5055385680937178,0.4926149120909649,0.001846519815317317,COMPLETE
355,1.003409378109261,0.8563478891174446,0.5001358972081914,0.42805756927135064,0.07180653352045795,COMPLETE
356,1.0045604976280451,0.030103665349088038,0.998192649634389,5.4407870574904595e-05,0.0017529424950360668,COMPLETE
357,1.0032988290455165,0.9809981294850472,0.5008614315090464,0.48965400204346965,0.009484566447484018,COMPLETE
358,1.0035031980491256,0.8714758438598441,0.5659103053813932,0.3782986829286124,0.05579101168999441,COMPLETE
359,1.003449790558072,0.9797742661975809,0.5809441795868684,0.4105801089411013,0.008475711472030346,COMPLETE
360,1.0033040404874043,0.9773010407860886,0.502388817471802,0.4863159265916042,0.011295255936593791,COMPLETE
361,1.0034173399359347,0.9900173086584366,0.5677114708701303,0.4279731261730678,0.004315402956801918,COMPLETE
362,1.0032935578917588,0.9967708815075178,0.5037109416083798,0.4946864822155512,0.0016025761760689577,COMPLETE
363,1.0034222660674397,0.984159073088795,0.5684142376344707,0.42474904384798023,0.006836718517549029,COMPLETE
364,1.0033933942895006,0.9975607733426297,0.5577483480291493,0.4411728999520974,0.0010787520187533453,COMPLETE
365,1.003494790789888,0.8557672830473704,0.5525258864523029,0.3829337063847432,0.06454040716295384,COMPLETE
366,1.0032923424913684,0.9974889954002407,0.5032770747743587,0.4954756516755939,0.0012472735500474708,COMPLETE
367,1.0033965328159717,0.86863937526524,0.5005021073226517,0.4338835374415558,0.06561435523579257,COMPLETE
368,1.0033048018561865,0.9854798357977439,0.5059630696559515,0.48686343299347434,0.007173497350574144,COMPLETE
369,1.003664116122467,0.6777838903263449,0.5008943374256933,0.3382857776635216,0.16081988491078508,COMPLETE
370,1.0033040807156626,0.9960553287394529,0.5093746548350512,0.4886899894661807,0.0019353556987681724,COMPLETE
371,1.0034566877112037,0.9985226563028277,0.5897712014348836,0.40962274963515766,0.000606048929958756,COMPLETE
372,1.0033160745544167,0.9977874296149357,0.5166328112663343,0.4822977048067618,0.0010694839269038867,COMPLETE
373,1.0033957876699309,0.9973266498638481,0.5589088657351291,0.4399119432210285,0.0011791910438423826,COMPLETE
374,1.0034111837883088,0.8559363362156525,0.5010112409187921,0.42710261026076396,0.07188614882044393,COMPLETE
375,1.0033061163648753,0.9857518929846713,0.5068066587848559,0.4861662697102632,0.00702707150488092,COMPLETE
376,1.0034878071280051,0.8791724771766696,0.56116967955075,0.3858075398895988,0.05302278055965116,COMPLETE
377,1.0032945348115063,0.9983949496053517,0.5048311513047442,0.4943740777392399,0.00079477095601587,COMPLETE
378,1.0033932803857826,0.874854783072352,0.5025986364139364,0.43515396203997775,0.06224740154608585,COMPLETE
379,1.0034140016807436,0.8526031028904152,0.5004175338531962,0.4259455607864107,0.07363690536039308,COMPLETE
380,1.0034937817337513,0.870211058558134,0.5599226285394313,0.38296019526618263,0.057117176194386075,COMPLETE
381,1.0032893928776792,0.9974855596609978,0.5016063659483203,0.4971404529935183,0.0012531810581614272,COMPLETE
382,1.0036325724986543,0.9631818507853911,0.6626621602715258,0.3249176848096174,0.012420154918856788,COMPLETE
383,1.0034065493080315,0.9960589040449948,0.5640376567369649,0.4342441738354665,0.0017181694275685566,COMPLETE
384,1.0033848715123594,0.9964126205636431,0.5529930892935184,0.44540332730710375,0.0016035833993778554,COMPLETE
385,1.0032894468909839,0.9985194793113865,0.5020008335624957,0.4972618683686813,0.0007372980688229953,COMPLETE
386,1.003293938689143,0.9989308076143972,0.5046816170011956,0.49478879235525297,0.0005295906435513974,COMPLETE
387,1.0033109343300366,0.9957148777871733,0.5130775069183502,0.4848359706906207,0.002086522391029148,COMPLETE
388,1.0032863788207507,0.9987025036735934,0.5003252245596417,0.4990264492548264,0.0006483261855319242,COMPLETE
389,1.0033091448083542,0.9994725950323131,0.5133684899377492,0.486374858186411,0.000256651875839801,COMPLETE
390,1.0035012562606522,0.8774909175364248,0.5678501982561541,0.37920752604539143,0.05294227569845448,COMPLETE
391,1.0035004046193943,0.8598159660058107,0.5581004073005749,0.3799523251744305,0.06194726752499463,COMPLETE
392,1.0033965765272765,0.8726233228961204,0.5032032666341382,0.43351641627365634,0.06328031709220555,COMPLETE
393,1.0034139123602948,0.8576681464711622,0.5040120675107818,0.42539305073009176,0.07059488175912651,COMPLETE
394,1.003414527461985,0.988662426921789,0.5658658467086616,0.42921212560265065,0.004922027688687824,COMPLETE
395,1.0034488570187272,0.9943906651131901,0.5847760904536838,0.4128947795846604,0.00232912996165576,COMPLETE
396,1.0033095392705347,0.9640050371104122,0.5000815576585995,0.48192389656150125,0.017994545779899253,COMPLETE
397,1.003377486870217,0.8897382840379094,0.502200946086863,0.44291087602436924,0.05488817788876771,COMPLETE
398,1.0033606555935455,0.9045256359710906,0.50067135309294,0.4516555619021926,0.047673085004867416,COMPLETE
399,1.0033001169457747,0.9850828135517883,0.5031599379609019,0.48942860619871986,0.007411455840378303,COMPLETE
400,1.0032886413498032,0.9954238580693326,0.5004460129470816,0.49726795710613353,0.0022860299467849167,COMPLETE
