number,value,params_catboost_fraction_of_remainder,params_official_weight,user_attrs_catboost_weight,user_attrs_residual_weight,state
600,1.0033090535224978,0.9914537800460477,0.5105331431949953,0.48528376538657947,0.004183091418425259,COMPLETE
601,1.0035188095634668,0.8763599364136726,0.5770020343645214,0.370698470267421,0.05229949536805772,COMPLETE
602,1.0033034120604116,0.9770570361657714,0.5019334300336694,0.4866394466645548,0.011427123301775791,COMPLETE
603,1.0034238139648286,0.9977720800629186,0.5732740666391198,0.4257752221462758,0.0009507112146043651,COMPLETE
604,1.0034063619217708,0.9958513990167003,0.5638801695934905,0.43431054324924856,0.0018092871572609533,COMPLETE
605,1.003306892759251,0.9979750953748657,0.5116072824116251,0.4874037689156483,0.0009889486727265966,COMPLETE
606,1.0034245739218142,0.843424081639105,0.5004814944808252,0.4213059367792482,0.0782125687399266,COMPLETE
607,1.0034789546904532,0.90824843004608,0.5699015582278033,0.390636234504863,0.03946220726733368,COMPLETE
608,1.0034052062656884,0.9994481323742322,0.5643554184823547,0.4354041633767646,0.00024041814088072993,COMPLETE
609,1.003456074387524,0.8871766381758533,0.5473047024347956,0.40162069221191565,0.051074605353288796,COMPLETE
610,1.0039598098362383,0.7462995883529594,0.753787989282142,0.18374792224629188,0.062464088471566155,COMPLETE
611,1.0033897323153131,0.8789698114147185,0.5030459746842662,0.43680758591355584,0.06014643940217801,COMPLETE
612,1.0034996160367666,0.8817757438571161,0.5690371814661561,0.38001255988743954,0.05095025864640435,COMPLETE
613,1.0034868023044121,0.8563934284118735,0.5481718634640582,0.38694264690096325,0.06488548963497852,COMPLETE
614,1.0042283992285541,0.5758651325570886,0.8476172520080999,0.08775191137176898,0.06463083662013112,COMPLETE
615,1.00339171014624,0.8750638251461992,0.5017483002972963,0.4360020382274432,0.06224966147526044,COMPLETE
616,1.003295793757898,0.9968028229742589,0.5049836765920245,0.49343366859140875,0.0015826548165667916,COMPLETE
617,1.0032990878549513,0.9876418043673124,0.5035344962195569,0.49033008595984356,0.0061354178205995135,COMPLETE
618,1.003296620799282,0.9923941043131949,0.5038794817780398,0.4923470773122803,0.0037734409096799393,COMPLETE
619,1.0032880264498534,0.9978525594880083,0.500960988709896,0.4979673547001954,0.0010716565899086387,COMPLETE
620,1.004651949085258,0.07473409769953931,0.7004680965671863,0.022385246535276872,0.2771466568975368,COMPLETE
621,1.003386397873257,0.9959022797831117,0.5536280870124635,0.4445428057754364,0.0018291072121001141,COMPLETE
622,1.0034062002185444,0.9971921181121218,0.5641966648538824,0.4345796508546839,0.0012236842914336843,COMPLETE
623,1.003498325490515,0.857887470860195,0.5558106113000826,0.38106451125470825,0.06312487744520918,COMPLETE
624,1.0032913626831295,0.9905521676140542,0.5002220730594638,0.49505610885660656,0.004721818083929663,COMPLETE
625,1.0034081370894075,0.9975001320431831,0.565273699440797,0.43363954221044954,0.001086758348753501,COMPLETE
626,1.0035738953860525,0.9999728870687637,0.6450700371133419,0.3549203396949807,9.623191677430932e-06,COMPLETE
627,1.005317603982178,0.025707315721463786,0.5425056922979801,0.011760950608868328,0.4457333570931516,COMPLETE
628,1.0033950581824664,0.8701161771303877,0.5005664354915116,0.4345652238807288,0.0648683406277596,COMPLETE
629,1.003408087462684,0.9981081509067914,0.5654275586172909,0.4337502959035458,0.0008221454791633294,COMPLETE
630,1.0035854145813115,0.7291163690603353,0.5058246941615181,0.36031130467223466,0.13386400116624728,COMPLETE
631,1.0033065343828051,0.9982935871603361,0.5115167944698483,0.4876496515162749,0.000833554013876823,COMPLETE
632,1.0036939148378055,0.7450469960651183,0.603581457800103,0.2953504440505466,0.10106809814935043,COMPLETE
633,1.0034134909392938,0.8561487154196888,0.5026589343901252,0.4257979144473535,0.0715431511625213,COMPLETE
634,1.0034967648295159,0.8953731960782265,0.5738149496657104,0.38159467063857266,0.04459037969571687,COMPLETE
635,1.0033770540459803,0.8898303830999634,0.501990497118169,0.44314398673676203,0.05486551614506898,COMPLETE
636,1.0033823269558404,0.8860690180439468,0.5029270557337421,0.44044093562221664,0.05663200864404128,COMPLETE
637,1.0035096965788628,0.8588623518302861,0.5629401698173289,0.3753742336412344,0.061685596541436724,COMPLETE
638,1.0033719029864356,0.8962050519630553,0.5026691696003747,0.4457104027011257,0.05162042769849966,COMPLETE
639,1.0032896235215896,0.9930730024635102,0.5001555069763781,0.49638207145181923,0.0034624215718026432,COMPLETE
640,1.0034784612511762,0.8954604570301885,0.563891493213146,0.39051792280210934,0.04559058398474465,COMPLETE
641,1.0033146305404141,0.966186857051654,0.5039303475850044,0.47929597834555104,0.016773674069444577,COMPLETE
642,1.0033060124094524,0.9686642691520436,0.5000143398412761,0.48431824408415236,0.01566741607457156,COMPLETE
643,1.0034781476525514,0.895551531717596,0.5637618790944441,0.39067371737057643,0.04556440353497946,COMPLETE
644,1.0033778152872839,0.9955066025087149,0.5490370043433765,0.44893663966327757,0.0020263559933458757,COMPLETE
645,1.0034240656039604,0.9951510340018944,0.5726406470940955,0.42528710193469144,0.0020722509712131345,COMPLETE
646,1.0033100470572462,0.9988813606958548,0.5136687780715442,0.48578719270877363,0.0005440292196821527,COMPLETE
647,1.0035011766713573,0.8712680454157163,0.5646648123248297,0.3792936380664297,0.05604154960874063,COMPLETE
648,1.003400441864734,0.9925526049373669,0.559849662549709,0.43687236400034735,0.0032779734499436093,COMPLETE
649,1.0033186238786354,0.9989506506066573,0.5184284356350494,0.4810662275360332,0.000505336828917441,COMPLETE
650,1.0033943149230624,0.9970037782947515,0.5580541442893068,0.44062168794526824,0.0013241677654249973,COMPLETE
651,1.0033416785679543,0.9286106083856454,0.5023169612373425,0.4621537494086081,0.0355292893540494,COMPLETE
652,1.0032977332604462,0.9900659322530955,0.5036616644812207,0.49140767686834985,0.004930658650429384,COMPLETE
653,1.0033597343791063,0.9099080534909291,0.5031498172945016,0.45208798262217254,0.04476220008332588,COMPLETE
654,1.0032919504175362,0.9977548601012933,0.5031488883286827,0.4957356114167873,0.0011155002545300387,COMPLETE
655,1.0033005874190855,0.9896150477713589,0.5051109049125972,0.48974969547644465,0.005139399610958105,COMPLETE
656,1.0034225511923887,0.9986309377107618,0.5728868710821229,0.42652838443983715,0.0005847444780399845,COMPLETE
657,1.0033158981609382,0.9991754024948112,0.5170029502166237,0.48259877162111137,0.00039827816226493127,COMPLETE
658,1.00364928154255,0.8491886458761382,0.6343494301628751,0.31050631226382636,0.0551442575732985,COMPLETE
659,1.0032998011760441,0.9835204506758725,0.5023873996411429,0.48941216896693596,0.008200431391921151,COMPLETE
660,1.0035716413228137,0.7679464418159725,0.5381727584664596,0.354658586869368,0.10716865466417234,COMPLETE
661,1.0033396090975057,0.9268360037199586,0.5001831268978879,0.46324827325776724,0.03656859984434487,COMPLETE
662,1.0034876515701443,0.8604684993387182,0.5510344010688886,0.38632075516696224,0.06264484376414917,COMPLETE
663,1.0033684300192585,0.8964777496990928,0.5007060011979872,0.4476059604842899,0.05168803831772284,COMPLETE
664,1.0034699524561361,0.864082601733825,0.5426898455218875,0.3951537480807449,0.06215640639736763,COMPLETE
665,1.0035966618222962,0.7567715741854648,0.545941549917449,0.34361852804118437,0.11043992204136657,COMPLETE
666,1.0034081558462566,0.9983498626382827,0.5655333356844118,0.4337497346403804,0.0007169296752078246,COMPLETE
667,1.0034586739231937,0.8879639868741593,0.5491879523282347,0.4003048631815243,0.050507184490241004,COMPLETE
668,1.003477062979567,0.8773366439793922,0.5541442063163863,0.3911656257291499,0.05469016795446379,COMPLETE
669,1.0032949048416906,0.9979258699851311,0.5048760814066907,0.4940969672126754,0.0010269513806338843,COMPLETE
670,1.0036454140991427,0.8717487009041925,0.6411731878508606,0.31280680734060495,0.04602000480853439,COMPLETE
671,1.003435158318914,0.8351770565670693,0.5011046025117495,0.4166659896090951,0.08222940787915539,COMPLETE
672,1.003304613933505,0.9790541005818212,0.5034037237644937,0.4861946205820352,0.010401655653471058,COMPLETE
673,1.0034971495749414,0.8822908629455974,0.5679227257217087,0.3812178311821753,0.05085944309611608,COMPLETE
674,1.0034726811416208,0.8942221321240862,0.5601230993672601,0.39334765995594345,0.046529240676796424,COMPLETE
675,1.003424445256486,0.994779583256079,0.5727230860487162,0.42504635039540156,0.002230563555882192,COMPLETE
676,1.0034233310822354,0.8531042716301289,0.5068362403104602,0.4207201100043208,0.07244364968521902,COMPLETE
677,1.0034092320314396,0.9956623124186796,0.5652860496871537,0.4328282970091476,0.0018856533036987497,COMPLETE
678,1.0039431115640804,0.9830896101988587,0.7929539410262466,0.20354482940971713,0.003501229564036269,COMPLETE
679,1.0032959691838566,0.9893956890733575,0.5024148697687233,0.49230858279783035,0.005276547433446355,COMPLETE
680,1.0034140239947984,0.9903299151641188,0.5661196065395776,0.4296847332470346,0.004195660213387784,COMPLETE
681,1.0032936702547621,0.9897680381217632,0.5012460272080874,0.4936507411556866,0.005103231636226018,COMPLETE
682,1.003383260033512,0.8807645688464961,0.5001529455480747,0.4402475754035411,0.05959947904838425,COMPLETE
683,1.0033039673115933,0.9743906282225814,0.5011862079195611,0.4860394842313469,0.012774307849091952,COMPLETE
684,1.0032950099430473,0.9935125111235451,0.5033714528782752,0.49340667494654267,0.003221872175182145,COMPLETE
685,1.0035523375510642,0.7473765422449635,0.5010355676150037,0.37291431217911947,0.12605012020587686,COMPLETE
686,1.0044794763381455,0.05976938223653683,0.9189728225099465,0.004842944342950721,0.07618423314710278,COMPLETE
687,1.0034711331014856,0.8789941594714734,0.5516305003766923,0.3941141714540345,0.05425532816927324,COMPLETE
688,1.0032873621476914,0.9976937653911537,0.500527753100498,0.49832034671754416,0.0011519001819578403,COMPLETE
689,1.00329705292543,0.9877223064842184,0.5024095509632982,0.49148118600704904,0.00610926302965275,COMPLETE
690,1.0033736084679812,0.9982295629149904,0.5476833746662182,0.4515158272061245,0.0008007981276573059,COMPLETE
691,1.0034597068139213,0.875314301310605,0.5430509352136981,0.3999740513779563,0.05697501340834571,COMPLETE
692,1.0034849555065528,0.8836387907445865,0.5618055455364114,0.38720561785318924,0.05098883661039939,COMPLETE
693,1.0034534085831683,0.8875537383781457,0.5459792086849041,0.4029678506331173,0.051052940681978604,COMPLETE
694,1.003371699331218,0.8948598257431565,0.5017434457881185,0.4458697732774299,0.05238678093445163,COMPLETE
695,1.0032875310472427,0.9976790821091654,0.5006184724790292,0.49822250399939505,0.0011590235215757077,COMPLETE
696,1.0033925815045588,0.9903253697838212,0.5550985567277094,0.440597186325987,0.004304256946303643,COMPLETE
697,1.0033705663342465,0.8945977752758127,0.5008910637236546,0.44650174401309606,0.05260719226324942,COMPLETE
698,1.0035753312446616,0.9195123701549698,0.6234437789950618,0.3462481032728494,0.03030811773208886,COMPLETE
699,1.0032915265381463,0.9941943441390552,0.5016428965141483,0.49546381364715564,0.0028932898386961276,COMPLETE
700,1.0034136791641957,0.8524591029861874,0.5001006355735139,0.42614376378236757,0.07375560064411854,COMPLETE
701,1.0034815278412685,0.8690049653660898,0.5522427340163246,0.38910328741855893,0.058653978565116484,COMPLETE
702,1.0034312214863226,0.9962686066147625,0.576552026081243,0.4218679229498843,0.0015800509688726865,COMPLETE
703,1.003370731723853,0.9981643180614592,0.546155826932782,0.45301105951580656,0.0008331135514114674,COMPLETE
704,1.0034260553737497,0.8477198059097864,0.5046940226210223,0.4198806870096641,0.07542529036931371,COMPLETE
705,1.0034243945339822,0.8464745697821305,0.5026784704644763,0.4209700277569735,0.07635150177855014,COMPLETE
706,1.0033080299060757,0.9929138679104004,0.5104794941922178,0.4860516988430606,0.0034688069647215666,COMPLETE
707,1.0033647237663057,0.9998154921969149,0.5435105646809049,0.45640520945625285,8.422586284228357e-05,COMPLETE
708,1.0032935630739461,0.9889836347844546,0.5008942636529861,0.4936074052742415,0.005498331072772412,COMPLETE
709,1.0034528815729795,0.9099605830141624,0.556533788328636,0.40353677251955633,0.039929439151807675,COMPLETE
710,1.0033982622025095,0.8684861694871177,0.5014983869787342,0.43294175637598864,0.06555985664527722,COMPLETE
711,1.003456946536992,0.8989589050071143,0.5536584543122095,0.401242707170679,0.04509883851711148,COMPLETE
712,1.0033041293328613,0.9861185843235039,0.5058212997781439,0.4873188002656059,0.0068598999562501616,COMPLETE
713,1.0032910521729308,0.9938478667641146,0.5012486763661554,0.49568293903927496,0.0030683845945695958,COMPLETE
714,1.0034706890685636,0.9999895768878629,0.5969728164181254,0.40302298278434584,4.20079752875696e-06,COMPLETE
715,1.003401723181432,0.8652132551854272,0.5014649481165364,0.4313391350641274,0.06719591681933619,COMPLETE
716,1.003380610965791,0.9959735905552575,0.5506414972926988,0.44754920138792514,0.0018093013193760388,COMPLETE
717,1.0033890277350932,0.9985616340707397,0.5557990709096983,0.4435620056081525,0.0006389234821492502,COMPLETE
718,1.0032889044528,0.9944172566399072,0.5002334739862578,0.4969764577590423,0.00279006825469986,COMPLETE
719,1.0032967629947898,0.9893627669696339,0.5028532045677333,0.49185852911895395,0.0052882663133127766,COMPLETE
720,1.0035615783939686,0.9979655576278481,0.6390364408989055,0.36022919954165644,0.0007343595594380195,COMPLETE
721,1.0032986471063392,0.9975499787647727,0.5068500778541501,0.49194169436444185,0.0012082277814080252,COMPLETE
722,1.003401163375812,0.8646618779995155,0.5007254843764568,0.43170364031635133,0.06757087530719187,COMPLETE
723,1.0034825866570525,0.9026652676796911,0.5694127923618852,0.3886761170421096,0.04191109059600515,COMPLETE
724,1.0036428381910234,0.7488428141432493,0.5718979579192527,0.32058113793221854,0.10752090414852877,COMPLETE
725,1.003457805438226,0.9083904846264526,0.5585172583522758,0.4010387216395911,0.04044402000813306,COMPLETE
726,1.0034638128728954,0.8858529033558803,0.5510234474864906,0.3977271825828062,0.05124936993070325,COMPLETE
727,1.003289041124709,0.9990221328038158,0.501947090412665,0.4975658799850854,0.0004870296022495507,COMPLETE
728,1.0045502995393318,0.5124156871023174,0.9946466854661178,0.002743122345154077,0.002610192188728137,COMPLETE
729,1.0035892794255035,0.8925148597978075,0.6208046940963089,0.3384374452846196,0.040757860619071495,COMPLETE
730,1.0033992291091574,0.9911125556474967,0.5587808767857371,0.43729781280943586,0.00392131040482707,COMPLETE
731,1.003387620627418,0.8776951913563023,0.5008993563578454,0.43805823492755447,0.061042408714600094,COMPLETE
732,1.0033838844194507,0.8807716366051987,0.5005483627848862,0.43990283591510176,0.05954880130001203,COMPLETE
733,1.0044965900533875,0.8930720721969512,0.9786257341932578,0.019088759855715672,0.0022855059510265025,COMPLETE
734,1.0033642832227827,0.9017597896271938,0.5012804517175572,0.4497252349421448,0.048994313340298044,COMPLETE
735,1.0034099940913956,0.9919742037338543,0.564565329827009,0.4319399602229662,0.0034947099500247957,COMPLETE
736,1.0032997334922795,0.9832060242144882,0.5022287367707305,0.48941170468787354,0.008359558541395964,COMPLETE
737,1.0032936846218188,0.998691653226662,0.5044552868683864,0.49489636880514315,0.0006483443264704617,COMPLETE
738,1.0035943604077548,0.7253323591277259,0.5086424302127596,0.3563975452690453,0.13496002451819514,COMPLETE
739,1.0033003575588149,0.9920920760563782,0.5058802752152003,0.49021226358215814,0.003907461202641547,COMPLETE
740,1.003384926558282,0.9991339457564556,0.5538514947918081,0.4457621164020054,0.000386388806186526,COMPLETE
741,1.0033953739346437,0.8702549922324065,0.5008607742393966,0.43437840303718334,0.06476082272342007,COMPLETE
742,1.0034010212795614,0.9999487897523262,0.5623691965198359,0.4376083922983282,2.241118183592502e-05,COMPLETE
743,1.0033038007548916,0.9961864728006975,0.509263757490963,0.4888648065005453,0.0018714360084917214,COMPLETE
744,1.003294233823769,0.9942855941656151,0.5032097749967476,0.4939513640430285,0.0028388609602239593,COMPLETE
745,1.0036276858350164,0.7551061975627609,0.5665989966527027,0.327263783657463,0.10613721968983422,COMPLETE
746,1.0034778853041821,0.8820559879385507,0.5570455373530767,0.3907106361618218,0.05224382648510153,COMPLETE
747,1.0034769552772174,0.8863819023838025,0.5586924991006459,0.39116698218341117,0.05014051871594296,COMPLETE
748,1.0035077189386303,0.9997574060931438,0.6145715449658451,0.3853349524394346,9.35025947202904e-05,COMPLETE
749,1.003478607042828,0.8881929197739976,0.5605042377464634,0.39035702430426733,0.049138737949269234,COMPLETE
750,1.0043446875053121,0.3755084213360261,0.8730531402595503,0.0476696148947022,0.07927724484574752,COMPLETE
751,1.0034418290468778,0.8305879409586736,0.5019203816331748,0.41369892465278335,0.08438069371404192,COMPLETE
752,1.0034762247194724,0.8964193381387615,0.5631111805761627,0.3916355863481411,0.04525323307569617,COMPLETE
753,1.00334146161026,0.9252224266428297,0.5004485592634629,0.46219619623118063,0.03735524450535651,COMPLETE
754,1.00341207881029,0.999849076137342,0.5679594914207826,0.43197530335683787,6.520522237951333e-05,COMPLETE
755,1.0033001070187,0.9971787614737065,0.5075402309181559,0.49107042260866085,0.0013893464731832782,COMPLETE
756,1.0032938003443923,0.9929943750043375,0.5024995427052776,0.49401515565574494,0.0034853016389774236,COMPLETE
757,1.0033611303020522,0.905394171423356,0.5014559053966143,0.45137891745143954,0.0471651771519461,COMPLETE
758,1.0034847513636687,0.8708121871928093,0.5550796912235472,0.38744202721212295,0.05747828156432988,COMPLETE
759,1.0034665980913569,0.8683472641823944,0.5431689281464945,0.3966880114375023,0.06014306041600316,COMPLETE
760,1.0034618205231653,0.9993517966068891,0.5925005258441886,0.40723533161397274,0.00026414254183870084,COMPLETE
761,1.0033765141721713,0.9963434681033122,0.548617887825549,0.4497316190836908,0.0016504930907601898,COMPLETE
762,1.0040189296403712,0.5509847002577247,0.6902376677248697,0.17067430579974638,0.1390880264753839,COMPLETE
763,1.0033763280768078,0.9987098979195627,0.5492525964917273,0.4501658933452549,0.0005815101630177511,COMPLETE
764,1.003454659060102,0.9020534942977365,0.5538602159760331,0.40244195112405684,0.043697832899910076,COMPLETE
765,1.00339095930319,0.9985059078455183,0.5567786897410486,0.44255909677659444,0.0006622134823570021,COMPLETE
766,1.0032862372313647,0.9992905718084173,0.5004513718163736,0.49919423430372656,0.0003543938798999318,COMPLETE
767,1.0033710832649019,0.8981212382668267,0.5032981088894389,0.4460985174936916,0.05060337361686946,COMPLETE
768,1.0033137822446658,0.9600293869019307,0.5008182959139853,0.4792291053263577,0.019952598759656996,COMPLETE
769,1.0034090201488692,0.8600429954041691,0.5025404883946772,0.4278365684533368,0.06962294315198597,COMPLETE
770,1.0033848669098597,0.8822265973628508,0.5020910543529248,0.4392685149147438,0.058640430732331425,COMPLETE
771,1.0033008944040458,0.9859155231454099,0.5039143898593134,0.4890985038467649,0.006987106293921725,COMPLETE
772,1.003583006558469,0.8892951582289227,0.6164147687614836,0.34112048890853436,0.04246474232998206,COMPLETE
773,1.0032936307949007,0.9972927826061903,0.5039358038633409,0.4947212425164317,0.001342953620227413,COMPLETE
774,1.003296814440356,0.9902270047261806,0.503200185513181,0.49194459224780496,0.004855222239014018,COMPLETE
775,1.0036265572353644,0.700013464367965,0.5009164286168085,0.34936521981308444,0.14971835157010707,COMPLETE
776,1.003368757967338,0.998660489280034,0.5452738138810105,0.4541170755180339,0.0006091106009556245,COMPLETE
777,1.0034893614925138,0.8591485875227187,0.5512822902724493,0.38551518650885447,0.06320252321869621,COMPLETE
778,1.0034629362256955,0.8812131962908678,0.5481094462214869,0.39821191926881383,0.053678634509699286,COMPLETE
779,1.0034510363665476,0.9002746930135475,0.5509975485445611,0.4042255441463755,0.044776907309063405,COMPLETE
780,1.0034536865697137,0.9005017783294431,0.5525830555986944,0.4028997540881013,0.044517190313204336,COMPLETE
781,1.0034238988065651,0.998526959934074,0.573533445769831,0.42583835190901054,0.0006282023211584285,COMPLETE
782,1.003452311051527,0.9978417865934305,0.5874399330937454,0.41166967423884226,0.0008903926674122968,COMPLETE
783,1.003373150670172,0.9987628111823923,0.5476085304732363,0.45183177585948403,0.0005596936672796284,COMPLETE
784,1.0033954252437773,0.8772560248519309,0.505497143931658,0.4338056097924402,0.06069724627590177,COMPLETE
785,1.0033599880352682,0.9047191714984616,0.5003770045773179,0.4520185024803886,0.04760449294229348,COMPLETE
786,1.0033922237125443,0.9973609314460855,0.5570850335617562,0.44174608347825856,0.0011688829599852619,COMPLETE
787,1.0033973091302717,0.8690761478953086,0.5012927290952582,0.4334145939252751,0.06529267697946667,COMPLETE
788,1.0033621022273187,0.9084953664427078,0.5037885025467139,0.4508058462119079,0.04540565124137818,COMPLETE
789,1.0036129896378299,0.8709024299464778,0.6244864640508242,0.32703565093593123,0.04847788501324454,COMPLETE
790,1.0033646179457107,0.899868950749244,0.5003806188396804,0.4495919682987234,0.05002741286159619,COMPLETE
791,1.0034874466520782,0.8831137553970918,0.562935935532153,0.385977287321317,0.051086777146529996,COMPLETE
792,1.0033134838151583,0.9603032592919559,0.5007649208094107,0.4794170736996006,0.019818005490988673,COMPLETE
793,1.003486854982673,0.8943469323521898,0.5679687177179343,0.3863858519891484,0.04564543029291729,COMPLETE
794,1.003306370440312,0.9890383513916112,0.5081590294916324,0.486449582618446,0.005391387889921632,COMPLETE
795,1.0036351560683794,0.7310268162990212,0.5494800623432877,0.3293421557044199,0.12117778195229238,COMPLETE
796,1.004092409665254,0.6133079696084062,0.7814010096709137,0.1340685029171795,0.08453048741190675,COMPLETE
797,1.0034526318999446,0.880048897307513,0.5415379313511354,0.40346903797175465,0.05499303067710998,COMPLETE
798,1.0033941755875595,0.9910401501142585,0.5561487362334154,0.4398744230716393,0.003976840694945253,COMPLETE
