number,value,params_catboost_fraction_of_remainder,params_official_weight,user_attrs_catboost_weight,user_attrs_residual_weight,state
799,1.003322736244869,0.9985692536422536,0.5205585536422894,0.4787554872545816,0.000685959103128973,COMPLETE
800,1.00336343183121,0.9058365997966907,0.5030986278705918,0.45011144936401326,0.046789922765394974,COMPLETE
801,1.0035504876320769,0.749070320065611,0.5015940771060408,0.3733410841847743,0.12506483870918494,COMPLETE
802,1.0033903856882114,0.8756204373344479,0.5012804810118807,0.4366890033236025,0.06203051566451676,COMPLETE
803,1.0033666196562547,0.9984640769938441,0.5440882045598687,0.45521155002473696,0.0007002454153943418,COMPLETE
804,1.0032961871038255,0.9850540296177456,0.5009124751366383,0.49162817749860127,0.007459347364760473,COMPLETE
805,1.0034171554814444,0.9963790776439402,0.5695158602797152,0.4289253900748424,0.0015587496454423579,COMPLETE
806,1.00330174040909,0.9849656900309958,0.5040371599503592,0.48850638097922683,0.007456459070413967,COMPLETE
807,1.0033041794400173,0.9900312113106796,0.507287697624059,0.4878005575489267,0.004911744827014286,COMPLETE
808,1.003296563241464,0.9944166918281124,0.5045731033412877,0.49266077561802485,0.0027661210406874867,COMPLETE
809,1.003667476446572,0.7744229705200086,0.6066079040835392,0.30465187549871775,0.08874022041774308,COMPLETE
810,1.003435524934238,0.8360795234123994,0.5020673923444487,0.41631125730014656,0.08162135035540469,COMPLETE
811,1.0032960146699224,0.9845143217410012,0.5006085931350067,0.49165799221297324,0.007733414652020063,COMPLETE
812,1.003459544323015,0.9148905304459221,0.5623334298143698,0.40041700055557855,0.037249569630051604,COMPLETE
813,1.0033673671708376,0.9977213154755225,0.5442495034841386,0.4547119849124278,0.0010385116034336522,COMPLETE
814,1.003486149539948,0.8947130976919465,0.5677525600109978,0.3867374460019739,0.045509993987028284,COMPLETE
815,1.0032921816490008,0.995548425708218,0.5024992396776861,0.49528609872752116,0.0022146615947928124,COMPLETE
816,1.0033758364899796,0.8888088770717675,0.5006095015643985,0.4438627081348572,0.05552779030074427,COMPLETE
817,1.0034794697878076,0.8778476824338661,0.5557805725943887,0.38995699484011487,0.05426243256549638,COMPLETE
818,1.0034714658425692,0.902243617490419,0.5631894105931902,0.3941095663445222,0.04270102306228762,COMPLETE
819,1.0032979731026053,0.9906397814442996,0.5040073012058204,0.4913500987314344,0.004642600062745175,COMPLETE
820,1.0035881447218438,0.7758757551644516,0.556565084334568,0.344050400058202,0.09938451560723004,COMPLETE
821,1.0033045335583772,0.973483852490444,0.5011445804930633,0.4856276956173493,0.013227723889587373,COMPLETE
822,1.0033848726302037,0.9991750919948874,0.5538360147711824,0.44579594098580944,0.0003680442430081871,COMPLETE
823,1.0033943037307491,0.9986477200003779,0.5585425765519513,0.4408604494036352,0.0005969740444134845,COMPLETE
824,1.0034754461824773,0.8625219232723561,0.5450321918873225,0.3924197088803548,0.06254809923232263,COMPLETE
825,1.0035717441781609,0.9862637719923014,0.6408617057301841,0.3542050887734298,0.004933205496386141,COMPLETE
826,1.003379402445278,0.9973774019002632,0.5504457795933329,0.4483752203625,0.0011790000441671616,COMPLETE
827,1.0033004548262794,0.9914303682093206,0.5056963685727386,0.4900676313131341,0.0042360001141273215,COMPLETE
828,1.0035814134814114,0.8831858121603303,0.6132046152432663,0.3416121960262433,0.045183188730490396,COMPLETE
829,1.0035321722373436,0.7621948477723226,0.5022410178360457,0.3793893316377614,0.11836965052619292,COMPLETE
830,1.0033022250536765,0.9748279898261087,0.5003636130853357,0.4870595347000021,0.012576852214662197,COMPLETE
831,1.0034874172580934,0.873890481578263,0.5582338391937095,0.38605524301198957,0.05571091779430093,COMPLETE
832,1.0032901183262273,0.9930609333640318,0.5004327001296136,0.49610076908743506,0.0034665307829513273,COMPLETE
833,1.0033121202007422,0.9627309196628274,0.5010256945357279,0.4803779919877393,0.018596313476532848,COMPLETE
834,1.0034597923022683,0.9963467936139621,0.5906926379977522,0.4078120777335289,0.0014952842687189563,COMPLETE
835,1.0034918448267784,0.8819441387615837,0.5648095233799934,0.3838136900998749,0.051376786520131744,COMPLETE
836,1.0034240350516515,0.8491939573675316,0.5044613996395558,0.4208083850684533,0.07473021529199088,COMPLETE
837,1.0032919487086012,0.9979929206021974,0.5032314480160185,0.4957714980578182,0.0009970539261633024,COMPLETE
838,1.0034622560257025,0.9020301155358068,0.5580449548326302,0.3986567604539553,0.04329828471341451,COMPLETE
839,1.0032980038289048,0.998863794102009,0.5069443762767537,0.4924954110155343,0.0005602127077119916,COMPLETE
840,1.003446204009224,0.9112659935666491,0.5534637387273028,0.4069133097922012,0.03962295148049599,COMPLETE
841,1.0033779840999713,0.8935389238239662,0.5047998108968158,0.44248064404868376,0.05271954505450046,COMPLETE
842,1.0032999421318811,0.9802674691629438,0.5012128204111598,0.48894484618647516,0.009842333402365065,COMPLETE
843,1.0033008071020508,0.994412693619967,0.5069620228943001,0.4902832228706186,0.0027547542350812504,COMPLETE
844,1.0032946142276218,0.991784977834784,0.5025221357183681,0.493391072599854,0.004086791681777907,COMPLETE
845,1.0034605808695558,0.90049299886776,0.5564021637796766,0.39945674582928853,0.04414109039103493,COMPLETE
846,1.003473749512283,0.8980833666612211,0.5625270428374359,0.39288718619179575,0.044585770970768365,COMPLETE
847,1.0035529429705414,0.747318431559753,0.5014742858380427,0.3725574547997197,0.12596825936223766,COMPLETE
848,1.0032914439216791,0.9948298738447677,0.5018243312837248,0.4956000376615448,0.00257563105473034,COMPLETE
849,1.00447338488497,0.08672159752475356,0.8190782260532534,0.0156898252636742,0.1652319486830724,COMPLETE
850,1.003459289791305,0.9984745262368878,0.5910292873330333,0.40834683857491194,0.0006238740920547494,COMPLETE
851,1.0035369302240311,0.9955348891335812,0.6271512148673137,0.3711839739706593,0.0016648111620269925,COMPLETE
852,1.0033994477006412,0.8668817662708556,0.5011591251549818,0.4324360586737481,0.06640481617127002,COMPLETE
853,1.0035630033557361,0.7807802471133403,0.5434074182108001,0.35649846883948955,0.10009411294971038,COMPLETE
854,1.003480305340956,0.8905960870536342,0.5626078306383377,0.3895397545413969,0.047852414820265365,COMPLETE
855,1.003382572921078,0.8868779135319595,0.5035797790005236,0.4402641298350899,0.056156091164386523,COMPLETE
856,1.003420904740062,0.8491064971848246,0.5023512572194339,0.42255678081083825,0.07509196196972788,COMPLETE
857,1.0034692423858704,0.8808288406333906,0.5515129519362444,0.3950403265850896,0.05344672147866602,COMPLETE
858,1.0034168076745986,0.8545234594902441,0.5036388029594046,0.42415228725184834,0.07220890978874711,COMPLETE
859,1.0033053628738404,0.9998423652805515,0.5113922027514303,0.4885307756955301,7.702155303963684e-05,COMPLETE
860,1.0033865444356602,0.9941781121629014,0.5531710209709071,0.4442275908308203,0.002601388198272654,COMPLETE
861,1.003449396931395,0.8935247193604697,0.5467515160754689,0.404988724399225,0.04825975952530607,COMPLETE
862,1.0034158810328015,0.99603325341421,0.5687698970530097,0.42951952240843544,0.0017105805385548409,COMPLETE
863,1.0033922510345896,0.9984128626706518,0.5574161930693292,0.4418813656493261,0.0007024412813447183,COMPLETE
864,1.0033921003720365,0.8722186576165248,0.5001053358647753,0.4360174529016892,0.06387721123353546,COMPLETE
865,1.003404438914482,0.9938738325326306,0.5623028391429993,0.43501575474959864,0.0026814061074021006,COMPLETE
866,1.0033364995132712,0.9989786077656082,0.5281846483489434,0.4713334431148134,0.0004819085362432226,COMPLETE
867,1.0032914781789548,0.995280309895094,0.5020049776601382,0.4956446401606319,0.0023503821792299016,COMPLETE
868,1.003302521803073,0.9972027867382983,0.508901444871148,0.4897248477376431,0.001373707391208959,COMPLETE
869,1.0043822937909106,0.5080077671627689,0.9177042127852156,0.04180689910988494,0.04048888810489942,COMPLETE
870,1.0034105077255049,0.8572569336542665,0.5015226068387183,0.42732320155741255,0.07115419160386913,COMPLETE
871,1.0034128059446525,0.9911097840286893,0.5657364289814899,0.43040287408368294,0.0038606969348271673,COMPLETE
872,1.0033009688365462,0.99892415161198,0.5086266305320774,0.49084472622046466,0.0005286432474580182,COMPLETE
873,1.0033601124944422,0.9078189569328041,0.5022122337341098,0.4519011707454109,0.04588659552047926,COMPLETE
874,1.003424306731863,0.9958736047716332,0.5729724263329053,0.4252654891247337,0.0017620845423609408,COMPLETE
875,1.0033628910880237,0.9021863259497677,0.5006806084224733,0.45047912736280216,0.048840264214724524,COMPLETE
876,1.0033977732211923,0.9944992767221678,0.559073265463189,0.4385013185843258,0.002425415952485194,COMPLETE
877,1.0034064456456269,0.865621496237434,0.5047513787062983,0.42869785257378046,0.06655076871992133,COMPLETE
878,1.003598918878541,0.778028638977528,0.565479028773574,0.3380697598504898,0.09645121137593614,COMPLETE
879,1.0035805326048828,0.8945950449881545,0.617181248594107,0.342467758136264,0.04035099326962904,COMPLETE
880,1.0032882592137131,0.9994591563917322,0.5016569539451622,0.4980735204036544,0.00026952565118345623,COMPLETE
881,1.003474860345665,0.8930253385965947,0.560757751048684,0.39225445809567877,0.04698779085563728,COMPLETE
882,1.0032939679330426,0.9985477032833698,0.5045648835542423,0.4947155976528402,0.0007195187929174567,COMPLETE
883,1.0033788848793157,0.9955414914010077,0.5496066570023819,0.44838526040493437,0.0020080825926837814,COMPLETE
884,1.0034825616447978,0.8905009594039366,0.563808928946886,0.38842856725622876,0.04776250379688532,COMPLETE
885,1.0033449899504936,0.9229401633198973,0.5013564620661586,0.460218148339071,0.03842538959477044,COMPLETE
886,1.0032955342877634,0.9882940621336985,0.5017593754361208,0.4924082507702672,0.00583237379361201,COMPLETE
887,1.0034602058253683,0.9004387387401966,0.5561692468525745,0.3996424035781794,0.04418834956924612,COMPLETE
888,1.0033942947698937,0.9964346355516045,0.5578715620782607,0.4405520889075485,0.0015763490141908073,COMPLETE
889,1.0034784905869898,0.8923280151428231,0.5624316705670024,0.3904544788923077,0.04711385054068991,COMPLETE
890,1.0032919609332758,0.9939717896488501,0.5018092248642254,0.4951875763482537,0.0030031987875208514,COMPLETE
891,1.0034549197301303,0.8858852044917028,0.5459740866270375,0.40221483911293904,0.05181107426002346,COMPLETE
892,1.003364380249896,0.9002912839155519,0.5004832864550477,0.4497105433746621,0.04980617017029024,COMPLETE
893,1.0034120924336174,0.9939141926867577,0.5662192572512539,0.4311408367321822,0.0026399060165639807,COMPLETE
894,1.00340223880569,0.8694610993373932,0.5046730490571767,0.4306675152981862,0.06465943564463711,COMPLETE
895,1.0033020591585453,0.9832805705468838,0.5035797868910463,0.4881203503767776,0.00829986273217607,COMPLETE
896,1.0033608899136957,0.9076863669750588,0.5026066679322159,0.451477146542226,0.04591618552555815,COMPLETE
897,1.0043325691298444,0.27858491940980956,0.767696075009079,0.06471637022217817,0.16758755476874282,COMPLETE
898,1.003296553955691,0.9929857772320612,0.5040551345044542,0.4924661977283446,0.003478667767201222,COMPLETE
899,1.0035953920796834,0.896704262350619,0.6253978438207873,0.33590735013163225,0.03869480604758042,COMPLETE
900,1.004133617870959,0.4402530631347872,0.6563090524915814,0.15131099241227863,0.19237995509613992,COMPLETE
901,1.0044119296615335,0.2518425877250461,0.8964762821533127,0.026071680993427278,0.07745203685326008,COMPLETE
902,1.0033568676968094,0.9099282242876843,0.5014358540762328,0.45365758799391936,0.04490655792984781,COMPLETE
903,1.0033651625845057,0.9011443714937438,0.5014581752982572,0.4492581592841962,0.04928366541754658,COMPLETE
904,1.0032916913390257,0.996905024358093,0.5027030300934506,0.49575784789789445,0.0015391220086549146,COMPLETE
905,1.0036067457840232,0.7801267313121416,0.5721823014479782,0.3337520227688719,0.0940656757831499,COMPLETE
906,1.0034285839659465,0.9975357465676233,0.5755965761967207,0.4233575862094597,0.0010458375938196382,COMPLETE
907,1.0034609955787956,0.9133784415987577,0.5624607769464246,0.3996388936910059,0.037900329362569464,COMPLETE
908,1.0034998825848205,0.7847830617862697,0.5016169799250555,0.39112255243670285,0.10726046763824165,COMPLETE
909,1.003420291690851,0.9996470457441187,0.572042919187262,0.4278060315397306,0.00015104927300740726,COMPLETE
910,1.003291837703873,0.9927253786697996,0.5012882529667574,0.4950838079206531,0.0036279391125895346,COMPLETE
911,1.003417128858675,0.9896388648510396,0.5674891082682453,0.4280295879291246,0.0044813038026300985,COMPLETE
912,1.003388756620972,0.8824058264651873,0.5046201352531609,0.4371260789661473,0.058253785780691854,COMPLETE
913,1.003629838370239,0.7532175068759072,0.5665012861709896,0.32651882046419956,0.10697989336481084,COMPLETE
914,1.0034536229648852,0.8822595538431505,0.5433084762071334,0.402920460025443,0.05377106376742358,COMPLETE
915,1.00429559727102,0.8041315276390828,0.9053638691878273,0.07609989643984451,0.018536234372328195,COMPLETE
916,1.0035468075348286,0.9106220557529094,0.606150611809704,0.35864793953087304,0.035201448659423006,COMPLETE
917,1.0033503876329892,0.9985964097152822,0.5355240186674682,0.46382404735764865,0.0006519339748831148,COMPLETE
918,1.0032921385375249,0.9951769250011319,0.5023422743743942,0.4952574850911474,0.002400240534458439,COMPLETE
919,1.0033827434092528,0.9969328537568063,0.5520476477121611,0.4465784169133895,0.0013739353744494295,COMPLETE
920,1.003467159174961,0.8716746892996307,0.5453738280176593,0.39628612721018724,0.05834004477215342,COMPLETE
921,1.0034137679097779,0.8555232196017873,0.5023892729695403,0.4257175312974851,0.07189319573297467,COMPLETE
922,1.0034840688461764,0.8949498353032295,0.5667254895922551,0.3877589517304987,0.04551555867724622,COMPLETE
923,1.0034016317381869,0.9946720618714108,0.5611069064120023,0.4365546983402957,0.0023383952477019727,COMPLETE
924,1.003496260413626,0.8796468604484905,0.5661349187806982,0.38164805655278816,0.05221702466651363,COMPLETE
925,1.0033594251809863,0.9995661936494992,0.5406354446090677,0.4591652801296088,0.00019927526132357747,COMPLETE
926,1.0032864711640552,0.998828561793906,0.5004220016363173,0.49899277360947547,0.0005852247542071837,COMPLETE
927,1.0033572765099394,0.9069982246035813,0.5000334227145392,0.45346879795904216,0.04649777932641866,COMPLETE
928,1.0034684192728738,0.8703102740519316,0.5453468226242237,0.39568933140049334,0.058963845975282946,COMPLETE
929,1.0033779535295992,0.8871324108528758,0.5008801679928366,0.44278537987299715,0.05633445213416619,COMPLETE
930,1.0033999542135346,0.8656634107698127,0.5006446660605928,0.4322736415640861,0.06708169237532118,COMPLETE
931,1.00342069722538,0.9997422227160458,0.5722739515357002,0.4276157904052503,0.00011025805904956943,COMPLETE
932,1.0038546339258876,0.8426121675765303,0.7310880127119702,0.22658851249607914,0.04232347479195064,COMPLETE
933,1.0033877668267646,0.9968349254176198,0.5546232175617108,0.44396713170461144,0.0014096507336777253,COMPLETE
934,1.003305736337269,0.9978685205465221,0.5109264951730874,0.4880310547001336,0.0010424501267789954,COMPLETE
935,1.0034541379385893,0.8855440568750914,0.5453477851142153,0.4026145668372036,0.05203764804858109,COMPLETE
936,1.003454175868734,0.89713532837907,0.5512314082124651,0.4026061579595229,0.04616243382801199,COMPLETE
937,1.0032970991374548,0.9888467691966353,0.5028533203210851,0.4916018880173295,0.005544791661585368,COMPLETE
938,1.0034329423975343,0.837432387237783,0.5014030379001314,0.41754124424079936,0.08105571785906922,COMPLETE
939,1.0033989706980497,0.8707481290759733,0.5034684269784742,0.43235393823564366,0.06417763478588219,COMPLETE
940,1.0036961418192243,0.7848383508056831,0.6296353777855352,0.2906763592955704,0.07968826291889437,COMPLETE
941,1.0032992230973579,0.9970524310261253,0.5070001456284665,0.4915467032966632,0.0014531510748702846,COMPLETE
942,1.0033792929057914,0.8848652161874372,0.5002905147418032,0.44217554170390727,0.057533943554289535,COMPLETE
943,1.0034740801499569,0.997432165422986,0.5979296333739441,0.4010379164362408,0.0010324501898150977,COMPLETE
944,1.0033809125905175,0.9999869127265141,0.5520283277871173,0.4479658094850945,5.862727788196389e-06,COMPLETE
945,1.003373595692994,0.9989013469417549,0.5478840384564891,0.45161924295967965,0.0004967185838311934,COMPLETE
946,1.003388567259784,0.8815067112728564,0.5039363935607024,0.4372833982944578,0.05878020814483982,COMPLETE
947,1.0033875938066266,0.8782968057588743,0.501273629267805,0.43802977836180296,0.06069659237039201,COMPLETE
948,1.0033526071477714,0.9999166227410922,0.5371267646161174,0.4628346422822945,3.8593101588109325e-05,COMPLETE
949,1.0035305178467997,0.9896695839426269,0.6226984265289404,0.3734038912380021,0.003897682233057556,COMPLETE
950,1.0032962601642075,0.9849665651533459,0.5009208928380035,0.49157623392115035,0.007502873240846171,COMPLETE
951,1.0032995139721932,0.9973389934137789,0.5072632733284266,0.4914255509966273,0.0013111756749461067,COMPLETE
952,1.0035605813025756,0.7412825112516954,0.5002694219544307,0.370441537842881,0.12928904020268833,COMPLETE
953,1.0034891081957196,0.8614561102614637,0.5524477825978608,0.38554659234213984,0.06200562505999939,COMPLETE
954,1.0033041361467674,0.9981727531979493,0.5101384437023094,0.488966458335498,0.0008950979621925381,COMPLETE
955,1.0034769967112473,0.8799750191135565,0.5554783545374503,0.3911679434622968,0.05335370200025296,COMPLETE
956,1.0033610631236003,0.9970930215406237,0.5407228000990806,0.4579420909739248,0.001335108926994619,COMPLETE
957,1.0032953399309323,0.9954858268188044,0.5042627840463102,0.4934993723085111,0.00223784364517873,COMPLETE
958,1.00350259873413,0.8642837956366035,0.5618025807924322,0.37872692871088065,0.0594704904966872,COMPLETE
959,1.0035357844635795,0.9942715459380305,0.6263083105852253,0.3715510137386224,0.0021406756761523245,COMPLETE
960,1.0034583222723656,0.8711394162634576,0.5398907431824888,0.4008193094014201,0.05928994741609121,COMPLETE
961,1.003461301966297,0.8857337755572392,0.5495361649862387,0.3989910333387321,0.05147280167502922,COMPLETE
962,1.0032970701071058,0.9945967300947077,0.5049232396857251,0.4924017269544593,0.0026750333598157187,COMPLETE
963,1.003383401893375,0.9970423906863409,0.5524234516360524,0.44625279179593097,0.001323756568016591,COMPLETE
964,1.0034595643806457,0.9092777574267493,0.5598753923630301,0.400195516220472,0.03992909141649797,COMPLETE
965,1.0032908434585228,0.9949793614803722,0.501537284672022,0.49596011421880415,0.002502601109173889,COMPLETE
966,1.0032963664582932,0.9898053654817235,0.5027913158745843,0.49213982331144396,0.005068860813971806,COMPLETE
967,1.0049026917724964,0.08051322928122479,0.6049651516136365,0.031805531322205156,0.36322931706415834,COMPLETE
968,1.0032975420943826,0.9917464058239939,0.5041660188734459,0.49174156866766205,0.004092412458892061,COMPLETE
969,1.003400998325914,0.9948966323923564,0.5608501816282219,0.436908675413797,0.002241142957981115,COMPLETE
970,1.0036137976988595,0.7453558600199435,0.5476735641325357,0.33714415961574973,0.11518227625171466,COMPLETE
971,1.0033839746314113,0.8803262111841477,0.5003180018307208,0.43988316024528573,0.059798837923993424,COMPLETE
972,1.0034331603446,0.9114905469960484,0.5463587902135486,0.4134896744482017,0.04015153533824968,COMPLETE
973,1.003464267011973,0.9038004341707762,0.5599652476268745,0.3977036002450608,0.0423311521280647,COMPLETE
974,1.0034324425835779,0.9997656053842405,0.5781543639383845,0.421746757715841,9.887834577447162e-05,COMPLETE
975,1.0034007776362965,0.8660005392258345,0.5014030366070855,0.43178523915462763,0.06681172423828687,COMPLETE
976,1.0032952614835469,0.9993796494271021,0.5055817915505927,0.4941114958305446,0.000306712618862737,COMPLETE
977,1.0035686750335078,0.8932929992680548,0.6106689615201566,0.3477866910718058,0.04154434740803763,COMPLETE
978,1.0035293326964883,0.7636313964676458,0.5016115964346514,0.3805850325978878,0.11780337096746085,COMPLETE
979,1.0033837914746195,0.9939262063633681,0.551660852314912,0.44561602822282537,0.0027231194622626357,COMPLETE
980,1.003294091307485,0.9940421532952811,0.5030418277853888,0.4939973716058993,0.002960800608711941,COMPLETE
981,1.003387800478755,0.9977526865492002,0.5549200897089375,0.4440796762219847,0.001000234069077855,COMPLETE
982,1.0034847972074472,0.9998363229901989,0.6037161840371399,0.39621895341283075,6.486255002938349e-05,COMPLETE
983,1.00346697263501,0.8938337000686074,0.5567698177293936,0.39617407380101943,0.047056108469587014,COMPLETE
984,1.0033649158496558,0.9026254786466429,0.5021652338864739,0.44935834405016095,0.04847642206336509,COMPLETE
985,1.0034089408761835,0.8610464965005318,0.503192928282296,0.42777398853921744,0.06903308317848654,COMPLETE
986,1.0033641002584517,0.9017419486720547,0.5011587551807396,0.4498260761813134,0.04901516863794701,COMPLETE
987,1.0035725253515921,0.8960802755115747,0.6136967939529429,0.3461586833056516,0.040144522741405585,COMPLETE
988,1.0034603176269439,0.8829260680117028,0.5475123280483323,0.39951316102005524,0.05297451093161248,COMPLETE
989,1.0032921557224885,0.9946077974507262,0.5021483041708537,0.4951671786457362,0.0026845171834101824,COMPLETE
990,1.0034523319009865,0.9136966088871511,0.557903800034522,0.4039417987103531,0.038154401255124905,COMPLETE
991,1.0033653506890419,0.8995769040607848,0.5006565751832547,0.44919781215975707,0.050145612656988296,COMPLETE
992,1.0033568324822724,0.9119129934635258,0.5025137620619262,0.4536641644450167,0.04382207349305705,COMPLETE
993,1.0032959487697413,0.989125207794742,0.5023033195453158,0.4922843324734928,0.00541234798119138,COMPLETE
994,1.0036006685713632,0.7673152035611615,0.5581035886563743,0.33907383482308084,0.1028225765205448,COMPLETE
995,1.0034804011465834,0.8851651874562286,0.5600168656603978,0.38945775358529305,0.0505253807543092,COMPLETE
996,1.0033730163699104,0.9992638721829787,0.5476926212636659,0.4519744226930023,0.00033295604333178556,COMPLETE
997,1.003502307578229,0.7821769082613013,0.500764775177575,0.39049026464674,0.10874496017568497,COMPLETE
