number,value,params_catboost_fraction_of_remainder,params_official_weight,user_attrs_catboost_weight,user_attrs_residual_weight,state
998,1.003298359353148,0.9856128153872237,0.5023610684700363,0.4904793083515374,0.007159623178426347,COMPLETE
999,1.0034078009913177,0.859233559194623,0.5011829710202131,0.42860033119718965,0.0702166977825972,COMPLETE
