number,value,params_iterations,params_official_weight,user_attrs_all_development_folds_non_degraded,user_attrs_maximum_development_fold_brier_delta,state
529,2.0049199594017897,20,0.50021143950687,False,0.00035677523063942784,COMPLETE
530,1.0028725950538946,80,0.5022764576545484,True,-2.9319192880766787e-05,COMPLETE
531,1.003422232382528,250,0.5105184309841588,True,-3.622544738413058e-05,COMPLETE
532,1.0030740461869618,90,0.5118726007972142,True,-3.853479500057211e-05,COMPLETE
533,1.0036617614324648,360,0.565716183911863,True,-1.4473233228645688e-05,COMPLETE
534,1.0028754274401912,80,0.5033631247315048,True,-2.9518539973877322e-05,COMPLETE
535,1.0034696363484887,160,0.5990374870889703,True,-4.775790321084883e-05,COMPLETE
536,2.0045816064882613,50,0.5735450983596683,False,1.8422317111022046e-05,COMPLETE
537,1.0030270895987983,80,0.5595839196205012,True,-3.826073498972016e-05,COMPLETE
538,1.002993378429798,60,0.550432118539331,True,-5.829558828857051e-06,COMPLETE
539,1.0028682943522205,80,0.5006236979669259,True,-2.9013789028919934e-05,COMPLETE
540,1.0030145019473358,80,0.5550556956423095,True,-3.767078055375017e-05,COMPLETE
541,1.0035913241550223,370,0.5060254019407355,True,-2.3359523557420214e-06,COMPLETE
542,1.0032333210748303,210,0.5053324344682533,True,-5.785291793047875e-05,COMPLETE
543,1.0036497489980252,330,0.5774805955845628,True,-2.236432887570139e-05,COMPLETE
544,1.0028758191988627,80,0.503513312679163,True,-2.9546001083680107e-05,COMPLETE
545,1.0030615831229968,80,0.5718742027161182,True,-3.976112947140509e-05,COMPLETE
546,1.0034913105602656,260,0.5465984614127625,True,-4.1882404325371825e-05,COMPLETE
547,1.0028748125243663,80,0.5031273298739753,True,-2.947538168479591e-05,COMPLETE
548,1.0029994324693636,80,0.549603540118057,True,-3.6933909897757244e-05,COMPLETE
549,1.0035324682852282,310,0.504535147355782,True,-1.2334037113564955e-05,COMPLETE
550,1.0044996948576033,280,0.978687633617644,True,-5.554247459960138e-06,COMPLETE
551,1.0028674515734137,80,0.5002994263254729,True,-2.895355609913719e-05,COMPLETE
552,1.002874977545572,80,0.5031906153568809,True,-2.948697035412562e-05,COMPLETE
553,1.003422051210906,260,0.5039275803317402,True,-3.742327601297113e-05,COMPLETE
554,1.0040477896111208,180,0.8370691487202315,True,-3.8208842612574845e-05,COMPLETE
555,1.0030319448797047,80,0.5613242945424665,True,-3.84821560092119e-05,COMPLETE
556,1.003322383281686,160,0.5263266905261301,True,-4.1836564110303565e-05,COMPLETE
557,1.0035263862506092,320,0.5002889343121921,True,-1.8115720780281785e-05,COMPLETE
558,2.004632152439805,40,0.556264620228792,False,6.896826865471217e-05,COMPLETE
559,1.0032921940288884,220,0.5043893088969409,True,-5.472501153658271e-05,COMPLETE
560,1.0034104105662265,230,0.5059599307711626,True,-4.727518099911787e-05,COMPLETE
561,1.0032526711857221,150,0.5054862820432807,True,-5.1726384248967916e-05,COMPLETE
562,1.0028688320951864,80,0.5008305353394206,True,-2.9052155159553505e-05,COMPLETE
563,1.0033845708715095,180,0.5762912191710148,True,-5.3995998793160416e-05,COMPLETE
564,1.003683719311876,350,0.5960673900433674,True,-2.241562994967361e-05,COMPLETE
565,1.0035811562193806,360,0.5006583151484659,True,-1.8167662177714927e-06,COMPLETE
566,1.0033984305704657,240,0.5023595807269138,True,-3.814996714565644e-05,COMPLETE
567,1.0045614551164535,390,0.9993201821971416,True,-1.5780159381972858e-07,COMPLETE
568,2.004581952695992,400,0.5002505828318664,False,1.8768524841283885e-05,COMPLETE
569,1.0033874007241614,190,0.5720865824996219,True,-5.776076524927065e-05,COMPLETE
570,1.0040850452459562,400,0.7507424800740113,True,-2.131746860103978e-05,COMPLETE
571,1.0030258902950562,80,0.5591534966728505,True,-3.820551819982976e-05,COMPLETE
572,1.002871206827243,80,0.5017433268811735,True,-2.9220969855053847e-05,COMPLETE
573,1.0028761283124803,80,0.5036317977089458,True,-2.956764994940797e-05,COMPLETE
574,1.0030197882880738,80,0.5569602383702039,True,-3.792134916910661e-05,COMPLETE
575,1.0028703835876946,80,0.5014270081380438,True,-2.9162560833656537e-05,COMPLETE
576,2.00466029332561,40,0.5021769851768233,False,9.710915445942936e-05,COMPLETE
577,1.004543644753848,300,0.9930607398651274,True,-1.5305800275811077e-06,COMPLETE
578,1.0032642612800318,110,0.5580533855992277,True,-4.78880383520397e-05,COMPLETE
579,1.0030385427379904,80,0.5636837815142628,True,-3.877762542381369e-05,COMPLETE
580,2.004723589756625,30,0.5195860322975892,False,0.00016040558547478212,COMPLETE
581,1.0036125317950428,210,0.6759691887231033,True,-6.022238180589112e-05,COMPLETE
582,1.0031321264325526,100,0.5037286601731203,True,-4.356167240521236e-05,COMPLETE
583,1.0032208671702108,80,0.6265530289107544,True,-4.4649919431066776e-05,COMPLETE
584,1.002868581931389,80,0.500734318883938,True,-2.9034313222209285e-05,COMPLETE
585,1.0045154284924322,230,0.9842297951506873,True,-4.50468935450643e-06,COMPLETE
586,1.0030354644408326,80,0.5625837270944255,True,-3.8640545693913175e-05,COMPLETE
587,1.0028899395644975,80,0.5089083798772939,True,-3.0517871352331305e-05,COMPLETE
588,1.0032618814103178,170,0.5097341736631423,True,-4.873540050448488e-05,COMPLETE
589,2.0046074168966537,50,0.500547078357499,False,4.423272550338475e-05,COMPLETE
590,1.003232710203502,120,0.5517534328230614,True,-5.178873225575309e-05,COMPLETE
591,1.0028735336784427,80,0.5026367279217516,True,-2.9385411434212916e-05,COMPLETE
592,1.0036543683586294,380,0.545897973000101,True,-5.765267069995916e-06,COMPLETE
593,2.004568000780562,60,0.5100387735812051,False,4.81660941178963e-06,COMPLETE
594,1.0036233192139308,310,0.5688610570242603,True,-2.1800051981157864e-05,COMPLETE
595,1.0030259003931297,80,0.5591571216941087,True,-3.820598399018049e-05,COMPLETE
596,1.0044022267980564,90,0.9569167232133633,True,-1.2019086858661154e-05,COMPLETE
597,1.0037828525975407,390,0.5624460671829308,True,-1.0752198734004237e-05,COMPLETE
598,1.002994201679548,80,0.5477029935509798,True,-3.667023055506369e-05,COMPLETE
599,1.002874016786828,80,0.5028220966592113,True,-2.9419433332261713e-05,COMPLETE
600,1.0035477594277609,280,0.5708659980864296,True,-4.221328849879358e-05,COMPLETE
601,1.0039195768336473,130,0.7933457270927327,True,-4.464677108051429e-05,COMPLETE
602,1.0031523190355078,60,0.6067407294577403,True,-1.7599447394128775e-05,COMPLETE
603,1.0033834402117372,130,0.5764498886322392,True,-5.212669250351243e-05,COMPLETE
604,1.0028784636901915,80,0.5045264090522713,True,-2.973066589009865e-05,COMPLETE
605,2.0052400827450367,10,0.5504597473476024,False,0.0006768985738863642,COMPLETE
606,1.0035160922133723,270,0.5455343446244186,True,-4.01335555146598e-05,COMPLETE
607,1.0030286854215762,70,0.5460019506291077,True,-2.2059454276135426e-05,COMPLETE
608,1.0035796868070497,290,0.5838250031994061,True,-3.592405573127344e-05,COMPLETE
609,1.0030493497957866,80,0.5675349340912154,True,-3.92482229361335e-05,COMPLETE
610,1.0028685973253135,80,0.5007402399273239,True,-2.9035411454020332e-05,COMPLETE
611,1.00287171427965,80,0.501938247773553,True,-2.9256913870068235e-05,COMPLETE
612,1.0031669890895198,90,0.5512535723754162,True,-4.336557850795342e-05,COMPLETE
613,1.003681995220105,370,0.5782782207817865,True,-1.5939847314544453e-05,COMPLETE
614,1.0035415115705821,340,0.5057340272639885,True,-1.1146819154428389e-05,COMPLETE
615,1.002866790830364,80,0.5000451056174646,True,-2.890624467835612e-05,COMPLETE
616,1.0030333527792092,80,0.5618283111000834,True,-3.854572823783209e-05,COMPLETE
617,1.0028827748176916,80,0.5061753147763625,True,-3.002908380708713e-05,COMPLETE
618,1.0032378240288113,130,0.504875483389055,True,-4.5749070225253874e-05,COMPLETE
619,2.0048206905821053,20,0.5769698969855461,False,0.00025750641095478866,COMPLETE
620,1.0033354650426907,200,0.5359869793315064,True,-5.708238856566572e-05,COMPLETE
621,1.002874594140706,80,0.5030435724282368,True,-2.9460038237699715e-05,COMPLETE
622,1.0031551233767315,110,0.5076774519333793,True,-4.2261104164359464e-05,COMPLETE
623,1.00346538479265,290,0.5132634048878564,True,-2.834005900381742e-05,COMPLETE
624,1.003773372825318,250,0.6969294151107389,True,-4.484714006319779e-05,COMPLETE
625,1.0031321691102653,120,0.5062117850014612,True,-4.727083044400726e-05,COMPLETE
626,1.003199457320389,80,0.6193893432794861,True,-4.4175486423575494e-05,COMPLETE
627,1.0034145157407313,250,0.5057004518924954,True,-3.563725623845215e-05,COMPLETE
628,1.0030213548464548,80,0.5575238350484929,True,-3.799481947514005e-05,COMPLETE
629,1.003384276553521,140,0.5714504959141817,True,-5.388496983513291e-05,COMPLETE
630,1.003619284865743,330,0.5563912734455144,True,-1.9371569026149782e-05,COMPLETE
631,1.0034392190746737,280,0.5039154352757189,True,-3.559378221404397e-05,COMPLETE
632,1.0035570212778806,350,0.5035356257959692,True,-6.929599562111033e-06,COMPLETE
633,2.0045636565121585,390,0.5086650228995011,False,4.7234100805648715e-07,COMPLETE
634,1.0030568865985634,80,0.5702108152404475,True,-3.956668644489181e-05,COMPLETE
635,2.004565042765006,380,0.510523622054975,False,1.8585938555137904e-06,COMPLETE
636,1.0028725467420239,80,0.5022579099236066,True,-2.9315780335936736e-05,COMPLETE
637,1.0028849074056536,80,0.5069897598084745,True,-3.0175503093338163e-05,COMPLETE
638,1.0030321824118718,80,0.561409349412185,True,-3.849290146720752e-05,COMPLETE
639,1.003244643217161,190,0.5017472452678613,True,-5.327136675617461e-05,COMPLETE
640,1.0028786094049946,80,0.504582195615686,True,-2.9740805451372587e-05,COMPLETE
641,1.0035216969358047,230,0.5710255194995146,True,-5.2129176550758105e-05,COMPLETE
642,1.0029202490970022,70,0.5039852658358848,True,-1.3503397318398447e-05,COMPLETE
643,1.0030259570088782,80,0.5591774454212141,True,-3.820859521252995e-05,COMPLETE
644,1.002875702449151,80,0.5034685573896847,True,-2.9537820105673962e-05,COMPLETE
645,1.003548272023358,330,0.5027455428406289,True,-9.998890284940165e-06,COMPLETE
646,1.0028788764109584,80,0.5046844083788976,True,-2.9759375392568455e-05,COMPLETE
647,1.0030498185924843,90,0.5012613708844186,True,-3.6994921664229574e-05,COMPLETE
648,1.0045376408438553,310,0.9909875875000708,True,-1.9748093158244995e-06,COMPLETE
649,1.003020339625334,80,0.5571586330130666,True,-3.794724718220177e-05,COMPLETE
650,1.003681041735725,300,0.6005199514537853,True,-2.5246693587499536e-05,COMPLETE
651,1.003547066390238,300,0.5079298670578476,True,-1.2844178190363209e-05,COMPLETE
652,1.003635513472389,240,0.633388907773895,True,-4.6991196501838806e-05,COMPLETE
653,1.0030099985265553,80,0.5534299318519076,True,-3.745408947103401e-05,COMPLETE
654,1.0040356273366433,80,0.8673739456764765,True,-3.145228493664498e-05,COMPLETE
655,1.0028699330003898,80,0.5012538242235253,True,-2.9130540660782245e-05,COMPLETE
656,1.0028721023381408,80,0.5020872761746156,True,-2.928437016935792e-05,COMPLETE
657,1.0038989384264478,290,0.7455149918693927,True,-3.835521980904977e-05,COMPLETE
658,1.003461748534662,270,0.5110555469870987,True,-3.644859810519874e-05,COMPLETE
659,1.0028765870755125,80,0.5038076126854247,True,-2.959974856037162e-05,COMPLETE
660,1.0033838066060263,170,0.5701919273132909,True,-5.366490977323779e-05,COMPLETE
661,1.003036271277498,80,0.5628721897670085,True,-3.867660574027876e-05,COMPLETE
662,1.0032777251424827,180,0.5250937511242953,True,-5.05407762844412e-05,COMPLETE
663,1.0028685582961547,80,0.5007252278605785,True,-2.903262695766462e-05,COMPLETE
664,1.0032753915589323,160,0.5013370226958768,True,-3.8768454996562784e-05,COMPLETE
665,1.0035677930873157,320,0.5314761327214272,True,-2.312380205818365e-05,COMPLETE
666,1.0032628746187917,210,0.5201218933830248,True,-5.8988513954832955e-05,COMPLETE
667,1.0038428642380561,60,0.817470425345977,True,-2.9892362085892632e-05,COMPLETE
668,1.00301980116573,80,0.5569648728136096,True,-3.79219545774967e-05,COMPLETE
669,1.0028715242471138,80,0.5018652585577064,True,-2.9243458773392517e-05,COMPLETE
670,1.0035852190594585,370,0.500592530049398,True,-1.1199912697545944e-06,COMPLETE
671,1.0030491528038898,80,0.5674648850909474,True,-3.9239792393341855e-05,COMPLETE
672,1.0036010741260235,340,0.5503059313832779,True,-1.9051485699833615e-05,COMPLETE
673,1.003248116466159,140,0.5034741635587258,True,-4.7995132660988427e-05,COMPLETE
674,1.0041993992528062,310,0.8618936819927239,True,-2.3140300234897326e-05,COMPLETE
675,1.003292489617283,220,0.504549203884812,True,-5.4739388789637466e-05,COMPLETE
676,1.0028761105704531,80,0.5036249975506558,True,-2.9566407836134623e-05,COMPLETE
677,1.003506523195801,250,0.5606134837627834,True,-4.1250516150864724e-05,COMPLETE
678,2.00538697009696,10,0.5000521860349847,False,0.0008237859258098112,COMPLETE
679,1.0034550981069599,150,0.6039330097732707,True,-5.789616501092332e-05,COMPLETE
680,2.004896238460037,20,0.5174691382576562,False,0.0003330542888865806,COMPLETE
681,2.0047340257476285,30,0.506412783191485,False,0.00017084157647820342,COMPLETE
682,1.0032318869105206,80,0.630219076176155,True,-4.487334124533837e-05,COMPLETE
683,2.004584910644301,50,0.563048337665067,False,2.1726473150907033e-05,COMPLETE
684,1.0030270723904946,80,0.5595777451583399,True,-3.825994417691603e-05,COMPLETE
685,1.0028673890555693,80,0.5002753665305666,True,-2.8949082944179638e-05,COMPLETE
686,1.0034917189930657,240,0.5572628903813068,True,-4.349691646851617e-05,COMPLETE
687,2.0045700155308617,400,0.5460690198200364,False,6.831359711106932e-06,COMPLETE
688,1.0036452616275056,220,0.6731470149853125,True,-5.839849189440138e-05,COMPLETE
689,1.0032700513195871,200,0.5020978209298647,True,-5.455075972712886e-05,COMPLETE
690,1.0029891230561292,80,0.5458537280626307,True,-3.6410283441312696e-05,COMPLETE
691,1.0028729920665582,80,0.5024288615161727,True,-2.934722053216099e-05,COMPLETE
692,1.002868915634471,80,0.5008626631818761,True,-2.905811078809939e-05,COMPLETE
693,1.0035883370450418,270,0.5882568770097316,True,-4.3383637113592055e-05,COMPLETE
694,1.003028705662068,80,0.5601635808808304,True,-3.8334811201357066e-05,COMPLETE
695,1.0028797322566814,80,0.505011949673322,True,-2.981881420907606e-05,COMPLETE
696,1.0032500943541511,150,0.5041347781757942,True,-5.1584750783983946e-05,COMPLETE
697,1.003440611158924,210,0.6032156503372702,True,-6.208646167513154e-05,COMPLETE
698,1.0028700399299801,80,0.5012949260913814,True,-2.9138142679907553e-05,COMPLETE
699,1.0036793713596517,360,0.5785750857228226,True,-1.651783329720269e-05,COMPLETE
700,2.0045703643421042,60,0.5019143376772723,False,7.1801709537466785e-06,COMPLETE
701,1.0045089730666075,350,0.9806630915411219,True,-4.413198976482846e-06,COMPLETE
702,1.0028717666983278,80,0.5019583800135634,True,-2.9260624205912356e-05,COMPLETE
703,1.0035459927469557,310,0.5147153560578713,True,-1.4051962435868148e-05,COMPLETE
704,1.0030176696567488,80,0.5561974449427513,True,-3.782141809974271e-05,COMPLETE
705,2.004674005137594,30,0.5888583587928321,False,0.00011082096644371431,COMPLETE
706,1.0035932846273403,360,0.5112256908563417,True,-4.135181459447024e-06,COMPLETE
707,1.0030100243469904,80,0.5534392618531747,True,-3.7455340383490965e-05,COMPLETE
708,1.0034908156782454,230,0.5536729319294734,True,-5.116314688977108e-05,COMPLETE
709,1.003297434140073,100,0.5782391229661841,True,-5.1604588850617805e-05,COMPLETE
710,2.004633436789284,40,0.5536035751997577,False,7.025261813356498e-05,COMPLETE
711,1.0036374415718103,350,0.5645538813501891,True,-1.80042708722572e-05,COMPLETE
712,1.0032338519374007,180,0.5029319478639969,True,-4.8378186182918004e-05,COMPLETE
713,1.00325156803811,170,0.5043601049574524,True,-4.814837410513362e-05,COMPLETE
714,1.0031968928513904,80,0.618527596942616,True,-4.411504080142903e-05,COMPLETE
715,1.0030081907547,80,0.5527764595099564,True,-3.736626442552016e-05,COMPLETE
716,1.0028764156683623,80,0.5037419275283851,True,-2.958775992289997e-05,COMPLETE
717,1.0034008077614234,240,0.503825389860683,True,-3.832349411586611e-05,COMPLETE
718,1.0031305223369686,100,0.5029647894586651,True,-4.3452547311945144e-05,COMPLETE
719,1.003271039467395,110,0.561065632405187,True,-4.815265560373372e-05,COMPLETE
720,1.0030295815756454,80,0.5604775998116435,True,-3.8374803492169374e-05,COMPLETE
721,1.003009989396573,80,0.5534266327841152,True,-3.745364713089727e-05,COMPLETE
722,1.0034470225083456,290,0.500967977235979,True,-2.6613158453703267e-05,COMPLETE
723,1.0040033244491973,370,0.7676491391854603,True,-2.8926272829965516e-05,COMPLETE
724,1.0028705131212856,80,0.5014767877872077,True,-2.9171759237139883e-05,COMPLETE
725,1.003665053604782,130,0.6974958259937855,True,-5.292410386159574e-05,COMPLETE
726,1.0028791558231651,80,0.5047913567695226,True,-2.977879478957557e-05,COMPLETE
727,1.0028693192440967,80,0.5010178670623711,True,-2.9086867188332644e-05,COMPLETE
728,1.0034579144948137,60,0.7057407968807846,True,-2.961827437758524e-05,COMPLETE
729,1.0035434175613485,260,0.5766878591498976,True,-4.41583607283802e-05,COMPLETE
730,1.003013852643206,80,0.5548214798057215,True,-3.7639721910870394e-05,COMPLETE
731,2.004567375173337,380,0.5006654019424589,False,4.191002186598736e-06,COMPLETE
732,2.004605303046983,50,0.5058909153288099,False,4.2118875832442004e-05,COMPLETE
733,1.0034174127511912,260,0.5009445477287814,True,-3.705753353622221e-05,COMPLETE
734,1.0042056919629434,350,0.8631391388678755,True,-2.400905484623017e-05,COMPLETE
735,1.0030270884555827,80,0.5595835094279297,True,-3.826068245421643e-05,COMPLETE
736,1.0042407419842434,100,0.908449755839832,True,-2.5236098815689667e-05,COMPLETE
737,1.0033909025902104,160,0.5611254037182684,True,-4.522871295484232e-05,COMPLETE
738,1.0043346867293947,250,0.9222448642481181,True,-1.8461318628371082e-05,COMPLETE
739,1.0033508623141216,190,0.5547360464377656,True,-5.70200395441367e-05,COMPLETE
740,1.0029962067555063,80,0.5484320080450222,True,-3.6771789665712706e-05,COMPLETE
741,1.0028703294832375,80,0.5014062149441261,True,-2.915871790146185e-05,COMPLETE
742,1.0034216060679333,220,0.5709413197288603,True,-5.89233343586959e-05,COMPLETE
743,1.003276943429638,50,0.6901215363167101,True,-9.073356372707453e-06,COMPLETE
744,1.0034452402491885,270,0.5001125125675019,True,-3.508075828209667e-05,COMPLETE
745,1.003244853039394,120,0.5570653679729732,True,-5.2198275811266015e-05,COMPLETE
746,1.0033371664537594,130,0.554516290244944,True,-5.0638667901087286e-05,COMPLETE
747,1.002884685905423,80,0.5069052053406315,True,-3.016033216043934e-05,COMPLETE
748,1.003415754371683,230,0.5092571297291104,True,-4.760195961811542e-05,COMPLETE
749,1.003706845788813,260,0.6624863351796743,True,-4.670341975904213e-05,COMPLETE
750,1.0032233121494234,90,0.5741868720924762,True,-4.553697844014715e-05,COMPLETE
751,1.0035917302233792,320,0.5485185743031369,True,-2.5515370329826093e-05,COMPLETE
752,2.0052128008645282,10,0.560399226847644,False,0.0006496166933779302,COMPLETE
753,1.0028766263862443,80,0.5038226762609611,True,-2.9602497321173926e-05,COMPLETE
754,1.003141563559701,110,0.5011495855701676,True,-4.136600600709861e-05,COMPLETE
755,1.0028668887323302,80,0.500082793185875,True,-2.8913259699059335e-05,COMPLETE
756,1.0030706784560648,70,0.5617076472036313,True,-2.4796947023675298e-05,COMPLETE
757,1.0030457512359845,80,0.5662544337288576,True,-3.909335595658758e-05,COMPLETE
758,1.0035068632383521,280,0.5465991964865056,True,-4.0225587923159445e-05,COMPLETE
759,2.0045647156413606,390,0.5041839009541295,False,1.531470210425212e-06,COMPLETE
760,1.003207263132788,80,0.6220074841598217,True,-4.4354685909270275e-05,COMPLETE
761,1.0030124252910249,80,0.5543063864389497,True,-3.757122869199603e-05,COMPLETE
762,2.0046598935627884,40,0.502891695371057,False,9.670939163797243e-05,COMPLETE
763,1.0032416664731942,190,0.5002016842120175,True,-5.312841404378488e-05,COMPLETE
764,1.0028749954945482,80,0.5031974984782864,True,-2.9488230537388915e-05,COMPLETE
765,1.0028685652260194,80,0.5007278933645084,True,-2.9033121381749627e-05,COMPLETE
766,1.0028737551814344,80,0.502721723847455,True,-2.94010154352764e-05,COMPLETE
767,1.0035723148462912,300,0.526869766867459,True,-1.593974256022812e-05,COMPLETE
768,1.00286740346258,80,0.500280911085956,True,-2.8950113828224433e-05,COMPLETE
769,1.0030340424943114,80,0.5620751179860929,True,-3.857676790033904e-05,COMPLETE
770,1.0033705612139168,200,0.5534994192315174,True,-5.803332267315109e-05,COMPLETE
771,2.004737183344032,30,0.502505046720386,False,0.00017399917288166145,COMPLETE
772,1.0032457917430775,210,0.5116115583309356,True,-5.835661823969107e-05,COMPLETE
773,1.0036777051457095,40,0.8221654785502083,True,-7.053238150728225e-06,COMPLETE
774,2.004564865644436,400,0.5687660800656773,False,1.6814732853864811e-06,COMPLETE
775,1.0030291615227633,80,0.5603270230086641,True,-3.835563859186375e-05,COMPLETE
776,1.0028785300228622,80,0.5045518048262199,True,-2.973528210931109e-05,COMPLETE
777,1.0030271379445124,80,0.5596012661750881,True,-3.8262956502943535e-05,COMPLETE
778,1.0033360918291663,150,0.5477875797490487,True,-5.538002437324718e-05,COMPLETE
779,1.0028761194469418,80,0.503628399735384,True,-2.9567029283028567e-05,COMPLETE
780,1.0036002135575706,330,0.5426534800260319,True,-1.7212027186214174e-05,COMPLETE
781,1.0030291721680518,60,0.563452477662193,True,-8.869040553055596e-06,COMPLETE
782,1.0036515661447463,310,0.5871987868977218,True,-2.3893968417953992e-05,COMPLETE
783,1.0038029343252652,390,0.5814702267006122,True,-1.4065420908870863e-05,COMPLETE
784,1.0033167850201894,140,0.5386233497701767,True,-5.153395117282744e-05,COMPLETE
785,1.0034119506376526,250,0.5040893619348398,True,-3.5436463921401096e-05,COMPLETE
786,1.0035294972193693,310,0.5022658201056612,True,-1.1939818222783671e-05,COMPLETE
787,1.0035670181947827,340,0.5254165712110095,True,-1.4855095032823007e-05,COMPLETE
788,1.0035331094248043,320,0.5055156471752628,True,-1.901200442355755e-05,COMPLETE
789,1.0032312640906373,130,0.501460284856981,True,-4.533506915918584e-05,COMPLETE
790,1.0028683350049272,80,0.5006393364464724,True,-2.9016691258598737e-05,COMPLETE
791,2.00489483009557,20,0.5185127334790832,False,0.0003316459244191994,COMPLETE
792,1.0036014388759957,350,0.5383629804087396,True,-1.3659898266821235e-05,COMPLETE
