number,value,params_iterations,params_official_weight,user_attrs_all_development_folds_non_degraded,user_attrs_maximum_development_fold_brier_delta,state
265,1.0032842502139654,130,0.5285399621691321,True,-4.834329782421598e-05,COMPLETE
266,1.0028891842611887,80,0.5086206885078455,True,-3.0466763084990856e-05,COMPLETE
267,1.003559927302078,330,0.5120542656800002,True,-1.1806411100712122e-05,COMPLETE
268,1.0030980648686698,80,0.5846905575230517,True,-4.116877803311825e-05,COMPLETE
269,1.0044271779086429,160,0.9582809987095511,True,-1.131795215530973e-05,COMPLETE
270,1.004191454851942,140,0.884659260468021,True,-2.996139945102283e-05,COMPLETE
271,2.004722542777799,30,0.5209304527347874,False,0.00015935860664856305,COMPLETE
272,1.0028757151014362,80,0.503473407683946,True,-2.9538706802584302e-05,COMPLETE
273,1.0028695811931156,80,0.5011185810718517,True,-2.9105515056165876e-05,COMPLETE
274,1.0038926915486868,400,0.5855666963596408,True,-1.8047271354293404e-06,COMPLETE
275,1.0038168432491048,390,0.593995903463125,True,-1.6059323708156326e-05,COMPLETE
276,1.0032783860882766,190,0.5190237314045818,True,-5.473963755750488e-05,COMPLETE
277,1.0028753595169395,80,0.5033370822963232,True,-2.9513776007461523e-05,COMPLETE
278,1.0044998954305722,330,0.977469013149587,True,-5.152819673920339e-06,COMPLETE
279,1.0028719175924536,80,0.5020163305765665,True,-2.9271302183969672e-05,COMPLETE
280,1.003080020712707,80,0.5783744286012523,True,-4.049509216894065e-05,COMPLETE
281,1.0030398783361636,80,0.5641606409663059,True,-3.883668091192449e-05,COMPLETE
282,1.0041256525765925,280,0.8422718083948839,True,-3.254296773477772e-05,COMPLETE
283,1.0033285638426903,170,0.5434620848338187,True,-5.1864768615433876e-05,COMPLETE
284,1.003677236855413,360,0.5770377421736781,True,-1.6281330959128093e-05,COMPLETE
285,1.0028685843114395,80,0.5007352343376824,True,-2.903448302224443e-05,COMPLETE
286,1.0028787924418783,80,0.5046522654801631,True,-2.9753536792409552e-05,COMPLETE
287,1.0034622349467928,250,0.534841870536365,True,-3.891389198995565e-05,COMPLETE
288,1.0038770844500395,310,0.7148611058824532,True,-3.103514423960507e-05,COMPLETE
289,2.0046536279944074,40,0.5142735837591923,False,9.044382325704148e-05,COMPLETE
290,1.003735242387083,270,0.6667557989773338,True,-4.555799681596473e-05,COMPLETE
291,1.003612498966507,300,0.5554391185057712,True,-2.0065702402982666e-05,COMPLETE
292,1.003280446242888,140,0.5202602375489161,True,-4.981693007866106e-05,COMPLETE
293,1.0028680979579012,80,0.500548143837219,True,-2.8999764136838913e-05,COMPLETE
294,1.0045545125403879,320,0.996975543537798,True,-7.41091242512093e-07,COMPLETE
295,1.0035355200386462,340,0.5009644151213368,True,-1.0196391164785101e-05,COMPLETE
296,1.00364973804514,370,0.5541365158064249,True,-1.1925702176507347e-05,COMPLETE
297,1.0038851093076908,340,0.7190826335737254,True,-3.2982082109278554e-05,COMPLETE
298,1.0030390552712762,80,0.5638668059690568,True,-3.880031787178995e-05,COMPLETE
299,1.0030261535883573,80,0.5592480091862395,True,-3.821765822012435e-05,COMPLETE
300,1.0035312554092852,310,0.5036102123174868,True,-1.2173856794472915e-05,COMPLETE
301,1.0028806351273571,80,0.505357346478374,True,-2.98813799026465e-05,COMPLETE
302,1.0033015411754718,110,0.5744673356734356,True,-4.923167363099501e-05,COMPLETE
303,1.0035005650557962,230,0.5592045767371003,True,-5.1497043012299626e-05,COMPLETE
304,1.002888172144286,80,0.5082350208025511,True,-3.0398122703001462e-05,COMPLETE
305,1.003295619882541,180,0.5339306718291739,True,-5.129073079881974e-05,COMPLETE
306,2.0046051585295577,50,0.5062595607937767,False,4.1974358407165235e-05,COMPLETE
307,1.0042767565241202,170,0.91189766875264,True,-2.3680536450437772e-05,COMPLETE
308,1.002872792512865,80,0.5023522610721411,True,-2.9333136250198066e-05,COMPLETE
309,1.0034106026794136,240,0.5098250818824731,True,-3.90161596188765e-05,COMPLETE
310,2.0045646703259923,390,0.5043739905441507,False,1.4861548418843018e-06,COMPLETE
311,1.0038710219301434,210,0.7750033367960094,True,-5.0816289792476876e-05,COMPLETE
312,1.0031250782692278,90,0.533745064373064,True,-4.138981941187447e-05,COMPLETE
313,1.0037366676702861,50,0.8112360096508113,True,-1.974957161651747e-05,COMPLETE
314,1.0033815796639867,200,0.5589085673941331,True,-5.827782563391781e-05,COMPLETE
315,1.0030701020363486,80,0.5748834608954696,True,-4.01060398017572e-05,COMPLETE
316,1.0028732483300968,80,0.5025272200312035,True,-2.9365297009309455e-05,COMPLETE
317,1.0028769864690514,80,0.5039606444089104,True,-2.9627663080705746e-05,COMPLETE
318,1.0034109348232263,230,0.5062842678358975,True,-4.730770789693195e-05,COMPLETE
319,1.0035979456337845,360,0.5152023956556449,True,-4.98126833065049e-06,COMPLETE
320,1.0028687653688448,80,0.5008048725731553,True,-2.90473972570926e-05,COMPLETE
321,1.003570246373841,260,0.5916015643167247,True,-4.502018151883447e-05,COMPLETE
322,1.0033697049175767,210,0.5711657034977144,True,-6.155180378752956e-05,COMPLETE
323,1.0030406043612252,80,0.5644197513006951,True,-3.886867677177497e-05,COMPLETE
324,2.0048035929491395,20,0.5916032120160339,False,0.0002404087779891706,COMPLETE
325,1.003143458682438,110,0.5020658033242804,True,-4.149393410649016e-05,COMPLETE
326,1.0036727080013623,340,0.5984802882610532,True,-2.560982084409691e-05,COMPLETE
327,1.0031387746492761,120,0.5092951419196995,True,-4.763361373710806e-05,COMPLETE
328,1.0038697954797624,200,0.7671842567730774,True,-5.0021609716843773e-05,COMPLETE
329,2.0045804639606963,400,0.5055595907958121,False,1.727978954588205e-05,COMPLETE
330,2.004563224524199,60,0.5273063275762774,False,4.0353048375019185e-08,COMPLETE
331,1.003060207850721,80,0.571387439466323,True,-3.970450827897598e-05,COMPLETE
332,1.0032390823219688,130,0.5055284728491095,True,-4.582708995584661e-05,COMPLETE
333,1.0028774837627514,80,0.5041511477096273,True,-2.966238087506734e-05,COMPLETE
334,1.003056228122794,80,0.5699773507031854,True,-3.953917938981366e-05,COMPLETE
335,1.0034527515527938,290,0.5048374780823945,True,-2.71696047137171e-05,COMPLETE
336,2.0047327133673445,30,0.508047328692094,False,0.0001695291961938683,COMPLETE
337,1.0028704978382994,80,0.501470914706166,True,-2.9170674120837514e-05,COMPLETE
338,1.0030287794997617,80,0.5601900563645198,True,-3.8338186734682145e-05,COMPLETE
339,1.003420946199772,260,0.5032184863990485,True,-3.7336975190011e-05,COMPLETE
340,1.0028732981346216,80,0.5025463345253512,True,-2.936880880505255e-05,COMPLETE
341,1.0032509620329417,150,0.5045901815274689,True,-5.1632647898924855e-05,COMPLETE
342,1.0035719224715118,270,0.5788262830112404,True,-4.279148872615712e-05,COMPLETE
343,2.0049122467030354,20,0.5057581545484645,False,0.0003490625318849361,COMPLETE
344,1.003310435396158,160,0.5200653180205064,True,-4.111743460052941e-05,COMPLETE
345,1.0028824917103776,80,0.5060671341970105,True,-3.0009586642759656e-05,COMPLETE
346,1.002883051178235,80,0.5062809035745534,True,-3.0048102851704117e-05,COMPLETE
347,1.0036102283913597,320,0.5612580740403975,True,-2.7143785296696032e-05,COMPLETE
348,1.0034034700730712,220,0.5619973208921903,True,-5.856737522799693e-05,COMPLETE
349,1.002868545032198,80,0.5007201259866654,True,-2.9031680592289666e-05,COMPLETE
350,1.003932294697942,100,0.8128583179704627,True,-4.3279331995021986e-05,COMPLETE
351,1.002878698899637,80,0.5046164565473629,True,-2.9747031088239728e-05,COMPLETE
352,1.003060924242511,80,0.5716410321393819,True,-3.973403548787613e-05,COMPLETE
353,2.0045642403147164,20,0.9805472676515967,False,1.0561435659084406e-06,COMPLETE
354,1.0031280897587163,100,0.5018047202874617,True,-4.3285786923003e-05,COMPLETE
355,2.005361032740417,10,0.5086087900202626,False,0.0007978485692668458,COMPLETE
356,1.0036568773491854,150,0.6904072429476844,True,-5.656438304874056e-05,COMPLETE
357,1.0037170536418998,330,0.6209348855835942,True,-2.7299558337579022e-05,COMPLETE
358,1.0036717749524091,70,0.7607661847134664,True,-3.775904726333046e-05,COMPLETE
359,1.0030408148617438,80,0.5644948623644445,True,-3.8877939505688186e-05,COMPLETE
360,1.0035886255568467,370,0.5036348705435564,True,-1.8042406243201636e-06,COMPLETE
361,1.0036351977530764,350,0.5629677559296702,True,-1.775868417028259e-05,COMPLETE
362,1.0032742517901267,200,0.5043264904748972,True,-5.47452545971161e-05,COMPLETE
363,1.0034502350344106,280,0.5111083386286328,True,-3.647575052354024e-05,COMPLETE
364,1.0035551311163673,330,0.5082507220150959,True,-1.1077048398866474e-05,COMPLETE
365,1.0028703416792106,80,0.5014109020946447,True,-2.9159584202576028e-05,COMPLETE
366,1.0030415627014106,80,0.5647616557046972,True,-3.8910796096858213e-05,COMPLETE
367,1.0029488056194094,70,0.515266632010691,True,-1.597688173132772e-05,COMPLETE
368,1.0030237019280126,80,0.5583675591665352,True,-3.8104227913421385e-05,COMPLETE
369,2.004581992970123,50,0.5722945017063144,False,1.8808798972730356e-05,COMPLETE
370,1.00291496047819,80,0.5183827082184732,True,-3.2155874362338466e-05,COMPLETE
371,1.0028711772478314,80,0.5017319635066136,True,-2.9218873270481227e-05,COMPLETE
372,1.0038976118366039,160,0.7775479883484896,True,-4.3313801879191205e-05,COMPLETE
373,1.0040666082365897,300,0.8030771086530775,True,-2.8432586384102843e-05,COMPLETE
374,1.0034735611501244,180,0.6163696562042176,True,-5.5199952576856504e-05,COMPLETE
375,1.0034431670642616,190,0.5978095722417414,True,-5.841699560382718e-05,COMPLETE
376,1.003279574426392,170,0.5188515451054667,True,-4.967573619094057e-05,COMPLETE
377,1.0028816078216392,80,0.5057292922877945,True,-2.9948624597431195e-05,COMPLETE
378,1.0028708460684428,80,0.5016047252046285,True,-2.919538873288885e-05,COMPLETE
379,1.0043316144888699,370,0.9127766165700676,True,-1.6656345114579585e-05,COMPLETE
380,1.0034084795359712,250,0.5019015343929712,True,-3.516049700949542e-05,COMPLETE
381,1.0028744570275612,80,0.5029909805732662,True,-2.9450400488406636e-05,COMPLETE
382,1.0034632483454748,270,0.5120381860574329,True,-3.656674967855711e-05,COMPLETE
383,1.0030140852710607,80,0.5549054001492792,True,-3.7650856482329687e-05,COMPLETE
384,1.0032375919469312,210,0.5074893018313451,True,-5.8029525772052004e-05,COMPLETE
385,1.003652669768068,380,0.5445111471906561,True,-5.488342503745525e-06,COMPLETE
386,1.0035636447131129,350,0.5089315409501071,True,-8.043587466532998e-06,COMPLETE
387,1.0042790143973277,360,0.8916187912651057,True,-1.9737936199776263e-05,COMPLETE
388,1.004294300853419,390,0.8853405485042732,True,-2.0403909606919735e-05,COMPLETE
389,1.0028748547007735,80,0.5031435049526294,True,-2.9478343993860623e-05,COMPLETE
390,1.0030621818795877,90,0.5066952089693728,True,-3.779609855844579e-05,COMPLETE
391,1.003549229957334,300,0.5095860492044589,True,-1.3126327539692006e-05,COMPLETE
392,1.0032560869576146,140,0.5076537362992034,True,-4.8471267320521205e-05,COMPLETE
393,1.004273923403859,130,0.9122069692417317,True,-2.344206954069117e-05,COMPLETE
394,2.004632173753138,40,0.556220285177855,False,6.898958198769956e-05,COMPLETE
395,2.0045709045233684,60,0.5000926496319055,False,7.720352218076876e-06,COMPLETE
396,1.0028708448821935,80,0.5016042694151837,True,-2.9195304578955028e-05,COMPLETE
397,1.0045267536622737,190,0.9891223359233459,True,-3.279281774959397e-06,COMPLETE
398,1.0032585855520504,180,0.5155147241542706,True,-4.965547823662653e-05,COMPLETE
399,1.0032891821523013,80,0.6490557293805433,True,-4.5814490609169534e-05,COMPLETE
400,1.0030637055866742,80,0.572624903620969,True,-3.9847999207143214e-05,COMPLETE
401,1.002868744771734,80,0.5007969508186334,True,-2.904592842620235e-05,COMPLETE
402,1.0041880142600528,340,0.8578583319930347,True,-2.546238216283303e-05,COMPLETE
403,1.0030003455083758,80,0.5499348549430139,True,-3.6979515394830464e-05,COMPLETE
404,1.0032699270317205,120,0.5679159904287393,True,-5.29586089436096e-05,COMPLETE
405,1.0030715542532422,80,0.5753954355010384,True,-4.016384104679749e-05,COMPLETE
406,1.002889432162878,80,0.5087151241131533,True,-3.0483548436793795e-05,COMPLETE
407,1.0040090092522886,90,0.8444520979824113,True,-3.55284397066391e-05,COMPLETE
408,1.0035676182585396,290,0.5767956031752832,True,-3.534625536782965e-05,COMPLETE
409,1.0028753313239451,80,0.5033262725854101,True,-2.951179838286966e-05,COMPLETE
410,1.0030355375862496,80,0.5626098821649907,True,-3.864381862500599e-05,COMPLETE
411,1.0033099328551671,90,0.6082409657738668,True,-4.788972163488614e-05,COMPLETE
412,1.0035600765222334,280,0.5779759419959742,True,-4.270700973202368e-05,COMPLETE
413,1.003017649640076,80,0.556190234947781,True,-3.7820470833838105e-05,COMPLETE
414,1.0036806265019622,310,0.6053961046475939,True,-2.570664319420657e-05,COMPLETE
415,1.0035313130727432,320,0.5041257393299869,True,-1.8775900194889505e-05,COMPLETE
416,1.0032794902324915,190,0.5195817177836507,True,-5.478309049619656e-05,COMPLETE
417,1.003532304652339,310,0.5044104792857581,True,-1.2312486873444772e-05,COMPLETE
418,1.002870818408004,80,0.5015940972373909,True,-2.9193426400786482e-05,COMPLETE
419,1.003304196690654,220,0.5108502025929196,True,-5.528950209063299e-05,COMPLETE
420,1.0037691018099133,390,0.5486758331516873,True,-8.139683973867884e-06,COMPLETE
421,1.00340087395006,150,0.5789015911183139,True,-5.710318019788718e-05,COMPLETE
422,1.0028758378631626,80,0.5035204672982725,True,-2.9547308720651033e-05,COMPLETE
423,1.0035113743440782,240,0.5682159411194262,True,-4.428019852203979e-05,COMPLETE
424,1.0028696361188325,80,0.501139697307387,True,-2.910942361281088e-05,COMPLETE
425,1.004476340870464,150,0.9741002886225247,True,-7.836988851234183e-06,COMPLETE
426,2.004852054234423,10,0.7192945863360142,False,0.0002888700632721619,COMPLETE
427,1.0038960677939621,230,0.7520804710276082,True,-4.795156466891326e-05,COMPLETE
428,1.0035351303463471,340,0.5006521454921922,True,-1.0133461041728076e-05,COMPLETE
429,1.0032864684406098,160,0.5073171357224682,True,-3.955075745179504e-05,COMPLETE
430,1.0030060831293746,80,0.5520139756504846,True,-3.7263261870063014e-05,COMPLETE
431,1.0028699210401995,80,0.5012492268064822,True,-2.9129690240464745e-05,COMPLETE
432,2.004659529217872,40,0.5035442511152738,False,9.63450467213467e-05,COMPLETE
433,1.0040316921091779,390,0.7475497835193223,True,-2.8396852259054972e-05,COMPLETE
434,2.0051662699028743,10,0.5778398046346342,False,0.0006030857317240734,COMPLETE
435,1.0044025458406494,40,0.9696972709798459,True,-4.486446813944944e-06,COMPLETE
436,1.0028849046434085,80,0.5069887054152521,True,-3.017531395491102e-05,COMPLETE
437,1.0032734000537562,100,0.5678782016421351,True,-5.0794499686646066e-05,COMPLETE
438,1.0030464096461087,80,0.566488859126302,True,-3.912182758611382e-05,COMPLETE
439,1.0033784118932543,130,0.5740995565243595,True,-5.198695685446064e-05,COMPLETE
440,1.003598021904843,360,0.5152670954502688,True,-4.994914660577665e-06,COMPLETE
441,1.0028815849770343,80,0.5057205587327708,True,-2.9947047190698184e-05,COMPLETE
442,2.0045672073525767,380,0.5013621475135536,False,4.0231814264213295e-06,COMPLETE
443,2.004604938413633,50,0.506821877056832,False,4.1754242482788806e-05,COMPLETE
444,2.004563638213133,400,0.5745307553516815,False,4.540419825671549e-07,COMPLETE
445,1.0034133620112238,230,0.5077834182472435,True,-4.745696919336573e-05,COMPLETE
446,2.004671515631436,30,0.592700199780881,False,0.00010833146028538243,COMPLETE
447,2.004630709710115,20,0.7882231650057907,False,6.752553896421931e-05,COMPLETE
448,1.0030342478234004,80,0.5621485793297355,True,-3.858599528783202e-05,COMPLETE
449,1.004551986848596,80,0.9973242543253755,True,-8.044130264672766e-07,COMPLETE
450,1.003411306109014,240,0.5102535117665834,True,-3.906453998284154e-05,COMPLETE
451,1.0030069319744823,80,0.5523211461321096,True,-3.730482519190281e-05,COMPLETE
452,1.0028720186015452,80,0.5020551206085784,True,-2.9278447810254793e-05,COMPLETE
453,1.003486472595855,260,0.5437230336539902,True,-4.1627307563130156e-05,COMPLETE
454,1.0028715845166396,80,0.501888408063654,True,-2.9247726799908058e-05,COMPLETE
455,1.0031246905872984,120,0.5027043252431503,True,-4.6848100362095746e-05,COMPLETE
456,1.003267063325074,170,0.5124176510810119,True,-4.9019428941504684e-05,COMPLETE
457,1.0028688009757951,80,0.5008185670079573,True,-2.9049936298958245e-05,COMPLETE
458,1.0030351999855065,80,0.5624891576338678,True,-3.862870611631708e-05,COMPLETE
459,1.0028724197234196,80,0.5022091433644775,True,-2.930680631296756e-05,COMPLETE
460,1.0041470099245604,120,0.8802125960880864,True,-3.095716226364509e-05,COMPLETE
461,2.0048609232418166,20,0.5443398096272829,False,0.0002977390706662142,COMPLETE
462,1.0035555067641975,250,0.5878763935547332,True,-4.3149013417981275e-05,COMPLETE
463,1.0030507397996113,80,0.568029052496527,True,-3.9307555127959803e-05,COMPLETE
464,2.0045704371962954,40,0.7313613271150243,False,7.253025144760006e-06,COMPLETE
465,2.0046104669995612,10,0.9056286261508643,False,4.72828284109883e-05,COMPLETE
466,1.0031726115600168,110,0.5160031137378098,True,-4.33474725529126e-05,COMPLETE
467,1.0035828585301756,140,0.6601449718360122,True,-5.562830443237021e-05,COMPLETE
468,1.0028726608936251,80,0.5023017339460768,True,-2.9323842854311888e-05,COMPLETE
469,1.003635229914918,370,0.5427682106285433,True,-9.850777140107958e-06,COMPLETE
470,1.0033936589780637,140,0.5758927652700534,True,-5.4132329419004366e-05,COMPLETE
471,1.0038301400023446,370,0.6745091222732096,True,-2.6640829018070855e-05,COMPLETE
472,1.0039552076939646,260,0.7753039226138178,True,-4.115763434084374e-05,COMPLETE
473,1.0028711170576055,80,0.5017088400414307,True,-2.9214606516836383e-05,COMPLETE
474,1.0035465145680396,330,0.5013221997108038,True,-9.715808376914437e-06,COMPLETE
475,1.0032011909454328,70,0.6087426881584292,True,-3.149517366698995e-05,COMPLETE
476,1.0030738338332341,80,0.5761985022764882,True,-4.025399102980387e-05,COMPLETE
477,1.0032695793535145,200,0.5018469328387879,True,-5.452861794541519e-05,COMPLETE
478,1.0029183541943871,70,0.5032309016851778,True,-1.3333386251923596e-05,COMPLETE
479,1.0033035166752706,150,0.5315905441254153,True,-5.4159523821817324e-05,COMPLETE
480,1.0041532347546944,220,0.8672884208797048,True,-3.413538045868303e-05,COMPLETE
481,1.0044726382309082,70,0.9777858569168344,True,-5.959744874883821e-06,COMPLETE
482,1.0036262504626836,300,0.5648242767173226,True,-2.1278464867713343e-05,COMPLETE
483,1.0028834582470683,80,0.5064364072936919,True,-3.0076092955244604e-05,COMPLETE
484,1.003527660146331,120,0.6715442880587634,True,-5.50624345402595e-05,COMPLETE
485,1.002870252750749,80,0.5013767245360572,True,-2.915326685470898e-05,COMPLETE
486,1.0032538624915242,190,0.5065115184645702,True,-5.370003824700653e-05,COMPLETE
487,2.0053780684527025,10,0.5029735830850783,False,0.0008148842815521584,COMPLETE
488,1.0028747936580276,80,0.5031200943390687,True,-2.9474056484013467e-05,COMPLETE
489,1.0030455339215425,80,0.5661770457617342,True,-3.908394519727687e-05,COMPLETE
490,1.0030330522203856,80,0.561720737769355,True,-3.8532180684391903e-05,COMPLETE
491,2.0047227210695713,30,0.5207012049239271,False,0.00015953689842093666,COMPLETE
492,1.0032431174246574,130,0.507617976466936,True,-4.6074291400827194e-05,COMPLETE
493,1.0030236358112996,80,0.5583438028009342,True,-3.810115685060067e-05,COMPLETE
494,2.0045779440909928,400,0.5147802583311764,False,1.4759919842510794e-05,COMPLETE
495,1.0032642730503825,80,0.6409120398249054,True,-4.545009150336288e-05,COMPLETE
496,1.0034655087286963,290,0.5133453561403833,True,-2.8351165521356414e-05,COMPLETE
497,1.0034389742075827,280,0.5037543879065427,True,-3.557356459635286e-05,COMPLETE
498,1.003564658820037,350,0.5097509547514029,True,-8.210471055286606e-06,COMPLETE
499,1.003759072739276,280,0.6826954947923758,True,-4.532412478017167e-05,COMPLETE
500,1.003467163412867,270,0.5145944234359913,True,-3.6870500436242404e-05,COMPLETE
501,1.0033288170153165,210,0.552048559154122,True,-6.083810378873511e-05,COMPLETE
502,2.004563786536264,390,0.5081105266666666,False,6.023651138997721e-07,COMPLETE
503,1.002873951498803,80,0.5027970480872318,True,-2.941483796772837e-05,COMPLETE
504,1.0032417791793808,140,0.5001311614972094,True,-4.7603549361480146e-05,COMPLETE
505,1.003607898699886,230,0.6170810999114462,True,-5.353429045412694e-05,COMPLETE
506,1.0042677933737305,380,0.8855338285256493,True,-1.95881489793992e-05,COMPLETE
507,1.0030424931300554,80,0.5650934753395764,True,-3.895156402392019e-05,COMPLETE
508,1.0043089395208147,110,0.9277629843657912,True,-1.977014215007178e-05,COMPLETE
509,1.002873275936533,80,0.5025378151691076,True,-2.9367243636890805e-05,COMPLETE
510,1.0037178282589383,380,0.5943504294787894,True,-1.4315003207920896e-05,COMPLETE
511,1.0034660153715467,170,0.6082038969696391,True,-5.5189298936914044e-05,COMPLETE
512,1.0039513699218268,330,0.7492202162759596,True,-3.219477682631089e-05,COMPLETE
513,1.0035474882782367,300,0.508253327000232,True,-1.2899455835879703e-05,COMPLETE
514,1.0040466568876094,270,0.8083660776302621,True,-3.703751533173927e-05,COMPLETE
515,1.0036210608046208,340,0.5642689690653504,True,-2.116464086898695e-05,COMPLETE
516,1.0028784588322248,80,0.5045245491261027,True,-2.973032778441631e-05,COMPLETE
517,1.003924194077335,350,0.7339434582940225,True,-3.123498691690041e-05,COMPLETE
518,1.0043895094654391,290,0.94027174883516,True,-1.3637073128069943e-05,COMPLETE
519,1.0034131980042174,220,0.5668089384333246,True,-5.8766908389518147e-05,COMPLETE
520,1.003453595772296,110,0.6379154304608954,True,-5.2161361877939294e-05,COMPLETE
521,1.0032344184479363,180,0.503222808838295,True,-4.8409178328462366e-05,COMPLETE
522,1.0028689844671872,80,0.5008891341698547,True,-2.906301703306524e-05,COMPLETE
523,1.0038626674336246,360,0.694236420566505,True,-2.8126717124959955e-05,COMPLETE
524,1.0036594819698603,320,0.5935795822341018,True,-3.066361878295565e-05,COMPLETE
525,1.0030517005544235,80,0.5683704202648708,True,-3.93484063731242e-05,COMPLETE
526,1.003024513739494,80,0.5586591982123453,True,-3.8141884175835195e-05,COMPLETE
527,1.0031809683007733,100,0.5265821424590454,True,-4.657614139497168e-05,COMPLETE
528,1.003433375033036,200,0.5838036783666497,True,-5.91036427380065e-05,COMPLETE
