number,value,params_iterations,params_official_weight,user_attrs_all_development_folds_non_degraded,user_attrs_maximum_development_fold_brier_delta,state
0,2.005387129545024,10,0.5,False,0.0008239453738733138,COMPLETE
1,2.004607635303145,50,0.5,False,4.445113199455508e-05,COMPLETE
2,1.0031243138267367,100,0.5,True,-4.302387609744773e-05,COMPLETE
3,1.0032422448135785,150,0.5,True,-5.114186441221302e-05,COMPLETE
4,1.0032661105031149,200,0.5,True,-5.436408166906159e-05,COMPLETE
5,1.0035368246793859,300,0.5,True,-1.146280221447915e-05,COMPLETE
6,2.0045820236474485,400,0.5,False,1.8839476298271318e-05,COMPLETE
7,1.0045631841711506,10,1.0,True,0.0,COMPLETE
8,1.0032539475214606,120,0.5610191174223894,True,-5.248717990943841e-05,COMPLETE
9,1.004052527637968,290,0.811649063413779,True,-3.3350202500614934e-05,COMPLETE
10,1.003899267934915,370,0.7136067493281016,True,-2.8567307833154976e-05,COMPLETE
11,1.0033793052887283,150,0.5686960502078494,True,-5.662805532652415e-05,COMPLETE
12,1.0036157133546495,100,0.7038416871537123,True,-5.350200257339677e-05,COMPLETE
13,1.0035703199971897,210,0.6586892719059066,True,-6.10520897571798e-05,COMPLETE
14,1.0031392299431041,100,0.5071008872167593,True,-4.4036953229686926e-05,COMPLETE
15,1.003240208462373,100,0.5533231378699279,True,-4.9488254121904385e-05,COMPLETE
16,1.003400225387127,90,0.6423333144589319,True,-4.9201558195571815e-05,COMPLETE
17,1.0042476424809084,270,0.8878591856443669,True,-2.5235327147293818e-05,COMPLETE
18,2.004595961716544,40,0.6430142360828874,False,3.277754539363076e-05,COMPLETE
19,1.003359199126799,100,0.6042238260235387,True,-5.319812702711535e-05,COMPLETE
20,1.003631573666404,240,0.6314153573435832,True,-4.695812211996664e-05,COMPLETE
21,1.0036505982570847,330,0.5780545957082476,True,-2.2440325711164943e-05,COMPLETE
22,1.0031636915551485,100,0.5185858217216417,True,-4.557649604297609e-05,COMPLETE
23,1.0031662641482788,100,0.5197824483041831,True,-4.572986410034119e-05,COMPLETE
24,1.0035808990074495,350,0.5226410074277421,True,-1.0756414495327604e-05,COMPLETE
25,1.0031444243476892,100,0.5095561071424406,True,-4.4376355373909604e-05,COMPLETE
26,2.0046675759666193,30,0.5988683259344625,False,0.00010439179546889443,COMPLETE
27,1.003286491288419,220,0.5012966220405316,True,-5.44428615818493e-05,COMPLETE
28,1.003616157442264,280,0.6093046055815488,True,-4.440389529233868e-05,COMPLETE
29,2.0049193385833957,20,0.5006556864685262,False,0.0003561544122451521,COMPLETE
30,1.0035301384587454,320,0.5032143079220865,True,-1.8620194303320403e-05,COMPLETE
31,1.003418078696982,230,0.510685225727795,True,-4.7740818158031884e-05,COMPLETE
32,1.0031327829669212,100,0.5040410497098644,True,-4.36061438357227e-05,COMPLETE
33,1.0032400690213195,130,0.5060400504918654,True,-4.5887958531970474e-05,COMPLETE
34,1.0032809673947252,160,0.5043544170020432,True,-3.916696442340939e-05,COMPLETE
35,2.0045640793313244,380,0.5147115385237636,False,8.951601738749204e-07,COMPLETE
36,1.0028712206860162,80,0.5017486508824168,True,-2.9221952109692584e-05,COMPLETE
37,1.0029443526196442,80,0.5293767364972023,True,-3.3946863228190294e-05,COMPLETE
38,1.0029357234096141,80,0.5261638802549533,True,-3.3435664232861484e-05,COMPLETE
39,1.0029794677193176,80,0.542326977217197,True,-3.590528785263336e-05,COMPLETE
40,1.0031289414110465,80,0.5953970337256149,True,-4.222183278299041e-05,COMPLETE
41,1.0033960501251846,180,0.5815823396127748,True,-5.423046521343955e-05,COMPLETE
42,1.003296883374989,110,0.5724367269340168,True,-4.907849893337479e-05,COMPLETE
43,1.0029857449239734,80,0.5446214590030618,True,-3.623521392048801e-05,COMPLETE
44,1.002932231971472,80,0.5248604511141931,True,-3.3225403879011406e-05,COMPLETE
45,1.0031278268720953,80,0.5950127537706292,True,-4.218597136765312e-05,COMPLETE
46,1.0029083465452515,80,0.515888782158897,True,-3.1733193566363394e-05,COMPLETE
47,1.0032415326848965,190,0.5001321357143796,True,-5.312193654061215e-05,COMPLETE
48,1.004528217753277,340,0.9877337360833707,True,-2.9061014907016958e-06,COMPLETE
49,1.0028781753820666,80,0.5044160198099046,True,-2.9710592999415697e-05,COMPLETE
50,1.0028866711701276,80,0.5076627416093268,True,-3.029600220677553e-05,COMPLETE
51,1.0029435030685163,80,0.5290609704102561,True,-3.3897067733074104e-05,COMPLETE
52,1.002893657022288,80,0.5103228832672667,True,-3.076798307846684e-05,COMPLETE
53,1.0035912898000392,310,0.5471964236870539,True,-1.898056761798217e-05,COMPLETE
54,1.0030474631881907,90,0.5002215875482008,True,-3.683859123770894e-05,COMPLETE
55,2.0053648521281504,10,0.5073402505882273,False,0.0008016679569998741,COMPLETE
56,1.0032797598825216,170,0.5189464444469387,True,-4.96851560048972e-05,COMPLETE
57,1.0036420663869456,340,0.5784890435253127,True,-2.3138620110607633e-05,COMPLETE
58,1.0032378661631425,210,0.5076275556374442,True,-5.804071818196754e-05,COMPLETE
59,1.0040140732271408,320,0.7825269757813548,True,-3.367785921570832e-05,COMPLETE
60,1.0034493182256998,290,0.5025222558638981,True,-2.6838100297188472e-05,COMPLETE
61,1.0028800602674917,80,0.5051374483135203,True,-2.9841560679449985e-05,COMPLETE
62,2.0045693541992353,60,0.5053553393736339,False,6.170028084728774e-06,COMPLETE
63,1.0034731919297482,270,0.5185060032189289,True,-3.732521020560764e-05,COMPLETE
64,1.0028788563931998,80,0.5046767458059536,True,-2.9757983615180672e-05,COMPLETE
65,1.0035908241544567,370,0.5055837678544315,True,-2.238115957536868e-06,COMPLETE
66,1.0031328641112787,70,0.5844392390545446,True,-2.831495478303192e-05,COMPLETE
67,1.0034105400321696,240,0.5097869103287224,True,-3.9011842106112526e-05,COMPLETE
68,1.0035670440120827,260,0.5898406480079028,True,-4.492761155930336e-05,COMPLETE
69,1.0042378127802798,240,0.8877677333975077,True,-2.5615539839596302e-05,COMPLETE
70,2.004651763373155,40,0.5177289502147562,False,8.857920200464053e-05,COMPLETE
71,1.0029008093334777,80,0.5130375761666442,True,-3.1242526606023446e-05,COMPLETE
72,1.0034249380560802,250,0.5121977053564781,True,-3.642613188853394e-05,COMPLETE
73,1.0038551015546455,390,0.6261949493314513,True,-2.0501420204266374e-05,COMPLETE
74,1.0028941605080535,80,0.5105142750914246,True,-3.080167497720998e-05,COMPLETE
75,1.003262105556597,140,0.5107916491660979,True,-4.881892084990236e-05,COMPLETE
76,1.00372076324449,360,0.607335696605362,True,-2.0544810291012183e-05,COMPLETE
77,1.0028798022493735,80,0.5050387308493008,True,-2.982366955284199e-05,COMPLETE
78,1.0037484126889673,170,0.7261628714596737,True,-5.2176182148810923e-05,COMPLETE
79,2.0046030472716154,50,0.5116950516626779,False,3.986310046510955e-05,COMPLETE
80,1.0032486862160774,150,0.5033950180548877,True,-5.150657324340391e-05,COMPLETE
81,1.0033050356791082,200,0.5204345603893232,True,-5.6033765227808674e-05,COMPLETE
82,1.002868549959764,80,0.5007220213389196,True,-2.90320321712223e-05,COMPLETE
83,1.003543288362004,300,0.5050221289842647,True,-1.2343499112527079e-05,COMPLETE
84,1.003137099304701,120,0.5085144102189293,True,-4.754253534203223e-05,COMPLETE
85,1.0039541612761256,400,0.6483900816759381,True,-1.238452845889193e-05,COMPLETE
86,2.0047364779594874,30,0.5033749771608601,False,0.0001732937883371921,COMPLETE
87,1.0035930361578567,360,0.5110124234776048,True,-4.089398996182103e-06,COMPLETE
88,1.0029013270387799,80,0.5132337290202391,True,-3.127653675311093e-05,COMPLETE
89,1.0034191639077383,80,0.6904833109695963,True,-4.6666100186831816e-05,COMPLETE
90,1.0037351847750213,390,0.511398784409186,True,-1.6443493522366737e-07,COMPLETE
91,1.0029154368174416,80,0.5185620347720111,True,-3.218603355290006e-05,COMPLETE
92,2.004770701058612,20,0.6212942903446629,False,0.0002075168874618727,COMPLETE
93,1.003556746418066,330,0.5095358609327187,True,-1.1324905516196804e-05,COMPLETE
94,1.0028790000657952,80,0.504731740475803,True,-2.976797120182728e-05,COMPLETE
95,1.0028718582494154,80,0.5019935405002675,True,-2.9267103272473394e-05,COMPLETE
96,2.0045778617473986,400,0.5150868146018684,False,1.4677576248262048e-05,COMPLETE
97,1.0032585594462238,60,0.642402875541615,True,-2.3203484946859865e-05,COMPLETE
98,1.0036852901241946,320,0.6096987253535127,True,-3.209107321547333e-05,COMPLETE
99,1.0032745812006885,180,0.5235294376640385,True,-5.040134468270452e-05,COMPLETE
100,1.002886272955592,80,0.5075108469306959,True,-3.026884367796079e-05,COMPLETE
101,1.0029347474836148,70,0.509733142455292,True,-1.4779804627690352e-05,COMPLETE
102,1.003442794294305,280,0.5062610282318576,True,-3.588590798075941e-05,COMPLETE
103,1.0031537648628912,110,0.5070263352958841,True,-4.217353263760715e-05,COMPLETE
104,1.0034379640320377,130,0.6014508032560091,True,-5.332015715731053e-05,COMPLETE
105,1.0028674888296816,80,0.5003137639455534,True,-2.895622145596133e-05,COMPLETE
106,1.003541077865837,340,0.5053907372378097,True,-1.1079087698873114e-05,COMPLETE
107,1.0040021769693857,150,0.8203227697355975,True,-4.269074478363555e-05,COMPLETE
108,1.0037033272093379,350,0.6087957690472366,True,-2.394470899194645e-05,COMPLETE
109,1.0034466970562954,260,0.5195001073457576,True,-3.921798495912232e-05,COMPLETE
110,1.0030706042241082,80,0.5750605388994752,True,-4.0126060599915414e-05,COMPLETE
111,1.0029149179498789,80,0.5183666957916568,True,-3.2153179862326464e-05,COMPLETE
112,1.0029260243157851,80,0.5225380003790461,True,-3.284665467795378e-05,COMPLETE
113,1.0034891612471355,220,0.6033047268973017,True,-5.9670954864032844e-05,COMPLETE
114,1.0028800097743487,80,0.5051181306224847,True,-2.9838060372655573e-05,COMPLETE
115,1.003535790388521,230,0.5787858398551817,True,-5.248386833486829e-05,COMPLETE
116,1.0031280484670786,80,0.5950891700231028,True,-4.219311409126014e-05,COMPLETE
117,1.0028868028487565,80,0.5077129628584541,True,-3.0304976736339473e-05,COMPLETE
118,1.002903045126215,80,0.5138843615529264,True,-3.1389078581522956e-05,COMPLETE
119,1.0034905372354164,160,0.6087708592808273,True,-4.821098149410119e-05,COMPLETE
120,1.003485039675624,190,0.6165692524673967,True,-5.856271805984581e-05,COMPLETE
121,1.0028991085800467,80,0.5123928527505285,True,-3.113047622330112e-05,COMPLETE
122,1.0044670590680689,30,0.985819617277765,True,-1.4171108453364667e-06,COMPLETE
123,1.0028816038833017,80,0.505727786657096,True,-2.9948352663983213e-05,COMPLETE
124,1.002871625768061,80,0.5019042523444363,True,-2.9250647675865826e-05,COMPLETE
125,1.0035579068631346,350,0.5042615781351737,True,-7.08099333390777e-06,COMPLETE
126,1.0037026483459035,380,0.5832982086591296,True,-1.2557412009978064e-05,COMPLETE
127,2.0050556569266544,10,0.62218299587027,False,0.000492472755504153,COMPLETE
128,1.0037073793548967,300,0.6168242649671795,True,-2.6719672880731737e-05,COMPLETE
129,1.0032086315137312,90,0.5682723446015954,True,-4.502217856067192e-05,COMPLETE
130,1.0028819654157495,80,0.5058659894105211,True,-2.9973304385116917e-05,COMPLETE
131,1.0028708062071312,80,0.5015894092537259,True,-2.91925607833754e-05,COMPLETE
132,1.002873211281077,80,0.5025130006870611,True,-2.936268434011735e-05,COMPLETE
133,1.0036990916609878,370,0.5905110087261384,True,-1.777028577990003e-05,COMPLETE
134,1.004155520102511,230,0.8565936438576189,True,-3.369062560873437e-05,COMPLETE
135,1.0035514495257551,310,0.518755840058782,True,-1.4710885957114339e-05,COMPLETE
136,1.0036716647951462,290,0.6347717471001504,True,-3.893615071537404e-05,COMPLETE
137,1.0032000477232668,80,0.6195876258075901,True,-4.4189292039059636e-05,COMPLETE
138,1.0032525123255305,130,0.5124566421189571,True,-4.663237882857052e-05,COMPLETE
139,1.0043236089359253,260,0.9179237452079173,True,-1.9683295005151757e-05,COMPLETE
140,2.00487240573753,20,0.5354367880042883,False,0.00030922156637944176,COMPLETE
141,1.002890672713563,80,0.5091875369646243,True,-3.056738633244738e-05,COMPLETE
142,2.0045665284985033,380,0.5041999649557618,False,3.3443273529942807e-06,COMPLETE
143,1.0028959329827751,80,0.5111877001524997,True,-3.091993816056737e-05,COMPLETE
144,1.0035569365256294,320,0.5235209502689171,True,-2.1923948170105012e-05,COMPLETE
145,1.0028709178318402,80,0.5016322982032295,True,-2.9200479256974443e-05,COMPLETE
146,1.0031301746495567,80,0.5958220512608343,True,-4.2261328065063e-05,COMPLETE
147,2.0045680981227116,50,0.6221190640029968,False,4.9139515611584805e-06,COMPLETE
148,1.0034428727340192,170,0.5977012294281083,True,-5.488969599648508e-05,COMPLETE
149,1.0033167490430315,210,0.5463103155209008,True,-6.056631762818565e-05,COMPLETE
150,1.002875064766939,80,0.5032240626989404,True,-2.9493093564453288e-05,COMPLETE
151,1.0033089314380175,220,0.5133811709689386,True,-5.550143610263958e-05,COMPLETE
152,1.0028681684699774,80,0.5005752710800101,True,-2.9004800328219504e-05,COMPLETE
153,1.0032548627515594,170,0.5060817643612741,True,-4.833908172172108e-05,COMPLETE
154,1.0029003261304756,80,0.5128544540118576,True,-3.12107419252472e-05,COMPLETE
155,1.003504795212231,270,0.5385481869851493,True,-3.9463529085181914e-05,COMPLETE
156,1.0032865596487741,160,0.5073661402965022,True,-3.955704310695807e-05,COMPLETE
157,1.0028823147710646,80,0.5059995151663763,True,-2.9997394005804034e-05,COMPLETE
158,2.004659744064211,40,0.5031593180884788,False,9.655989306062152e-05,COMPLETE
159,1.0035119865605018,240,0.5685540213387945,True,-4.4302875555013443e-05,COMPLETE
160,1.0033086838429566,120,0.5843879423863074,True,-5.391719474648338e-05,COMPLETE
161,1.0028718788768485,80,0.5020014623231556,True,-2.9268562870138348e-05,COMPLETE
162,1.0034075658695665,230,0.5041967242661294,True,-4.709689351758972e-05,COMPLETE
163,1.0028761691592085,80,0.5036474532151981,True,-2.957050940435857e-05,COMPLETE
164,1.0030779429168135,80,0.5776442580092194,True,-4.0414701390767416e-05,COMPLETE
165,2.004567617085345,60,0.5113823300241985,False,4.432914194218984e-06,COMPLETE
166,1.0028683877862867,80,0.5006596401885614,True,-2.9020458924000625e-05,COMPLETE
167,1.0036021465919283,250,0.61276899564286,True,-4.4367585167071066e-05,COMPLETE
168,2.0045938195256907,30,0.748003520711528,False,3.0635354540287096e-05,COMPLETE
169,1.0034320115883606,140,0.5937670989175406,True,-5.495706686714508e-05,COMPLETE
170,1.0034126236741128,150,0.5843999145432947,True,-5.732270632072267e-05,COMPLETE
171,1.0028816787349095,80,0.505756402034385,True,-2.9953520536918354e-05,COMPLETE
172,1.003257018180011,190,0.5081345759623385,True,-5.384194079893767e-05,COMPLETE
173,2.0052709691969026,10,0.5394429540512202,False,0.00070778502575225,COMPLETE
174,1.003099030286383,80,0.5850272427673224,True,-4.120359657128203e-05,COMPLETE
175,1.0028829735803986,80,0.5062512572141049,True,-3.0042763937726535e-05,COMPLETE
176,1.003587765072132,360,0.5064568970612439,True,-3.1015490823960157e-06,COMPLETE
177,1.003523246965621,290,0.5501536749723402,True,-3.2799343018752314e-05,COMPLETE
178,1.002869612066597,80,0.5011304504734622,True,-2.910771210301588e-05,COMPLETE
179,1.0028877560765235,80,0.5080764256520844,True,-3.0369854151390818e-05,COMPLETE
180,1.0028691101661118,80,0.5009374719766655,True,-2.9071974403327427e-05,COMPLETE
181,1.003482488612701,200,0.6066562248116124,True,-5.942852415546929e-05,COMPLETE
182,1.002867970818033,80,0.5004992286058811,True,-2.8990681176177535e-05,COMPLETE
183,1.003266294141292,200,0.5000979061246692,True,-5.437287172008198e-05,COMPLETE
184,2.0045643246542806,390,0.5058287821424219,False,1.1404831299632878e-06,COMPLETE
185,1.002881141460373,80,0.5055509827182416,True,-2.9916404555963005e-05,COMPLETE
186,1.0030155722932879,80,0.5554416516280205,True,-3.772184423486702e-05,COMPLETE
187,1.0030562974659614,90,0.5041139040646309,True,-3.74188117100438e-05,COMPLETE
188,1.0036172736412243,330,0.554962981257163,True,-1.9154763309492395e-05,COMPLETE
189,1.004096012124275,250,0.8336171436071746,True,-3.364866823216128e-05,COMPLETE
190,1.0035880243973263,370,0.5030999978434638,True,-1.6845564131673374e-06,COMPLETE
191,1.0028675014226736,80,0.500318610147821,True,-2.8957122317291306e-05,COMPLETE
192,2.004604592591304,50,0.5077073599661691,False,4.140842015362689e-05,COMPLETE
193,1.003235485153292,180,0.5037701382588156,True,-4.846730981108993e-05,COMPLETE
194,1.0028857250106886,80,0.507301793437849,True,-3.0231428442467623e-05,COMPLETE
195,1.0028702397581064,80,0.5013717310005597,True,-2.9152343758775956e-05,COMPLETE
196,1.0028705134266402,80,0.5014769051311825,True,-2.917178091738082e-05,COMPLETE
197,1.0030999648986456,80,0.5853530650098087,True,-4.1237186398812575e-05,COMPLETE
198,1.0031276656900499,120,0.5041017898592438,True,-4.70178087693951e-05,COMPLETE
199,1.003284967540368,140,0.5225732307145968,True,-5.004907472461184e-05,COMPLETE
200,1.0034464268971315,250,0.525356042663664,True,-3.7921236056670526e-05,COMPLETE
201,1.0028920496325913,80,0.5097115639310922,True,-3.0660129389792345e-05,COMPLETE
202,1.0035504245520277,280,0.572411873403762,True,-4.23240538912073e-05,COMPLETE
203,2.0046866777484347,30,0.5699193139104543,False,0.0001234935772840562,COMPLETE
204,1.0043670357161745,210,0.9408297074396185,True,-1.732793916123243e-05,COMPLETE
205,1.0030734716810366,80,0.5760709689766723,True,-4.023971653355218e-05,COMPLETE
206,1.002872771197971,80,0.5023440787387576,True,-2.9331631452106377e-05,COMPLETE
207,2.0045799469277434,400,0.5074268475025048,False,1.676275659295845e-05,COMPLETE
208,1.00289217744539,80,0.5097601899936163,True,-3.0668721720666925e-05,COMPLETE
209,1.0035419140368047,300,0.5039593658288436,True,-1.215881413013653e-05,COMPLETE
210,1.0028746216324032,80,0.5030541168854111,True,-2.946197024333852e-05,COMPLETE
211,1.0029099245810504,80,0.5164844925977634,True,-3.1834708520167565e-05,COMPLETE
212,1.002884515843605,80,0.5068402808427735,True,-3.0148678543229224e-05,COMPLETE
213,1.0032261327716827,210,0.5016868577099023,True,-5.7545876535003426e-05,COMPLETE
214,2.004917480715711,20,0.5019874545280799,False,0.00035429654456081705,COMPLETE
215,1.0028669373741097,80,0.5001015172949873,True,-2.891674441840575e-05,COMPLETE
216,1.0034168744531209,260,0.5005972532735333,True,-3.7014493893483547e-05,COMPLETE
217,1.0030687157660165,80,0.5743944610928831,True,-4.005059360223662e-05,COMPLETE
218,1.0039602145727526,110,0.8200294872733255,True,-4.0582274516226535e-05,COMPLETE
219,1.0032503908346126,150,0.5042904233722988,True,-5.160114048233244e-05,COMPLETE
220,1.002868778374053,80,0.500809874403501,True,-2.9048324651836932e-05,COMPLETE
221,1.0028732641735876,80,0.5025333006578977,True,-2.936641420644981e-05,COMPLETE
222,1.0029010340192812,80,0.5131227128444614,True,-3.125729271868938e-05,COMPLETE
223,1.0029062780060065,80,0.5151072599780923,True,-3.159948950062774e-05,COMPLETE
224,1.0028774970335617,80,0.5041562308868797,True,-2.9663306760990826e-05,COMPLETE
225,1.003562998672393,340,0.5223782293694402,True,-1.4305125363350824e-05,COMPLETE
226,1.0030696512088348,80,0.5747244632218043,True,-4.0088037135344035e-05,COMPLETE
227,1.0031671411962875,110,0.5134099174785701,True,-4.301574170703648e-05,COMPLETE
228,1.002869883578628,80,0.5012348266629953,True,-2.9127026399455858e-05,COMPLETE
229,1.0038904708701801,190,0.7791687279937446,True,-4.806044147082078e-05,COMPLETE
230,1.0034375811708935,280,0.5028372212631697,True,-3.545803212132159e-05,COMPLETE
231,1.003339355860106,100,0.5959727399276582,True,-5.2760002236640346e-05,COMPLETE
232,1.0028970610512697,80,0.5116160077016803,True,-3.099492502070533e-05,COMPLETE
233,1.0042802583078263,200,0.9111799794610599,True,-2.4165711039192406e-05,COMPLETE
234,1.002897733590806,80,0.511871253670128,True,-3.103952766109197e-05,COMPLETE
235,1.0034618989159985,290,0.5109528310169323,True,-2.8024716835162167e-05,COMPLETE
236,1.0028669473461598,80,0.5001053558709807,True,-2.8917458768512594e-05,COMPLETE
237,1.0039340576002773,380,0.7278383809263419,True,-2.654894342288272e-05,COMPLETE
238,1.0030812662297603,70,0.5656213018851757,True,-2.544006895427442e-05,COMPLETE
239,1.002871855951907,80,0.5019926581534363,True,-2.9266940696076604e-05,COMPLETE
240,2.0046057014313337,40,0.6168877619982254,False,4.25172601832835e-05,COMPLETE
241,1.0034285815797084,240,0.5206755548326423,True,-4.0197019863241756e-05,COMPLETE
242,1.0028787171564204,80,0.5046234455545776,True,-2.974830093702141e-05,COMPLETE
243,1.00344853442755,270,0.5023151490094658,True,-3.5363759716494636e-05,COMPLETE
244,1.0028739692974347,80,0.5028038768320737,True,-2.9416090817219187e-05,COMPLETE
245,1.0031354444923481,100,0.5053059500904462,True,-4.378528832868489e-05,COMPLETE
246,1.0028726143399915,80,0.5022838617906382,True,-2.9320555053197195e-05,COMPLETE
247,1.0035736610519719,350,0.516949043577543,True,-9.650561243079725e-06,COMPLETE
248,2.005365147931929,10,0.5072421295562614,False,0.0008019637607787622,COMPLETE
249,1.0030550110601013,80,0.5695456756082768,True,-3.948817887922118e-05,COMPLETE
250,1.003286024860546,220,0.5010430061392366,True,-5.441938088396325e-05,COMPLETE
251,1.0030550570892864,80,0.5695620053416408,True,-3.94901114738333e-05,COMPLETE
252,1.002870937996289,80,0.5016400456391389,True,-2.9201909454434904e-05,COMPLETE
253,1.0035970493473145,310,0.551165746673862,True,-1.9525159506733614e-05,COMPLETE
254,1.002873067259297,80,0.5024577230540315,True,-2.93525257276106e-05,COMPLETE
255,1.002869693304258,80,0.5011616817106189,True,-2.911349240267147e-05,COMPLETE
256,1.003077289705354,80,0.5774145858787346,True,-4.0389307263216656e-05,COMPLETE
257,1.0028686122144015,80,0.5007459667517669,True,-2.9036473629645565e-05,COMPLETE
258,1.0029204643261547,70,0.5040709028387563,True,-1.3522660778031437e-05,COMPLETE
259,1.003745653368873,180,0.7277922040457755,True,-5.1619834466831716e-05,COMPLETE
260,1.0033826150720107,160,0.557011426705873,True,-4.4881099298510474e-05,COMPLETE
261,1.0030416571285896,60,0.5679453481014594,True,-9.873481749606006e-06,COMPLETE
262,1.0035302525010739,320,0.5033028882047674,True,-1.8635357665025554e-05,COMPLETE
263,1.0030657613582445,80,0.5733514122736252,True,-3.9931545927379686e-05,COMPLETE
264,2.004565252233855,380,0.5096223785263508,False,2.068062704446705e-06,COMPLETE
