number,value,params_iterations,params_official_weight,user_attrs_all_development_folds_non_degraded,user_attrs_maximum_development_fold_brier_delta,state
793,1.0036804355942313,370,0.5771439604280539,True,-1.5763187305867232e-05,COMPLETE
794,1.0030423979805132,80,0.5650595478019509,True,-3.8947400558819734e-05,COMPLETE
795,1.0038957159449522,300,0.7213256868605394,True,-3.1103721440051135e-05,COMPLETE
796,1.0032747354452827,160,0.5009810004256243,True,-3.872092679574335e-05,COMPLETE
797,1.0028716985479216,80,0.5019322056524719,True,-2.9255800240796104e-05,COMPLETE
798,1.0031813721703962,80,0.6132950899953176,True,-4.373245790220692e-05,COMPLETE
799,1.0035183116451747,290,0.5471074658280112,True,-3.2472142424827544e-05,COMPLETE
800,1.0028800626752348,80,0.5051383694576883,True,-2.9841727578860944e-05,COMPLETE
801,1.0030286856642494,80,0.5601564102605536,True,-3.8333896854231275e-05,COMPLETE
802,1.0030253090734143,80,0.5589448235785487,True,-3.8178683526873813e-05,COMPLETE
803,1.0028701640195437,80,0.5013426213652636,True,-2.914696212075185e-05,COMPLETE
804,1.0030636851672479,90,0.5073532153222996,True,-3.789131649725719e-05,COMPLETE
805,1.003373361701268,180,0.5710877820427507,True,-5.374301342625509e-05,COMPLETE
806,1.0031644098049328,120,0.5211342807702878,True,-4.8949801389780445e-05,COMPLETE
807,1.0030098899979671,80,0.5533907148477794,True,-3.744883055425974e-05,COMPLETE
808,1.0039199891618702,220,0.7832557442452448,True,-4.8380095203387485e-05,COMPLETE
809,1.003593016371108,370,0.5075157864731258,True,-2.6648043204846594e-06,COMPLETE
810,1.0036976719583075,380,0.579607474739745,True,-1.1945129513524222e-05,COMPLETE
811,1.0028706008025843,80,0.5015104819174757,True,-2.917798394808102e-05,COMPLETE
812,1.0028700287130168,80,0.5012906145835,True,-2.9137345319923957e-05,COMPLETE
813,2.0045801860176238,400,0.5065618411626677,False,1.7001846473518878e-05,COMPLETE
814,1.0028709974271195,80,0.5016628792881092,True,-2.9206124266462075e-05,COMPLETE
815,1.0028672546795594,80,0.5002236499499283,True,-2.8939465976735024e-05,COMPLETE
816,1.003032610492678,80,0.5615626146177025,True,-3.851224650155971e-05,COMPLETE
817,1.0028681435545093,80,0.5005656857615007,True,-2.9003020889289965e-05,COMPLETE
818,1.0039424193069193,240,0.7728183114892814,True,-4.1577377739576704e-05,COMPLETE
819,1.0030288450152491,80,0.5602135471414731,True,-3.834118115567109e-05,COMPLETE
820,1.0034663449080052,280,0.5214496202381381,True,-3.767171575189132e-05,COMPLETE
821,2.005380762642609,10,0.5020877297347079,False,0.0008175784714582746,COMPLETE
822,1.0032736544681267,200,0.5040100268861936,True,-5.471787715710663e-05,COMPLETE
823,1.003599725073745,360,0.5167087873877253,True,-5.2980025080084925e-06,COMPLETE
824,1.003692169950301,340,0.6107577864519075,True,-2.6951436797761907e-05,COMPLETE
825,2.004730474096139,20,0.6610105124068479,False,0.00016728992498871165,COMPLETE
826,1.002976421527808,70,0.5260255603344436,True,-1.8215316725689323e-05,COMPLETE
827,1.0033536857362746,170,0.5557449089294078,True,-5.276662930675524e-05,COMPLETE
828,1.0030488861610958,80,0.5673700598559437,True,-3.922837235267873e-05,COMPLETE
829,1.0028671577775137,80,0.5001863537430881,True,-2.8932528933767188e-05,COMPLETE
830,1.0035089964493036,240,0.5669010738527798,True,-4.419114858569828e-05,COMPLETE
831,1.0045011337132874,360,0.977567371701323,True,-4.96600312718809e-06,COMPLETE
832,1.0033806716832985,220,0.5505886058097107,True,-5.8019466487202465e-05,COMPLETE
833,1.0030274470467493,80,0.5597121646607612,True,-3.8277151950455446e-05,COMPLETE
834,1.003034777936097,80,0.5623382113119687,True,-3.860979038713963e-05,COMPLETE
835,1.0032161900050305,100,0.5426033907748917,True,-4.840052940521811e-05,COMPLETE
836,1.0028700367620624,80,0.5012937084289031,True,-2.9137917490207332e-05,COMPLETE
837,2.0046197892039217,30,0.6853181328747993,False,5.660503277113427e-05,COMPLETE
838,1.003028759722077,80,0.560182964891936,True,-3.833728266333658e-05,COMPLETE
839,1.002869351150631,80,0.5010301351317185,True,-2.9089139231996963e-05,COMPLETE
840,1.003542248660984,300,0.5042183790086644,True,-1.2203908299757149e-05,COMPLETE
841,2.0045686272573766,60,0.5078602363278695,False,5.4430862260757e-06,COMPLETE
842,1.0033806810921597,210,0.5762155871048249,True,-6.169107691916809e-05,COMPLETE
843,1.0035103315616092,260,0.5577643980248626,True,-4.281081169038581e-05,COMPLETE
844,2.0046206510737132,40,0.5811325918810157,False,5.746690256264175e-05,COMPLETE
845,2.005032149256797,10,0.6322219418065476,False,0.00046896508564681083,COMPLETE
846,2.004591820890453,50,0.5423673080211027,False,2.863671930256051e-05,COMPLETE
847,1.0030107185472463,80,0.5536900678962252,True,-3.748893517496743e-05,COMPLETE
848,1.0032235741744526,210,0.5003845580042288,True,-5.7433592896616315e-05,COMPLETE
849,1.0028784692647557,80,0.5045285433305408,True,-2.9731053864501256e-05,COMPLETE
850,1.003229673476075,80,0.6294838511602314,True,-4.482958542512128e-05,COMPLETE
851,1.0035387679385677,340,0.503557231469429,True,-1.071556215889724e-05,COMPLETE
852,1.0030138801588422,80,0.5548314064744737,True,-3.76410393420068e-05,COMPLETE
853,1.003229099644169,180,0.5004869784569544,True,-4.8114923352687855e-05,COMPLETE
854,1.0033572099089267,120,0.6045293701660576,True,-5.476872567078406e-05,COMPLETE
855,1.0032548778178845,170,0.5060896267668384,True,-4.833994691713639e-05,COMPLETE
856,1.0028792396045403,80,0.5048234223880625,True,-2.978461500308116e-05,COMPLETE
857,1.0034229686394176,260,0.5045155704598545,True,-3.749453533052893e-05,COMPLETE
858,1.0035498393705626,330,0.5040104689507071,True,-1.024897295301419e-05,COMPLETE
859,1.0035521413767066,250,0.5860416122729318,True,-4.303974692246304e-05,COMPLETE
860,1.0044436398854568,400,0.9474799884616408,True,-9.571880024622503e-06,COMPLETE
861,1.003291845503289,220,0.5042007268286848,True,-5.4708028273092735e-05,COMPLETE
862,1.0032486059022312,140,0.5037316114824321,True,-4.802489263761034e-05,COMPLETE
863,1.0035763364267356,350,0.5190626464781763,True,-1.0064591735303718e-05,COMPLETE
864,1.0045355815685144,380,0.9899948521291168,True,-2.199954271170368e-06,COMPLETE
865,1.003015741316587,80,0.555502584114383,True,-3.772989258923887e-05,COMPLETE
866,1.0034116642154882,230,0.506735200045666,True,-4.7352791994581533e-05,COMPLETE
867,1.0028678166993363,80,0.5004399297341771,True,-2.8979666971018503e-05,COMPLETE
868,1.0028674849482822,80,0.5003122702480104,True,-2.8955943787656313e-05,COMPLETE
869,1.0030048699792788,80,0.5515747859524032,True,-3.720367509918443e-05,COMPLETE
870,1.0036628141213015,100,0.7209135629839837,True,-5.262967252461781e-05,COMPLETE
871,2.0048291467622925,20,0.5699116228925453,False,0.0002659625911419494,COMPLETE
872,1.0029138260749848,70,0.5014252862314541,True,-1.2924105820127929e-05,COMPLETE
873,1.003271413801968,150,0.515231468009276,True,-5.270200767465427e-05,COMPLETE
874,1.0030053343617702,80,0.5517429298931908,True,-3.722651014742562e-05,COMPLETE
875,1.0045256514197285,260,0.9875845709071018,True,-3.321041495363275e-06,COMPLETE
876,1.0028814922809781,80,0.5056851198250452,True,-2.9940645646431285e-05,COMPLETE
877,1.0028749815722044,80,0.5031921595055716,True,-2.9487253065674235e-05,COMPLETE
878,1.0030007709573225,80,0.550089194514182,True,-3.700072368018059e-05,COMPLETE
879,1.0035515086546651,200,0.6376550739005523,True,-5.9206451979126884e-05,COMPLETE
880,2.004660570645884,40,0.5016819653488264,False,9.738647473381268e-05,COMPLETE
881,2.0045663274360868,380,0.5050465423160395,False,3.1432649361118337e-06,COMPLETE
882,1.0034129733992319,240,0.5112676989787039,True,-3.9178492087427186e-05,COMPLETE
883,2.0046945626370136,30,0.5586095614096814,False,0.00013137846586333546,COMPLETE
884,1.0028707627188738,80,0.5015726993906391,True,-2.9189475199586923e-05,COMPLETE
885,1.0028796434030696,80,0.5049779505207131,True,-2.9812649260829716e-05,COMPLETE
886,1.0034368815736558,280,0.5023759825557128,True,-3.539967879076511e-05,COMPLETE
887,1.0033878405041778,160,0.5596082621856974,True,-4.510218798403631e-05,COMPLETE
888,1.002869607640254,80,0.5011287487632338,True,-2.91073971218081e-05,COMPLETE
889,1.0036445623821377,300,0.5770432334090603,True,-2.275170482171629e-05,COMPLETE
890,1.0028744206096905,80,0.5029770113720521,True,-2.9447840101282097e-05,COMPLETE
891,1.0033663363027507,190,0.5621343602178381,True,-5.736525384988922e-05,COMPLETE
892,1.0032352413360506,80,0.6313322110976848,True,-4.4938583920212105e-05,COMPLETE
893,1.0030747016183106,80,0.5765040220511177,True,-4.028812258274894e-05,COMPLETE
894,2.0049046110495476,20,0.5113099431389587,False,0.00034142687839727737,COMPLETE
895,1.0030173516613912,80,0.5560828961388204,True,-3.780636241360047e-05,COMPLETE
896,1.0035311246428602,320,0.5039796670776463,True,-1.875099263912161e-05,COMPLETE
897,1.0031490865650583,120,0.5140815122099585,True,-4.818039933368601e-05,COMPLETE
898,1.0031266808426864,100,0.5011318973719923,True,-4.318849641188338e-05,COMPLETE
899,1.0032444972375711,110,0.5491969109740116,True,-4.706305907975494e-05,COMPLETE
900,1.0030455227265183,80,0.5661730589116692,True,-3.908346021833098e-05,COMPLETE
901,1.0028762711601429,80,0.5036865462601756,True,-2.9577648647055588e-05,COMPLETE
902,1.0034529480039547,290,0.5049696196950664,True,-2.7188396700073003e-05,COMPLETE
903,1.0035830218428605,360,0.5023052521386059,True,-2.184793705950483e-06,COMPLETE
904,1.0028696850729542,80,0.5011585172989976,True,-2.9112906774431124e-05,COMPLETE
905,1.003617136256115,310,0.564754447910286,True,-2.1294368382218654e-05,COMPLETE
906,2.0045815580445607,400,0.5016483873913431,False,1.837387341022123e-05,COMPLETE
907,1.0028761451679515,80,0.5036382580160731,True,-2.9568829943871222e-05,COMPLETE
908,2.0045654631855743,390,0.5010685859515462,False,2.279014423789416e-06,COMPLETE
909,1.0030357308258124,80,0.5626789763181265,True,-3.865246155471125e-05,COMPLETE
910,1.004560435780138,130,0.999197984154439,True,-2.4407458706909857e-07,COMPLETE
911,1.0035712756664732,270,0.5784515352309955,True,-4.276649199627669e-05,COMPLETE
912,1.003957999728647,400,0.6518827232385734,True,-1.285896058650371e-05,COMPLETE
913,1.0034413651137783,250,0.522284520462362,True,-3.7584520522465636e-05,COMPLETE
914,1.0030492778597562,90,0.5010227964706016,True,-3.695913806134321e-05,COMPLETE
915,1.0028754596243448,80,0.5033754641601034,True,-2.952079700574428e-05,COMPLETE
916,1.0029828494678525,80,0.5435638547780743,True,-3.608377790667583e-05,COMPLETE
917,1.003645573126802,320,0.5846704338730354,True,-2.9781005623175094e-05,COMPLETE
918,2.004567806839938,30,0.846296150674838,False,4.622668787646056e-06,COMPLETE
919,1.0033247368593912,130,0.5485039780452304,True,-5.015880836892195e-05,COMPLETE
920,1.0028681375759747,80,0.5005633857215305,True,-2.9002593891602757e-05,COMPLETE
921,1.0028669640678716,80,0.5001117925776593,True,-2.891865659240822e-05,COMPLETE
922,1.0030117498617308,80,0.5540625357921832,True,-3.753871300324341e-05,COMPLETE
923,1.0036935174466686,190,0.703979218007293,True,-5.553940142000169e-05,COMPLETE
924,1.0030166002508079,80,0.5558121620423004,True,-3.777072768132439e-05,COMPLETE
925,1.0028750631109582,80,0.5032234276820039,True,-2.9492977322048697e-05,COMPLETE
926,2.0053836857338116,10,0.5011282437420975,False,0.0008205015626613354,COMPLETE
927,1.0036533021432523,330,0.5798773347620506,True,-2.267973601374762e-05,COMPLETE
928,1.003157854530683,80,0.6053099580926956,True,-4.309711822367279e-05,COMPLETE
929,1.003368280930363,150,0.5634218044943227,True,-5.634804348608746e-05,COMPLETE
930,1.0036305002847847,280,0.6170626646621531,True,-4.470357802521807e-05,COMPLETE
931,1.0030057386791043,80,0.5518892988913374,True,-3.72463655606281e-05,COMPLETE
932,1.0028734362745408,80,0.5025993489549037,True,-2.9378546975128428e-05,COMPLETE
933,1.0036258272515317,340,0.5675350351684941,True,-2.1633921524599753e-05,COMPLETE
934,1.0032366841055478,130,0.5042833419091013,True,-4.56780048993799e-05,COMPLETE
935,1.0036738509095848,360,0.5745872786265442,True,-1.5899898200999463e-05,COMPLETE
936,1.00345470236424,270,0.5064136191051215,True,-3.588004182528137e-05,COMPLETE
937,1.0036136861103004,370,0.5252151342460297,True,-6.414802438403644e-06,COMPLETE
938,1.0033513806904073,140,0.5556473142889072,True,-5.286820119584923e-05,COMPLETE
939,1.0042068169287446,400,0.8267062601908909,True,-2.1291900730635582e-05,COMPLETE
940,1.0036340205309686,290,0.6144468422444828,True,-3.798222228887371e-05,COMPLETE
941,1.002873607104281,80,0.502664904125729,True,-2.939058495129987e-05,COMPLETE
942,1.0032760974444375,160,0.5017198249830994,True,-3.8819438624021485e-05,COMPLETE
943,1.0028686837187568,80,0.5007734690793508,True,-2.9041574144128557e-05,COMPLETE
944,1.0032433671630199,170,0.5000546181362732,True,-4.7660540260618944e-05,COMPLETE
945,1.00300150434872,60,0.5534064909968588,True,-6.540750359051994e-06,COMPLETE
946,1.0029986844497727,80,0.5493320114942084,True,-3.689645412888187e-05,COMPLETE
947,1.0032529609665264,190,0.5060471210864543,True,-5.3659049797954994e-05,COMPLETE
948,2.004607419787674,50,0.5005398306665112,False,4.4235616523446986e-05,COMPLETE
949,1.003142879293594,110,0.5017858265312587,True,-4.145492155357977e-05,COMPLETE
950,1.0030307857996952,80,0.5609091360746965,True,-3.842960541419749e-05,COMPLETE
951,1.002874120437523,80,0.5028618619797569,True,-2.9426727347070525e-05,COMPLETE
952,1.0035576078212916,350,0.5040165977795816,True,-7.029956746451571e-06,COMPLETE
953,1.0035389739161702,230,0.580525583096096,True,-5.255682632032688e-05,COMPLETE
954,1.0031497758394854,80,0.6025509255959723,True,-4.2863132351023125e-05,COMPLETE
955,1.002868119616015,80,0.5005564761923407,True,-2.9001311120741002e-05,COMPLETE
956,1.0039076484223728,140,0.7868496664425857,True,-4.644557264582572e-05,COMPLETE
957,1.0037968563343864,390,0.5758365454018651,True,-1.3120068138056107e-05,COMPLETE
958,1.0036646200361856,380,0.5541571850381382,True,-7.377360244587017e-06,COMPLETE
959,1.0028673045167096,80,0.5002428308908764,True,-2.8943033076905822e-05,COMPLETE
960,1.0035490147524486,330,0.5033454819941416,True,-1.0117676566639977e-05,COMPLETE
961,1.0035330577628438,310,0.5049839529213966,True,-1.2411515428578657e-05,COMPLETE
962,1.0030348408147525,80,0.5623607015585428,True,-3.8612610145372095e-05,COMPLETE
963,1.002867673805175,80,0.5003849457818775,True,-2.8969451156740655e-05,COMPLETE
964,1.0028683817433774,80,0.5006573156496837,True,-2.9020027591197817e-05,COMPLETE
965,1.0041422696141673,320,0.8390470112611172,True,-2.8749653452120327e-05,COMPLETE
966,1.0042764011180663,60,0.9307148362467201,True,-1.5780622623001728e-05,COMPLETE
967,1.0030138169714962,80,0.5548086105455781,True,-3.763801380676779e-05,COMPLETE
968,2.0051986420507535,10,0.5656389384387253,False,0.0006354578796032573,COMPLETE
969,1.0034286896463391,200,0.5815864031712423,True,-5.905005303352695e-05,COMPLETE
970,1.0035398800388649,300,0.5023814971330818,True,-1.1882946977959108e-05,COMPLETE
971,1.0044155931448644,140,0.9556775371351176,True,-1.2860891891647297e-05,COMPLETE
972,2.0046965616750105,30,0.5557950917190959,False,0.00013337750385988834,COMPLETE
973,1.0030047974381444,80,0.5515485172662883,True,-3.720010514854377e-05,COMPLETE
974,1.0031868159820985,90,0.5594020330717666,True,-4.419120744864058e-05,COMPLETE
975,1.0030037497237225,80,0.5511690289393388,True,-3.714845705235503e-05,COMPLETE
976,1.0029869308851047,80,0.5450542725259664,True,-3.6296872885116516e-05,COMPLETE
977,1.002994784869869,80,0.5479150958929376,True,-3.669983204104832e-05,COMPLETE
978,1.0034052483671643,240,0.5065533150698873,True,-3.864193989336351e-05,COMPLETE
979,1.003750571238566,350,0.6381585938185698,True,-2.6917497232437082e-05,COMPLETE
980,2.004573020201241,50,0.6031664014072551,False,9.83603009022116e-06,COMPLETE
981,1.0033571166294875,100,0.6033620705766451,True,-5.315532285157798e-05,COMPLETE
982,1.002872211723578,80,0.5021292792123447,True,-2.9292104700345822e-05,COMPLETE
983,1.0032740522754215,200,0.5042208037386167,True,-5.473612042050657e-05,COMPLETE
984,1.0035429406542848,290,0.5621393917738803,True,-3.401506017747247e-05,COMPLETE
985,1.002874105220373,80,0.5028560240802942,True,-2.9425656618009555e-05,COMPLETE
986,2.004567004610996,400,0.559066236611658,False,3.820439845286794e-06,COMPLETE
987,1.0042497733061813,190,0.9028061067681458,True,-2.5950617664000086e-05,COMPLETE
988,1.0032447793917658,150,0.5013380535152696,True,-5.128676607038529e-05,COMPLETE
989,2.0047320252351657,30,0.5089068584662715,False,0.00016884106401524046,COMPLETE
990,1.0028741261201328,80,0.5028640420423817,True,-2.9427127183789814e-05,COMPLETE
991,1.003642720384426,160,0.676064209909854,True,-4.914954209872535e-05,COMPLETE
992,1.0034686346024349,130,0.6151458346623172,True,-5.374688802006755e-05,COMPLETE
993,1.0031710300377927,80,0.6097920231041245,True,-4.346139551039685e-05,COMPLETE
994,1.0033166353175664,210,0.5462560248368568,True,-6.056361929102083e-05,COMPLETE
995,1.003001420932877,80,0.5503249322652486,True,-3.7033072290720837e-05,COMPLETE
996,1.0028812724139529,80,0.505601055695233,True,-2.992545573482497e-05,COMPLETE
997,1.0033982890319255,180,0.5826099401088811,True,-5.427333743734941e-05,COMPLETE
998,2.004629310305813,40,0.5622313109692403,False,6.612613466253081e-05,COMPLETE
999,1.003654941722767,170,0.6889804246706829,True,-5.439028353096398e-05,COMPLETE
