number,value,params_calibration_intercept,params_calibration_slope,params_hist_weight,state,duration,user_attrs_competition_score,user_attrs_prediction_mean
0,0.24804941860982627,0.0,1.0,0.45,COMPLETE,0 days 00:00:00.030502,703.5466028821658,0.49514519242580673
1,0.24913205028119942,0.011696072251927675,0.8919184417479479,0.8348421486656494,COMPLETE,0 days 00:00:00.027563,270.1592323120838,0.453603158131259
2,0.24797683285830782,-0.008614242907277234,0.9937243351232288,0.3605008362562857,COMPLETE,0 days 00:00:00.026398,732.6033438063706,0.48335156384899913
3,0.2480213092475334,-0.023514638561559026,1.0136290439443594,0.39377955108825136,COMPLETE,0 days 00:00:00.024266,714.7990379758551,0.4783327624116599
4,0.25681833813153415,-0.031506833659159406,1.2342104900822668,0.7101479933270735,COMPLETE,0 days 00:00:00.024959,0.0,0.5798665610477957
5,0.26014488486510834,-0.06731516959802139,0.8953854804479882,0.427651521061609,COMPLETE,0 days 00:00:00.023378,0.0,0.3760144421798101
6,0.27199660180545265,0.03227364217347467,1.2273402881617579,0.9574720690679174,COMPLETE,0 days 00:00:00.023755,0.0,0.6404896534370889
7,0.24875697396453822,-0.00447519792897412,0.9355299248522434,0.6464105624033935,COMPLETE,0 days 00:00:00.023857,420.30571605086163,0.45889674333215436
8,0.2511612322581352,0.031079477773447745,1.033481628122145,0.1391462519849035,COMPLETE,0 days 00:00:00.023169,0.0,0.5425427840898891
9,0.2570946194851509,0.02940115040554392,1.1159404391050125,0.2584503058670736,COMPLETE,0 days 00:00:00.023644,0.0,0.5817805954978971
10,0.25024610347853,-0.060095319281599176,1.1999808971622168,0.0405799091041289,COMPLETE,0 days 00:00:00.022776,0.0,0.5336716078930995
11,0.24835466037424833,-0.02363347275210008,0.9926910246756043,0.04959419405615073,COMPLETE,0 days 00:00:00.022496,581.3555298062489,0.4675708423849857
12,0.24968866467504267,-0.0324373192309199,1.1319139115315355,0.3880090777217645,COMPLETE,0 days 00:00:00.022692,47.34139412413407,0.5279675908972529
13,0.25242223739685493,-0.07515977511210492,0.9994584427015837,0.9034959744798203,COMPLETE,0 days 00:00:00.022476,0.0,0.42008430381999284
14,0.25053037387271154,-0.08451113247103365,1.0498600452665532,0.44750787220251625,COMPLETE,0 days 00:00:00.021545,0.0,0.4353199029492943
15,0.257243862472468,-0.03580330739412202,0.8609246076641675,0.20139919241893697,COMPLETE,0 days 00:00:00.022048,0.0,0.3903060573377859
16,0.24902167192701977,0.0320758542785879,0.8542403332104231,0.43161657395206693,COMPLETE,0 days 00:00:00.021418,314.3446981086817,0.45503613166828055
17,0.2513457764572936,0.046211601034343415,1.0048054098518442,0.7008911531031864,COMPLETE,0 days 00:00:00.021109,0.0,0.5439403135991403
18,0.24866975107879694,-0.0393846245077691,1.0077911434465285,0.3457375531797677,COMPLETE,0 days 00:00:00.021596,455.2218358213067,0.4595332270177558
19,0.24810068104736577,-0.018205623631395395,1.0371684227553764,0.7593135123706598,COMPLETE,0 days 00:00:00.021246,683.0257797788786,0.49560312237866666
20,0.26541045260962826,-0.0003376533488721918,1.2495208411925567,0.34173587028982577,COMPLETE,0 days 00:00:00.021002,0.0,0.6182470374853684
21,0.24811097232930399,-0.009539652396558598,0.9776730188100702,0.45715849874779624,COMPLETE,0 days 00:00:00.022451,678.9060853925721,0.4745561100604121
22,0.2484131102593268,-0.01472022491694654,1.0552237300789962,0.3156063981481881,COMPLETE,0 days 00:00:00.021303,557.9575056452235,0.5076538918479783
23,0.24809230361468293,0.013881772729002088,0.9350804314780081,0.2770533273137271,COMPLETE,0 days 00:00:00.021105,686.3793427851595,0.4767513950181863
24,0.25073973907160785,0.014678432527514837,1.0583370330669037,0.5644207861957744,COMPLETE,0 days 00:00:00.021472,0.0,0.5388069881139709
25,0.24847764382183923,-0.043685434195067145,1.0241687108321573,0.5386923361208131,COMPLETE,0 days 00:00:00.020973,532.1241297055468,0.46350033689648684
26,0.2482325925527578,0.003243776447789979,1.0084773845348098,0.37884834723931354,COMPLETE,0 days 00:00:00.021233,630.2203963955421,0.5025283989818957
27,0.2542637110921102,-0.020455269035631347,0.8638018468150379,0.4783528865570739,COMPLETE,0 days 00:00:00.033623,0.0,0.4072718953256844
28,0.24958869987886242,-0.08191454259960021,1.229062984818393,0.41311289664581957,COMPLETE,0 days 00:00:00.022423,87.35821730756487,0.5266133725807018
29,0.2512225682256053,-0.0850220036602439,1.0396265000683638,0.011352854874047358,COMPLETE,0 days 00:00:00.022314,0.0,0.42937477352075254
30,0.25093502770655424,-0.07880609303425117,1.245531142973332,0.9837557767287839,COMPLETE,0 days 00:00:00.021470,0.0,0.5384510180784415
31,0.24914645470556726,0.01573432236070573,0.883584738007043,0.169778479355326,COMPLETE,0 days 00:00:00.020605,264.39300935148236,0.45303655480842236
32,0.24802305387297785,0.005222561158535206,0.959496656247775,0.30986541878999047,COMPLETE,0 days 00:00:00.020631,714.100648436744,0.48020383485079937
33,0.2479914805101845,-0.003679391560121769,0.9990563885334403,0.3155792390933845,COMPLETE,0 days 00:00:00.021010,726.7397546469989,0.49088982679300436
34,0.24939685903228817,-0.02044946661351008,0.9477653360542128,0.27394291914730673,COMPLETE,0 days 00:00:00.021731,164.1538646760754,0.44869686147442545
35,0.24823562915265412,0.002202977097089765,1.0108440522106976,0.3470229144251707,COMPLETE,0 days 00:00:00.021011,629.0048176540996,0.5026332561173643
36,0.24899466872180584,0.0323077342092529,0.9810748274623529,0.40000363256169885,COMPLETE,0 days 00:00:00.020225,325.1543283957714,0.5180424982699519
37,0.24798546610246563,-0.016215022391239828,1.005259743705395,0.39064836130346337,COMPLETE,0 days 00:00:00.021030,729.1473771244616,0.48148619189858144
38,0.2482506595435937,-0.01826590759334662,1.0535200100347306,0.46743904852557183,COMPLETE,0 days 00:00:00.020549,622.9880145435129,0.5033943382087332
39,0.2498770474219439,-0.03252964087736957,0.9597180227639595,0.3764493182375347,COMPLETE,0 days 00:00:00.020533,0.0,0.44261296304433273
40,0.2479738711295968,-0.03213371948181253,1.0418772777035217,0.17448324372252938,COMPLETE,0 days 00:00:00.020568,733.7889509268281,0.4835143527175036
41,0.24839858234983395,-0.017189083808576585,1.059115990438879,0.1723897682352059,COMPLETE,0 days 00:00:00.020777,563.773160832004,0.5069890125153483
42,0.24802609034507683,-0.05298771144762752,1.0727959689536863,0.16816691913706613,COMPLETE,0 days 00:00:00.021996,712.8851208537457,0.47795721660357765
43,0.2486109134809117,-0.03773701194606316,1.0073311347382832,0.2218846796484944,COMPLETE,0 days 00:00:00.021417,478.7750649687616,0.46085207767221287
44,0.2527518812979986,-0.009973566367017846,1.1423233375825081,0.13063082223261946,COMPLETE,0 days 00:00:00.021057,0.0,0.5553469138340669
45,0.2481442615982249,-0.029463264549521927,1.013974227530363,0.40460602153325315,COMPLETE,0 days 00:00:00.020297,665.5800862487072,0.4725639263442916
46,0.26456342419579937,-0.09425767486098577,0.9121041267474758,0.7495257896095842,COMPLETE,0 days 00:00:00.020645,0.0,0.3575875310917366
47,0.2661061310831773,0.04876715535333107,1.1545994519173348,0.6911806736015944,COMPLETE,0 days 00:00:00.020543,0.0,0.6206870219998535
48,0.24827400323951845,0.010133631242398182,0.9955251819444438,0.11432580995169314,COMPLETE,0 days 00:00:00.020091,613.6433193311697,0.5027925309879842
49,0.24797062353530003,-0.020229753729174276,1.0274201811358,0.21881119545688058,COMPLETE,0 days 00:00:00.020283,735.088992658628,0.4883000625795671
50,0.2479896083631461,-0.015317493472516822,1.01058446877551,0.12097013683571395,COMPLETE,0 days 00:00:00.020319,727.4891922477433,0.48479928370246483
51,0.24848346672742244,-0.0005887954589033212,1.0278029549344483,0.0195267548208424,COMPLETE,0 days 00:00:00.021038,529.7931672863742,0.5079646131829632
52,0.2488475227594815,-0.04237177488634673,1.0087035912022992,0.1172305953435255,COMPLETE,0 days 00:00:00.020226,384.05820437499295,0.4568111413627368
53,0.24836184057133098,-0.026115940508403577,1.0743989438656303,0.0497432022288366,COMPLETE,0 days 00:00:00.020246,578.4812311725562,0.5055192944052603
54,0.24798162027804405,-0.016040931289415195,1.009494956112044,0.1985543882429604,COMPLETE,0 days 00:00:00.019844,730.6868958525947,0.4836000924312064
55,0.24800265803379037,-0.018839767473685803,1.009388230546152,0.20846544246880266,COMPLETE,0 days 00:00:00.020638,722.2652896067383,0.4807565345126835
56,0.2567405480571529,-0.02894497835398504,0.8520895354775377,0.9731505183777172,COMPLETE,0 days 00:00:00.020087,0.0,0.3933240380190036
57,0.24801059695902192,-0.024920722915353594,1.0467989289466346,0.21114853158499636,COMPLETE,0 days 00:00:00.020076,719.0872651481661,0.49319426372883723
58,0.24892120339962615,-0.01802055129036275,0.9573589716894475,0.18083915361307704,COMPLETE,0 days 00:00:00.019989,354.56316950897013,0.45580247232924914
59,0.2501391564726465,-0.0018517098712858109,1.0803745150779143,0.224464862787036,COMPLETE,0 days 00:00:00.020773,0.0,0.532893222776678
60,0.2490186856735153,0.025973158556631404,0.9897944649077375,0.9813641051979586,COMPLETE,0 days 00:00:00.019703,315.54012272850815,0.5164910294229524
61,0.24802651563390934,-0.01717281602672564,1.0335789998454268,0.2938292119454171,COMPLETE,0 days 00:00:00.019705,712.7148738401589,0.494468145189377
62,0.24798136773727386,-0.008246677423336648,0.9942150192972227,0.2442338223446595,COMPLETE,0 days 00:00:00.019466,730.7879902351489,0.4838684468966067
63,0.24810151966539193,-0.03224555323303596,1.0267633825360758,0.05807687050004734,COMPLETE,0 days 00:00:00.019772,682.6900733046704,0.4758255313615569
64,0.24867691977640383,-0.015754822342435186,0.9625750582255294,0.055873936097556476,COMPLETE,0 days 00:00:00.019915,452.3521405330522,0.460552376622986
65,0.24816047837925578,-0.0237016676712083,1.0025511194110468,0.21675158020959814,COMPLETE,0 days 00:00:00.020535,659.0883603220354,0.4725173360064503
66,0.24800377888910327,-0.010563837995273658,0.995176968288514,0.16438597357311627,COMPLETE,0 days 00:00:00.020097,721.8166009624882,0.4819630826096079
67,0.25504436123360885,-0.0588530301799414,0.9314442071631189,0.2768393840751686,COMPLETE,0 days 00:00:00.020026,0.0,0.4022164810027187
68,0.24815137758648453,-0.048968774407740945,1.110189331021422,0.24575462281327626,COMPLETE,0 days 00:00:00.019822,662.7314909947612,0.500552515620061
69,0.2480177432471409,0.004317984082841507,0.9618612587130363,0.5024004095905064,COMPLETE,0 days 00:00:00.020446,716.226540583087,0.4806197769083396
70,0.24806040885047972,-0.01631976582006124,1.0357224498679045,0.32368978930020936,COMPLETE,0 days 00:00:00.021204,699.1471089225043,0.4964072877817642
71,0.24926553551616448,-0.03941251591299945,1.1300426598485473,0.905974739929239,COMPLETE,0 days 00:00:00.020606,216.72387057168896,0.5205399337265083
72,0.24965519281970208,0.01468639634870137,1.035526583899845,0.2016030102678644,COMPLETE,0 days 00:00:00.020555,60.74048428353906,0.5272141113696064
73,0.24834374604792267,-0.0039384077232078145,0.9527679699489314,0.20306696626800166,COMPLETE,0 days 00:00:00.019937,585.724634565421,0.4676295537382069
74,0.24903866890914908,0.010706548230685297,1.026696349017932,0.37298801240391044,COMPLETE,0 days 00:00:00.033274,307.54065053884005,0.5190062813955897
75,0.24845586061910085,-0.015656202027952905,0.9693857292451625,0.40986701737284736,COMPLETE,0 days 00:00:00.020397,540.8441452075974,0.4642989772075872
76,0.2500869757807131,-0.00911201339314278,1.0936983662660995,0.4383555872571977,COMPLETE,0 days 00:00:00.019763,0.0,0.5324171616127218
77,0.24854912292427306,-0.07938569270568105,1.0936970760804061,0.6836304759271763,COMPLETE,0 days 00:00:00.020485,503.5103905423388,0.46236007389373285
78,0.24815653460101705,-0.008333944603413917,0.9718918776058239,0.34860959778067124,COMPLETE,0 days 00:00:00.020312,660.6670908600342,0.4728138493861397
79,0.2479870168975201,-0.005560522787560992,0.9878725209654771,0.23976837603560938,COMPLETE,0 days 00:00:00.019989,728.5265796651674,0.48341162860065096
80,0.2480603002443605,0.006688770241612976,0.9867296033308235,0.2488697921692307,COMPLETE,0 days 00:00:00.020442,699.1905849464297,0.4951024784286764
81,0.24809329127496887,-0.00685199098879407,1.0187773544617929,0.2550228935032081,COMPLETE,0 days 00:00:00.020579,685.983973329729,0.49742986366091757
82,0.24802176856857777,-0.005078294563782784,0.9788337284888772,0.3159403547462881,COMPLETE,0 days 00:00:00.019938,714.6151675562762,0.4794802584063118
83,0.24816208201437245,-0.0041452282773041344,1.0185891333123989,0.22341158266778266,COMPLETE,0 days 00:00:00.020617,658.4464105020338,0.5000173850311582
84,0.24850485877673745,-0.04419580035120516,1.0242695192202675,0.2628165479870634,COMPLETE,0 days 00:00:00.019443,521.2297340810857,0.4628110704829944
85,0.25145017823463855,-0.031242706672408183,0.9268001776128825,0.22968286524762857,COMPLETE,0 days 00:00:00.019746,0.0,0.42749259535735246
86,0.24863632203300837,0.04725691664488263,0.9367482791362954,0.12153994902778528,COMPLETE,0 days 00:00:00.020608,468.6037889250816,0.5108341649363622
87,0.24798790089024644,-0.011427370966061976,1.010822729333391,0.5939697757129092,COMPLETE,0 days 00:00:00.021281,728.1727092830148,0.48919449039151075
88,0.24869139064137047,-0.02607045778439069,0.9807108559158718,0.6135013804668396,COMPLETE,0 days 00:00:00.021081,446.55932079241677,0.4596536549725473
89,0.24812808191869642,-0.033736642590395494,1.0745911738263814,0.6376928335288008,COMPLETE,0 days 00:00:00.020531,672.0569601042614,0.498505339254064
90,0.24800934306618758,-0.02145844983431661,1.0140848486404797,0.6167046933558455,COMPLETE,0 days 00:00:00.021216,719.5892099303269,0.4807976842641574
91,0.2485857774720224,-0.001805741660469656,1.0360473283476892,0.46339563112953747,COMPLETE,0 days 00:00:00.020278,488.83723947114044,0.5111993507235517
92,0.2488296539277934,-0.0082015110783446,1.0579152728171626,0.10282566399091576,COMPLETE,0 days 00:00:00.021012,391.21126130583497,0.5153227310617159
93,0.24910479585061326,0.016249189104916767,1.0152784767981884,0.7441949841681675,COMPLETE,0 days 00:00:00.021931,281.0694304158812,0.519201320834869
94,0.24843952704961325,-0.033249643760544664,1.005007346039904,0.3663627401605248,COMPLETE,0 days 00:00:00.019892,547.3826226228051,0.4643068445281118
95,0.24797004123874106,-0.013883415727420806,1.0082106879678565,0.5180544884002816,COMPLETE,0 days 00:00:00.021815,735.3220913026593,0.4853828214598483
96,0.24851879839492094,-0.004435680788316729,1.037846330630358,0.5791117507388251,COMPLETE,0 days 00:00:00.020960,515.6495772918101,0.5095574501865531
97,0.24935118564209102,-0.03228836753245982,0.9733669327216402,0.8383621009034794,COMPLETE,0 days 00:00:00.020405,182.43734095518826,0.4499757041802206
98,0.24803097810733074,-0.017062982519151275,1.0008586379024962,0.5392219685633187,COMPLETE,0 days 00:00:00.020814,710.9285048713998,0.47857967311107297
99,0.24809281962453514,-0.0025285513326016567,0.9669077027922609,0.6176575845743367,COMPLETE,0 days 00:00:00.020483,686.1727793167627,0.47636242322180794
100,0.24797958062364034,-0.034094079995276166,1.0576550017148025,0.13637156592572508,COMPLETE,0 days 00:00:00.021714,731.5033881853617,0.489330094546138
101,0.24803024280625838,-0.04471044097871807,1.0612628959950536,0.014559067441938064,COMPLETE,0 days 00:00:00.021141,711.2228526230501,0.4803945635589671
102,0.24802910856458055,-0.04288611285106414,1.0517618674240305,0.21564656721544626,COMPLETE,0 days 00:00:00.021343,711.6768999517409,0.4776891199835863
103,0.24980914979425478,-0.01742760209287098,1.1044902772432887,0.3454767494222654,COMPLETE,0 days 00:00:00.020940,0.0,0.5293619630425614
104,0.24826288390278595,-0.03156652216927466,1.0811866112660016,0.15854447425071164,COMPLETE,0 days 00:00:00.020903,618.0944916332587,0.5035226523919138
105,0.2481541545150848,-0.016581865892588355,1.0421720361857392,0.08557007848767752,COMPLETE,0 days 00:00:00.020972,661.6198610506552,0.4991370517006526
106,0.24913670548053576,-0.02873741522692748,0.9718052543351756,0.21047572533781259,COMPLETE,0 days 00:00:00.021041,268.2957133949837,0.4522587896800842
107,0.2716348071474463,0.030031303598652255,1.2324713424540046,0.05236103808078174,COMPLETE,0 days 00:00:00.021930,0.0,0.6398867046061271
108,0.2613170223964551,-0.06218489599961683,0.8756430298342883,0.022732707769403754,COMPLETE,0 days 00:00:00.019960,0.0,0.3710825721773625
109,0.24851441419594944,-0.031031310039201742,0.998730534016728,0.13045201335049456,COMPLETE,0 days 00:00:00.021047,517.4046122816023,0.4632268752848133
110,0.24795356490926668,-0.03594653675478941,1.0599223963998718,0.3652965934584849,COMPLETE,0 days 00:00:00.022597,741.9177168476732,0.4887962403223352
111,0.24831123863362375,-0.043927422678909034,1.0324410941083781,0.4687950158467109,COMPLETE,0 days 00:00:00.020326,598.7376501454755,0.4672965352319084
112,0.2479431483179918,-0.06608569574096923,1.1205461046007568,0.376692175254892,COMPLETE,0 days 00:00:00.022397,746.0875737087757,0.4886808011028155
113,0.24863584627116683,-0.047430839397173075,1.1310185123322378,0.40235251173838993,COMPLETE,0 days 00:00:00.021243,468.79424074629526,0.5125438999841088
114,0.24832929035083137,-0.08104101290361984,1.1056533825355142,0.450629208778104,COMPLETE,0 days 00:00:00.022125,591.5113824666806,0.4664185073058998
115,0.24809924727510152,-0.07849548182134733,1.1663517905967404,0.30681540396508156,COMPLETE,0 days 00:00:00.021046,683.599731943807,0.4988827627158525
116,0.24797574279061102,-0.04711586842617268,1.066038347472771,0.3234183963762723,COMPLETE,0 days 00:00:00.020510,733.0397078860074,0.4806186210050757
117,0.24905801092399213,-0.06206167436605768,1.0401364968914855,0.33110798705829364,COMPLETE,0 days 00:00:00.020665,299.7978649026733,0.4528567701728888
118,0.24795130279275276,-0.07009666801645009,1.1159248265997948,0.3991538292894071,COMPLETE,0 days 00:00:00.020863,742.8232628000186,0.4824021972937368
119,0.2582707285922203,-0.0970800920810845,0.9729076765619276,0.4654647475710291,COMPLETE,0 days 00:00:00.020351,0.0,0.3846626505041288
120,0.24818157100095595,-0.05647833641919664,1.126514593523064,0.5166311094131355,COMPLETE,0 days 00:00:00.020630,650.644790732513,0.5013707320719839
121,0.24810351259036592,-0.06098930778157897,1.1312641182950578,0.2922882314169756,COMPLETE,0 days 00:00:00.020778,681.8922871904554,0.4990062047946521
122,0.24799123418149005,-0.04671901130441959,1.090242771634513,0.4343422253663013,COMPLETE,0 days 00:00:00.020423,726.8383622787588,0.49309563196527195
123,0.25297833521822716,-0.03232529571797584,1.1907612305561048,0.24014192096467674,COMPLETE,0 days 00:00:00.033664,0.0,0.5570720446925683
124,0.2479805112832588,-0.031554546548586575,1.0572878444936895,0.33916062448596734,COMPLETE,0 days 00:00:00.021896,731.1308366190317,0.49186154850218816
125,0.24797755134865207,-0.04276813613984466,1.0800004636035032,0.4204335897914895,COMPLETE,0 days 00:00:00.021055,732.315725543109,0.49196304334457464
126,0.25021991513373,-0.07842203123149767,1.0439751091733454,0.43270756433949764,COMPLETE,0 days 00:00:00.021745,0.0,0.4384826061171297
127,0.24814997392174973,-0.04069057734348585,1.0934077914974634,0.3236251204761414,COMPLETE,0 days 00:00:00.021262,663.2933908399807,0.5005931382758062
128,0.24796532002474833,-0.04543291970864054,1.0645873258353613,0.3908275192564412,COMPLETE,0 days 00:00:00.021071,737.2120364911416,0.4816413646898831
129,0.24893971524452044,-0.0431275729530744,1.1323190545382138,0.514193765466666,COMPLETE,0 days 00:00:00.021256,347.1527085042947,0.5175936248056603
130,0.24820806346392174,-0.05165353652975959,1.053639228798043,0.3637729744527586,COMPLETE,0 days 00:00:00.022148,640.0396152436927,0.46997729130269
131,0.24803723746804895,-0.03710711008860841,1.0763900808423912,0.3949777607838282,COMPLETE,0 days 00:00:00.022450,708.4228254655267,0.49581430369725676
132,0.24799482931001382,-0.06377448432893507,1.126240157822162,0.32224660899575225,COMPLETE,0 days 00:00:00.021899,725.3991994138787,0.49376140245554306
133,0.24796527342481045,-0.04593040132260079,1.0655601135308455,0.3936033644768851,COMPLETE,0 days 00:00:00.022436,737.2306908729365,0.48162790282395535
134,0.24800159061991023,-0.05693279264476557,1.0812793821332407,0.4109886508542949,COMPLETE,0 days 00:00:00.021034,722.6925851561483,0.47842333654161057
135,0.2483105260624455,-0.09352432914011433,1.2071961069606196,0.5981119603432578,COMPLETE,0 days 00:00:00.020939,599.0228989123935,0.5043578094942598
136,0.25804645168990714,0.028996182303450406,1.1235829454331985,0.9617551641875934,COMPLETE,0 days 00:00:00.022004,0.0,0.5857985027065301
137,0.24795069995196792,-0.040885016596361096,1.0647560596963086,0.4830702691488271,COMPLETE,0 days 00:00:00.021444,743.0645854857643,0.48635234148095075
138,0.2479838929341703,-0.043116510521030584,1.0820871796931864,0.37873949602879575,COMPLETE,0 days 00:00:00.020759,729.7771307969269,0.49261131159649496
139,0.24860641741368336,-0.09092993067269248,1.1141649432369725,0.17897934156871217,COMPLETE,0 days 00:00:00.020985,480.5748818460187,0.46049896004567115
140,0.24828095914603002,-0.05064836331110478,1.0484128518614138,0.6259797306256032,COMPLETE,0 days 00:00:00.020916,610.8588062666676,0.4686176250816472
141,0.24851644999241276,-0.041706263428367946,1.0183638916973192,0.4332980173356244,COMPLETE,0 days 00:00:00.021209,516.5896643176793,0.4625179482746457
142,0.2496658064685614,-0.062789170802004,1.0253976332982664,0.29063036920940216,COMPLETE,0 days 00:00:00.021278,56.49174346713526,0.44479920458828665
143,0.24923117452605997,-0.027034313789569393,1.1091991135839325,0.24100200004909939,COMPLETE,0 days 00:00:00.020721,230.47888951797103,0.5219925697376858
144,0.24802186716108288,-0.03695166522085638,1.0728120809218205,0.528393020647013,COMPLETE,0 days 00:00:00.021436,714.5757000737718,0.4943141828543813
145,0.24845266908258284,0.0341625657865907,0.8729608733262572,0.7747761053126905,COMPLETE,0 days 00:00:00.020702,542.1217464973038,0.4666345334683027
