number,value,params_calibration_intercept,params_calibration_slope,params_hist_weight,state,duration,user_attrs_competition_score,user_attrs_prediction_mean
146,0.24813748361717392,-0.060894598476191025,1.0774469309023245,0.23125644768059264,COMPLETE,0 days 00:00:00.027043,668.2933741222641,0.4724072152926033
147,0.2554388614836441,-0.017116523195601873,1.190062246266299,0.68094132356518,COMPLETE,0 days 00:00:00.025715,0.0,0.5723596340148075
148,0.2480284915954904,-0.03789409980764957,1.0408155210571028,0.3382409386862913,COMPLETE,0 days 00:00:00.025318,711.9238783274695,0.47736650683252047
149,0.24810648762720144,-0.050565375410762295,1.059165685661251,0.5431878000881143,COMPLETE,0 days 00:00:00.023490,680.7013527059147,0.47395534881465384
150,0.24821498027027236,-0.028424207606898313,1.0726095422249826,0.3379077134349306,COMPLETE,0 days 00:00:00.022496,637.2707543316203,0.502575888938369
151,0.24802507872216575,-0.026045932213892158,1.051687590250827,0.2525901911786915,COMPLETE,0 days 00:00:00.022557,713.2900827674149,0.49452399948518794
152,0.2480352830767,-0.0463205128131769,1.0569422510974358,0.2836022342780094,COMPLETE,0 days 00:00:00.023215,709.2051862168103,0.4768769420623071
153,0.24806403093173762,-0.0865727934357221,1.1339057614215255,0.4088814529505483,COMPLETE,0 days 00:00:00.022687,697.6971566313828,0.47483743706305004
154,0.2479602245403,-0.023910587430526188,1.0273792390891339,0.46116216083371886,COMPLETE,0 days 00:00:00.022662,739.251805569796,0.4848005900487225
155,0.2515289160141022,-0.04515883764147567,0.9527694730256318,0.4813958214878662,COMPLETE,0 days 00:00:00.022426,0.0,0.42662460954220166
156,0.24823440816720396,-0.02677686884130158,1.0701459643100222,0.43628848460343744,COMPLETE,0 days 00:00:00.021834,629.4935893090825,0.5030888783232181
157,0.2479605491480892,-0.018728438782809893,1.0215804187185185,0.4460138955578585,COMPLETE,0 days 00:00:00.022533,739.1218620996898,0.48709889666950845
158,0.24796628331578535,-0.021116402044236846,1.0311926779058906,0.41353791438811116,COMPLETE,0 days 00:00:00.022284,736.8264222691768,0.4894432473734493
159,0.24953997222105942,-0.012644790438028809,1.0877304954984381,0.5047183865211314,COMPLETE,0 days 00:00:00.022502,106.86434487401364,0.525987932625137
160,0.24800500305636503,-0.024101079018484413,1.0435283155595843,0.5408673169234502,COMPLETE,0 days 00:00:00.022615,721.3265555991999,0.492673735658729
161,0.24835202310804289,-0.02422409278122429,0.9913004423523271,0.4851342871828835,COMPLETE,0 days 00:00:00.021340,582.4112516149671,0.46664175925399176
162,0.24796601017364253,-0.012422427850211729,1.0094261356350445,0.45556508994006983,COMPLETE,0 days 00:00:00.021770,736.9357635698237,0.4873946193318552
163,0.2480057329510841,-0.005837836988202508,0.9824202365436098,0.4592879638572348,COMPLETE,0 days 00:00:00.021239,721.0343720602697,0.4806102091230173
164,0.24795663317404065,-0.02253964392786522,1.0286910186720153,0.42085817606197884,COMPLETE,0 days 00:00:00.021879,740.6894623657734,0.4867874927367662
165,0.24848240920862683,-0.0076952198072233,1.043736081350687,0.4534801569544852,COMPLETE,0 days 00:00:00.022525,530.2165017428417,0.5091086244750479
166,0.2479663139588418,-0.018375417571832385,1.0155564716238583,0.4803674857208007,COMPLETE,0 days 00:00:00.022099,736.8141555731178,0.4844974607188727
167,0.2494149006146022,-0.03264893884239189,0.9713290201608397,0.3542751824099528,COMPLETE,0 days 00:00:00.022789,156.93165408797728,0.4482246615758967
168,0.25104359125532205,0.02126830893432456,1.0509538830157,0.4953217696167804,COMPLETE,0 days 00:00:00.023262,0.0,0.5416816425800326
169,0.2486097166116492,-0.004640457005068507,1.0427247370871373,0.479321383002944,COMPLETE,0 days 00:00:00.021295,479.2541826930119,0.5116844421032246
170,0.24802833254537016,-0.021806259024612935,1.0094866243954599,0.41122307495898025,COMPLETE,0 days 00:00:00.022832,711.9875475468551,0.4780044909462331
171,0.2480286319594008,-0.012947744306668962,1.0246071419678318,0.4683488255926696,COMPLETE,0 days 00:00:00.021664,711.8676893689612,0.4943967804218876
172,0.24914926175344992,-0.058283723414087704,1.029726447457863,0.4751969026212709,COMPLETE,0 days 00:00:00.020606,263.2693223828642,0.45160138720941456
173,0.24796118916265325,-0.028623249004533446,1.0349688111443218,0.45912498517648237,COMPLETE,0 days 00:00:00.021891,738.8656584097597,0.48384422982788183
174,0.24983278039746476,-0.030632136436359564,0.956832043313132,0.4968446448051358,COMPLETE,0 days 00:00:00.020961,0.0,0.4431749463858705
175,0.2479868179701012,-0.025825898170286007,1.0235209036098283,0.473813393504728,COMPLETE,0 days 00:00:00.020837,728.6062121323212,0.4809852939334256
176,0.24800898113694303,-0.029806573389075938,1.0285620023177404,0.5444040651645354,COMPLETE,0 days 00:00:00.020969,719.7340935207297,0.47955958778264485
177,0.24803076173132396,-0.023418582832575193,1.012308768765633,0.4008410091586321,COMPLETE,0 days 00:00:00.022752,711.0151221680461,0.477780938998487
178,0.24799955334347515,-0.02029802143099192,1.0366472115220804,0.34167547351492583,COMPLETE,0 days 00:00:00.021133,723.5081255663079,0.4929019271827328
179,0.24820170269280462,-0.05885676588719207,1.133172822556421,0.46195327057736096,COMPLETE,0 days 00:00:00.021288,642.5858901607628,0.5022392780444188
180,0.27178985210366796,0.03404182451127747,1.2245115968255644,0.544661916599773,COMPLETE,0 days 00:00:00.021337,0.0,0.6404467208289317
181,0.2484744049711916,-0.03965535341482413,1.0160936116504318,0.4381421730063735,COMPLETE,0 days 00:00:00.020822,533.4206712745427,0.4634487566054913
182,0.2479980451128347,-0.03100172040783638,1.0322143495197809,0.5239693644339098,COMPLETE,0 days 00:00:00.021270,724.1118841009642,0.48015608131575443
183,0.2479967564211831,-0.03847413602116686,1.07402439726089,0.4308803616673389,COMPLETE,0 days 00:00:00.020404,724.6277591682837,0.4933072519006116
184,0.24814307558865142,-0.06590571675425225,1.0865367539362314,0.4880818608042829,COMPLETE,0 days 00:00:00.020780,666.054856740017,0.47212124016003754
185,0.24832148709730756,-0.017951399514855925,1.0571024230876964,0.41311697625222826,COMPLETE,0 days 00:00:00.021398,594.6350962984459,0.5054362103079657
186,0.24801620280186715,0.0051629903469101734,0.9838882036325781,0.49481373150937175,COMPLETE,0 days 00:00:00.021428,716.8431949304166,0.4923662091210113
187,0.24922329600593265,-0.03872902189352003,1.1323022288509268,0.45010455216141165,COMPLETE,0 days 00:00:00.020801,233.63273326025836,0.5219250789613191
188,0.24821501685046762,-0.06852961779808434,1.0868272936702923,0.3744903210615247,COMPLETE,0 days 00:00:00.020429,637.2561109445285,0.4695412357444649
189,0.24842237900497932,-0.0131756041694829,0.9660130195506623,0.4501055807176892,COMPLETE,0 days 00:00:00.023128,554.247141896369,0.46514118087378187
190,0.2511502894340276,0.00018555310246520448,1.0959570951981863,0.3693360219192319,COMPLETE,0 days 00:00:00.021909,0.0,0.5427718513270677
191,0.2479749515769799,-0.032322256980034055,1.0523225887762682,0.14328029828737104,COMPLETE,0 days 00:00:00.022158,733.3564379468527,0.4884688405360651
192,0.27143665362185027,-0.09012057677259783,0.8548084086228148,0.558561611354161,COMPLETE,0 days 00:00:00.021084,0.0,0.33320884487762686
193,0.24801778092763446,-0.021993977177636893,1.0427782715249518,0.33234298574265086,COMPLETE,0 days 00:00:00.020777,716.2114567365152,0.49423331789511266
194,0.24851922521822045,-0.04294514635943848,1.1165620879371791,0.09279769310905225,COMPLETE,0 days 00:00:00.021492,515.4787160170482,0.509592229486535
195,0.2496510176850339,-0.024901581214152133,1.1152797937362504,0.5088879878966738,COMPLETE,0 days 00:00:00.021330,62.411828918529366,0.5273770308684536
196,0.25151573849494024,-0.05609348149321439,0.9757111519809992,0.15367694424136136,COMPLETE,0 days 00:00:00.021169,0.0,0.4267910745352069
197,0.24794485967530852,-0.046012162213623864,1.0776649856624978,0.32481473054852805,COMPLETE,0 days 00:00:00.021185,745.4025017057942,0.4874792279944508
198,0.24796039770155903,-0.048396860119885574,1.072737409390802,0.25912795237985486,COMPLETE,0 days 00:00:00.020434,739.1824875323528,0.4825981025841755
199,0.24799289881068787,-0.036043776600007904,1.0670338003749786,0.19241280482343961,COMPLETE,0 days 00:00:00.020727,726.1719959696155,0.49207030657976136
